<?xml version="1.0" encoding="UTF-8"?>
<coverage generated="1773867413492" clover="3.2.0">
  <project timestamp="1773867413492" name="All files">
    <metrics statements="912" coveredstatements="893" conditionals="645" coveredconditionals="598" methods="124" coveredmethods="121" elements="1681" coveredelements="1612" complexity="0" loc="912" ncloc="912" packages="3" files="17" classes="17"/>
    <package name="client.preview.js">
      <metrics statements="183" coveredstatements="183" conditionals="67" coveredconditionals="66" methods="21" coveredmethods="21"/>
      <file name="bom.js" path="C:\Users\porte\ravenwingweb\client\preview\js\bom.js">
        <metrics statements="183" coveredstatements="183" conditionals="67" coveredconditionals="66" methods="21" coveredmethods="21"/>
        <line num="4" count="2" type="stmt"/>
        <line num="136" count="82" type="cond" truecount="2" falsecount="0"/>
        <line num="137" count="82" type="cond" truecount="2" falsecount="0"/>
        <line num="138" count="82" type="cond" truecount="2" falsecount="0"/>
        <line num="140" count="82" type="stmt"/>
        <line num="141" count="82" type="cond" truecount="4" falsecount="0"/>
        <line num="143" count="80" type="stmt"/>
        <line num="144" count="80" type="stmt"/>
        <line num="145" count="80" type="stmt"/>
        <line num="146" count="80" type="stmt"/>
        <line num="147" count="80" type="stmt"/>
        <line num="148" count="80" type="stmt"/>
        <line num="150" count="218" type="cond" truecount="2" falsecount="0"/>
        <line num="151" count="400" type="cond" truecount="2" falsecount="0"/>
        <line num="153" count="80" type="cond" truecount="2" falsecount="0"/>
        <line num="154" count="26" type="stmt"/>
        <line num="155" count="26" type="stmt"/>
        <line num="156" count="26" type="stmt"/>
        <line num="157" count="26" type="stmt"/>
        <line num="158" count="26" type="stmt"/>
        <line num="159" count="26" type="stmt"/>
        <line num="161" count="26" type="stmt"/>
        <line num="162" count="26" type="stmt"/>
        <line num="163" count="26" type="stmt"/>
        <line num="164" count="26" type="stmt"/>
        <line num="165" count="26" type="stmt"/>
        <line num="166" count="26" type="stmt"/>
        <line num="167" count="26" type="stmt"/>
        <line num="169" count="54" type="cond" truecount="2" falsecount="0"/>
        <line num="170" count="13" type="stmt"/>
        <line num="171" count="13" type="stmt"/>
        <line num="172" count="13" type="stmt"/>
        <line num="174" count="13" type="stmt"/>
        <line num="175" count="13" type="stmt"/>
        <line num="176" count="13" type="stmt"/>
        <line num="177" count="13" type="stmt"/>
        <line num="178" count="13" type="stmt"/>
        <line num="179" count="13" type="stmt"/>
        <line num="181" count="41" type="cond" truecount="2" falsecount="0"/>
        <line num="182" count="16" type="cond" truecount="2" falsecount="0"/>
        <line num="183" count="16" type="stmt"/>
        <line num="184" count="16" type="stmt"/>
        <line num="185" count="16" type="stmt"/>
        <line num="186" count="16" type="stmt"/>
        <line num="187" count="16" type="stmt"/>
        <line num="188" count="16" type="stmt"/>
        <line num="189" count="16" type="stmt"/>
        <line num="190" count="16" type="stmt"/>
        <line num="191" count="16" type="stmt"/>
        <line num="192" count="16" type="stmt"/>
        <line num="193" count="16" type="stmt"/>
        <line num="194" count="16" type="stmt"/>
        <line num="195" count="16" type="stmt"/>
        <line num="197" count="16" type="stmt"/>
        <line num="198" count="16" type="stmt"/>
        <line num="199" count="16" type="stmt"/>
        <line num="200" count="16" type="stmt"/>
        <line num="201" count="16" type="stmt"/>
        <line num="202" count="16" type="stmt"/>
        <line num="203" count="16" type="stmt"/>
        <line num="204" count="16" type="stmt"/>
        <line num="205" count="16" type="stmt"/>
        <line num="206" count="16" type="stmt"/>
        <line num="207" count="16" type="stmt"/>
        <line num="208" count="16" type="stmt"/>
        <line num="209" count="16" type="stmt"/>
        <line num="211" count="25" type="cond" truecount="2" falsecount="0"/>
        <line num="212" count="13" type="stmt"/>
        <line num="213" count="13" type="stmt"/>
        <line num="214" count="13" type="stmt"/>
        <line num="216" count="13" type="stmt"/>
        <line num="217" count="13" type="stmt"/>
        <line num="218" count="13" type="stmt"/>
        <line num="219" count="13" type="stmt"/>
        <line num="220" count="13" type="stmt"/>
        <line num="221" count="13" type="stmt"/>
        <line num="223" count="12" type="cond" truecount="1" falsecount="1"/>
        <line num="224" count="12" type="stmt"/>
        <line num="225" count="12" type="stmt"/>
        <line num="226" count="12" type="stmt"/>
        <line num="228" count="12" type="stmt"/>
        <line num="229" count="12" type="stmt"/>
        <line num="230" count="12" type="stmt"/>
        <line num="231" count="12" type="stmt"/>
        <line num="232" count="12" type="stmt"/>
        <line num="233" count="12" type="stmt"/>
        <line num="236" count="618" type="stmt"/>
        <line num="237" count="604" type="stmt"/>
        <line num="238" count="604" type="stmt"/>
        <line num="239" count="604" type="stmt"/>
        <line num="242" count="80" type="stmt"/>
        <line num="249" count="282" type="stmt"/>
        <line num="250" count="282" type="stmt"/>
        <line num="260" count="11" type="cond" truecount="2" falsecount="0"/>
        <line num="262" count="8" type="cond" truecount="2" falsecount="0"/>
        <line num="263" count="8" type="stmt"/>
        <line num="264" count="8" type="stmt"/>
        <line num="266" count="8" type="stmt"/>
        <line num="267" count="23" type="stmt"/>
        <line num="268" count="23" type="stmt"/>
        <line num="269" count="23" type="stmt"/>
        <line num="270" count="23" type="stmt"/>
        <line num="272" count="23" type="stmt"/>
        <line num="273" count="276" type="stmt"/>
        <line num="274" count="276" type="stmt"/>
        <line num="277" count="8" type="cond" truecount="2" falsecount="0"/>
        <line num="279" count="8" type="stmt"/>
        <line num="290" count="13" type="stmt"/>
        <line num="292" count="13" type="cond" truecount="4" falsecount="0"/>
        <line num="293" count="2" type="stmt"/>
        <line num="294" count="2" type="stmt"/>
        <line num="295" count="60" type="stmt"/>
        <line num="298" count="11" type="stmt"/>
        <line num="299" count="13" type="stmt"/>
        <line num="301" count="11" type="cond" truecount="4" falsecount="0"/>
        <line num="302" count="1" type="stmt"/>
        <line num="306" count="13" type="stmt"/>
        <line num="313" count="84" type="stmt"/>
        <line num="314" count="84" type="stmt"/>
        <line num="315" count="84" type="stmt"/>
        <line num="316" count="84" type="stmt"/>
        <line num="319" count="84" type="stmt"/>
        <line num="320" count="84" type="stmt"/>
        <line num="327" count="7" type="stmt"/>
        <line num="328" count="7" type="cond" truecount="4" falsecount="0"/>
        <line num="329" count="4" type="stmt"/>
        <line num="336" count="7" type="stmt"/>
        <line num="343" count="7" type="stmt"/>
        <line num="350" count="1009" type="stmt"/>
        <line num="354" count="2" type="stmt"/>
        <line num="372" count="9" type="cond" truecount="2" falsecount="0"/>
        <line num="375" count="6" type="stmt"/>
        <line num="376" count="6" type="stmt"/>
        <line num="377" count="6" type="stmt"/>
        <line num="378" count="6" type="stmt"/>
        <line num="380" count="6" type="stmt"/>
        <line num="381" count="23" type="stmt"/>
        <line num="388" count="6" type="stmt"/>
        <line num="389" count="6" type="stmt"/>
        <line num="390" count="23" type="stmt"/>
        <line num="391" count="23" type="stmt"/>
        <line num="392" count="23" type="stmt"/>
        <line num="394" count="6" type="stmt"/>
        <line num="397" count="6" type="stmt"/>
        <line num="404" count="3" type="cond" truecount="2" falsecount="0"/>
        <line num="405" count="1" type="stmt"/>
        <line num="406" count="1" type="stmt"/>
        <line num="407" count="4" type="stmt"/>
        <line num="408" count="4" type="stmt"/>
        <line num="410" count="1" type="stmt"/>
        <line num="426" count="31" type="cond" truecount="2" falsecount="0"/>
        <line num="427" count="31" type="cond" truecount="2" falsecount="0"/>
        <line num="428" count="31" type="cond" truecount="2" falsecount="0"/>
        <line num="430" count="31" type="stmt"/>
        <line num="431" count="31" type="cond" truecount="2" falsecount="0"/>
        <line num="433" count="30" type="stmt"/>
        <line num="434" count="30" type="stmt"/>
        <line num="435" count="30" type="stmt"/>
        <line num="436" count="30" type="stmt"/>
        <line num="439" count="38" type="stmt"/>
        <line num="440" count="38" type="cond" truecount="2" falsecount="0"/>
        <line num="443" count="30" type="cond" truecount="2" falsecount="0"/>
        <line num="444" count="3" type="stmt"/>
        <line num="445" count="3" type="stmt"/>
        <line num="452" count="27" type="stmt"/>
        <line num="453" count="27" type="stmt"/>
        <line num="461" count="30" type="cond" truecount="2" falsecount="0"/>
        <line num="463" count="2" type="stmt"/>
        <line num="464" count="2" type="stmt"/>
        <line num="471" count="2" type="stmt"/>
        <line num="472" count="2" type="stmt"/>
        <line num="473" count="2" type="stmt"/>
        <line num="481" count="30" type="cond" truecount="4" falsecount="0"/>
        <line num="483" count="2" type="stmt"/>
        <line num="484" count="2" type="stmt"/>
        <line num="491" count="2" type="stmt"/>
        <line num="492" count="2" type="stmt"/>
        <line num="500" count="38" type="stmt"/>
        <line num="501" count="37" type="stmt"/>
        <line num="502" count="37" type="stmt"/>
        <line num="503" count="37" type="stmt"/>
        <line num="506" count="30" type="stmt"/>
        <line num="509" count="2" type="stmt"/>
      </file>
    </package>
    <package name="handlers">
      <metrics statements="670" coveredstatements="664" conditionals="543" coveredconditionals="509" methods="84" coveredmethods="84"/>
      <file name="approval.js" path="C:\Users\porte\ravenwingweb\handlers\approval.js">
        <metrics statements="49" coveredstatements="49" conditionals="74" coveredconditionals="70" methods="5" coveredmethods="5"/>
        <line num="1" count="3" type="stmt"/>
        <line num="2" count="3" type="stmt"/>
        <line num="3" count="3" type="stmt"/>
        <line num="4" count="3" type="stmt"/>
        <line num="7" count="3" type="stmt"/>
        <line num="8" count="12" type="stmt"/>
        <line num="9" count="12" type="cond" truecount="2" falsecount="0"/>
        <line num="11" count="11" type="stmt"/>
        <line num="12" count="11" type="stmt"/>
        <line num="13" count="11" type="stmt"/>
        <line num="14" count="11" type="cond" truecount="2" falsecount="0"/>
        <line num="17" count="10" type="cond" truecount="2" falsecount="0"/>
        <line num="19" count="10" type="stmt"/>
        <line num="28" count="10" type="cond" truecount="2" falsecount="0"/>
        <line num="29" count="7" type="stmt"/>
        <line num="35" count="10" type="stmt"/>
        <line num="37" count="10" type="cond" truecount="3" falsecount="0"/>
        <line num="38" count="10" type="stmt"/>
        <line num="40" count="10" type="stmt"/>
        <line num="44" count="3" type="stmt"/>
        <line num="45" count="11" type="stmt"/>
        <line num="46" count="11" type="cond" truecount="1" falsecount="1"/>
        <line num="48" count="11" type="stmt"/>
        <line num="49" count="11" type="cond" truecount="2" falsecount="0"/>
        <line num="51" count="10" type="stmt"/>
        <line num="54" count="10" type="cond" truecount="2" falsecount="0"/>
        <line num="55" count="10" type="stmt"/>
        <line num="56" count="10" type="cond" truecount="2" falsecount="0"/>
        <line num="57" count="9" type="stmt"/>
        <line num="58" count="9" type="cond" truecount="4" falsecount="1"/>
        <line num="62" count="10" type="stmt"/>
        <line num="73" count="3" type="cond" truecount="2" falsecount="0"/>
        <line num="87" count="3" type="stmt"/>
        <line num="88" count="13" type="stmt"/>
        <line num="89" count="13" type="cond" truecount="1" falsecount="1"/>
        <line num="91" count="13" type="stmt"/>
        <line num="92" count="13" type="cond" truecount="1" falsecount="1"/>
        <line num="93" count="13" type="stmt"/>
        <line num="94" count="13" type="cond" truecount="2" falsecount="0"/>
        <line num="96" count="13" type="cond" truecount="2" falsecount="0"/>
        <line num="97" count="3" type="stmt"/>
        <line num="100" count="10" type="stmt"/>
        <line num="101" count="10" type="cond" truecount="2" falsecount="0"/>
        <line num="103" count="9" type="stmt"/>
        <line num="105" count="9" type="stmt"/>
        <line num="111" count="9" type="cond" truecount="2" falsecount="0"/>
        <line num="112" count="9" type="stmt"/>
        <line num="114" count="9" type="stmt"/>
        <line num="120" count="9" type="stmt"/>
      </file>
      <file name="auth.js" path="C:\Users\porte\ravenwingweb\handlers\auth.js">
        <metrics statements="20" coveredstatements="20" conditionals="10" coveredconditionals="10" methods="1" coveredmethods="1"/>
        <line num="1" count="9" type="stmt"/>
        <line num="2" count="9" type="stmt"/>
        <line num="4" count="9" type="stmt"/>
        <line num="5" count="9" type="stmt"/>
        <line num="6" count="9" type="cond" truecount="2" falsecount="0"/>
        <line num="7" count="9" type="cond" truecount="2" falsecount="0"/>
        <line num="8" count="9" type="stmt"/>
        <line num="11" count="9" type="cond" truecount="2" falsecount="0"/>
        <line num="12" count="2" type="stmt"/>
        <line num="13" count="2" type="cond" truecount="4" falsecount="0"/>
        <line num="14" count="1" type="stmt"/>
        <line num="15" count="1" type="stmt"/>
        <line num="18" count="1" type="stmt"/>
        <line num="30" count="1" type="stmt"/>
        <line num="36" count="1" type="stmt"/>
        <line num="41" count="8" type="stmt"/>
        <line num="42" count="8" type="stmt"/>
        <line num="45" count="8" type="stmt"/>
        <line num="63" count="8" type="stmt"/>
        <line num="74" count="8" type="stmt"/>
      </file>
      <file name="billing.js" path="C:\Users\porte\ravenwingweb\handlers\billing.js">
        <metrics statements="92" coveredstatements="92" conditionals="66" coveredconditionals="64" methods="8" coveredmethods="8"/>
        <line num="1" count="2" type="stmt"/>
        <line num="2" count="2" type="stmt"/>
        <line num="3" count="2" type="stmt"/>
        <line num="7" count="29" type="cond" truecount="2" falsecount="0"/>
        <line num="8" count="29" type="stmt"/>
        <line num="12" count="2" type="stmt"/>
        <line num="13" count="2" type="stmt"/>
        <line num="16" count="2" type="stmt"/>
        <line num="22" count="2" type="stmt"/>
        <line num="25" count="25" type="cond" truecount="4" falsecount="0"/>
        <line num="26" count="5" type="stmt"/>
        <line num="27" count="5" type="stmt"/>
        <line num="28" count="4" type="stmt"/>
        <line num="29" count="14" type="stmt"/>
        <line num="31" count="4" type="cond" truecount="2" falsecount="0"/>
        <line num="33" count="1" type="stmt"/>
        <line num="37" count="2" type="stmt"/>
        <line num="38" count="28" type="stmt"/>
        <line num="39" count="28" type="cond" truecount="2" falsecount="0"/>
        <line num="42" count="27" type="stmt"/>
        <line num="43" count="27" type="cond" truecount="4" falsecount="0"/>
        <line num="44" count="1" type="stmt"/>
        <line num="46" count="26" type="stmt"/>
        <line num="48" count="26" type="stmt"/>
        <line num="49" count="26" type="cond" truecount="2" falsecount="0"/>
        <line num="52" count="25" type="cond" truecount="4" falsecount="0"/>
        <line num="53" count="1" type="stmt"/>
        <line num="56" count="24" type="stmt"/>
        <line num="57" count="24" type="stmt"/>
        <line num="58" count="24" type="cond" truecount="1" falsecount="1"/>
        <line num="59" count="24" type="stmt"/>
        <line num="62" count="24" type="stmt"/>
        <line num="67" count="24" type="cond" truecount="2" falsecount="0"/>
        <line num="68" count="24" type="cond" truecount="3" falsecount="0"/>
        <line num="70" count="24" type="cond" truecount="2" falsecount="0"/>
        <line num="73" count="23" type="stmt"/>
        <line num="74" count="23" type="cond" truecount="2" falsecount="0"/>
        <line num="75" count="2" type="stmt"/>
        <line num="79" count="2" type="stmt"/>
        <line num="80" count="2" type="stmt"/>
        <line num="83" count="23" type="stmt"/>
        <line num="85" count="23" type="stmt"/>
        <line num="101" count="23" type="stmt"/>
        <line num="104" count="2" type="stmt"/>
        <line num="105" count="5" type="stmt"/>
        <line num="106" count="5" type="cond" truecount="2" falsecount="0"/>
        <line num="108" count="4" type="stmt"/>
        <line num="109" count="4" type="cond" truecount="4" falsecount="0"/>
        <line num="111" count="1" type="stmt"/>
        <line num="112" count="1" type="cond" truecount="1" falsecount="1"/>
        <line num="113" count="1" type="stmt"/>
        <line num="115" count="1" type="stmt"/>
        <line num="116" count="1" type="stmt"/>
        <line num="121" count="1" type="stmt"/>
        <line num="124" count="2" type="stmt"/>
        <line num="125" count="19" type="stmt"/>
        <line num="126" count="19" type="cond" truecount="2" falsecount="0"/>
        <line num="128" count="18" type="stmt"/>
        <line num="129" count="18" type="cond" truecount="2" falsecount="0"/>
        <line num="131" count="17" type="cond" truecount="2" falsecount="0"/>
        <line num="132" count="17" type="cond" truecount="2" falsecount="0"/>
        <line num="135" count="17" type="stmt"/>
        <line num="136" count="17" type="stmt"/>
        <line num="137" count="17" type="cond" truecount="2" falsecount="0"/>
        <line num="138" count="17" type="cond" truecount="4" falsecount="0"/>
        <line num="139" count="4" type="stmt"/>
        <line num="140" count="4" type="stmt"/>
        <line num="141" count="4" type="stmt"/>
        <line num="142" count="3" type="stmt"/>
        <line num="143" count="3" type="stmt"/>
        <line num="145" count="3" type="stmt"/>
        <line num="146" count="3" type="cond" truecount="2" falsecount="0"/>
        <line num="147" count="2" type="cond" truecount="2" falsecount="0"/>
        <line num="148" count="1" type="stmt"/>
        <line num="155" count="17" type="stmt"/>
        <line num="156" count="17" type="cond" truecount="3" falsecount="0"/>
        <line num="158" count="17" type="stmt"/>
        <line num="173" count="2" type="stmt"/>
        <line num="174" count="7" type="stmt"/>
        <line num="175" count="7" type="cond" truecount="2" falsecount="0"/>
        <line num="177" count="6" type="stmt"/>
        <line num="178" count="6" type="cond" truecount="2" falsecount="0"/>
        <line num="181" count="5" type="stmt"/>
        <line num="182" count="5" type="stmt"/>
        <line num="183" count="5" type="stmt"/>
        <line num="184" count="6" type="stmt"/>
        <line num="185" count="6" type="stmt"/>
        <line num="186" count="5" type="stmt"/>
        <line num="187" count="5" type="stmt"/>
        <line num="189" count="6" type="stmt"/>
        <line num="192" count="5" type="stmt"/>
        <line num="206" count="2" type="stmt"/>
      </file>
      <file name="company.js" path="C:\Users\porte\ravenwingweb\handlers\company.js">
        <metrics statements="22" coveredstatements="22" conditionals="18" coveredconditionals="17" methods="2" coveredmethods="2"/>
        <line num="1" count="4" type="stmt"/>
        <line num="2" count="4" type="stmt"/>
        <line num="3" count="4" type="stmt"/>
        <line num="5" count="4" type="stmt"/>
        <line num="6" count="10" type="stmt"/>
        <line num="7" count="10" type="cond" truecount="2" falsecount="0"/>
        <line num="9" count="9" type="stmt"/>
        <line num="10" count="9" type="cond" truecount="2" falsecount="0"/>
        <line num="12" count="8" type="stmt"/>
        <line num="29" count="4" type="stmt"/>
        <line num="30" count="13" type="stmt"/>
        <line num="31" count="13" type="cond" truecount="2" falsecount="0"/>
        <line num="33" count="12" type="stmt"/>
        <line num="34" count="12" type="cond" truecount="1" falsecount="1"/>
        <line num="35" count="12" type="stmt"/>
        <line num="36" count="12" type="stmt"/>
        <line num="38" count="12" type="stmt"/>
        <line num="39" count="108" type="cond" truecount="2" falsecount="0"/>
        <line num="42" count="12" type="cond" truecount="2" falsecount="0"/>
        <line num="44" count="10" type="stmt"/>
        <line num="45" count="10" type="stmt"/>
        <line num="47" count="10" type="stmt"/>
      </file>
      <file name="email-forwarder.js" path="C:\Users\porte\ravenwingweb\handlers\email-forwarder.js">
        <metrics statements="24" coveredstatements="24" conditionals="8" coveredconditionals="7" methods="1" coveredmethods="1"/>
        <line num="1" count="1" type="stmt"/>
        <line num="2" count="1" type="stmt"/>
        <line num="4" count="1" type="stmt"/>
        <line num="5" count="1" type="stmt"/>
        <line num="7" count="1" type="stmt"/>
        <line num="8" count="1" type="stmt"/>
        <line num="10" count="1" type="stmt"/>
        <line num="11" count="8" type="stmt"/>
        <line num="12" count="9" type="stmt"/>
        <line num="13" count="9" type="stmt"/>
        <line num="14" count="9" type="cond" truecount="2" falsecount="0"/>
        <line num="15" count="9" type="cond" truecount="1" falsecount="1"/>
        <line num="16" count="9" type="cond" truecount="2" falsecount="0"/>
        <line num="18" count="9" type="stmt"/>
        <line num="20" count="9" type="stmt"/>
        <line num="22" count="9" type="stmt"/>
        <line num="27" count="8" type="stmt"/>
        <line num="31" count="8" type="stmt"/>
        <line num="37" count="8" type="stmt"/>
        <line num="43" count="8" type="cond" truecount="2" falsecount="0"/>
        <line num="44" count="7" type="stmt"/>
        <line num="50" count="8" type="stmt"/>
        <line num="56" count="7" type="stmt"/>
        <line num="58" count="2" type="stmt"/>
      </file>
      <file name="estimates.js" path="C:\Users\porte\ravenwingweb\handlers\estimates.js">
        <metrics statements="110" coveredstatements="104" conditionals="120" coveredconditionals="108" methods="18" coveredmethods="18"/>
        <line num="1" count="7" type="stmt"/>
        <line num="2" count="7" type="stmt"/>
        <line num="3" count="7" type="stmt"/>
        <line num="4" count="7" type="stmt"/>
        <line num="6" count="7" type="stmt"/>
        <line num="7" count="19" type="stmt"/>
        <line num="8" count="19" type="cond" truecount="2" falsecount="0"/>
        <line num="10" count="17" type="cond" truecount="2" falsecount="0"/>
        <line num="11" count="17" type="stmt"/>
        <line num="13" count="17" type="stmt"/>
        <line num="15" count="17" type="stmt"/>
        <line num="16" count="26" type="stmt"/>
        <line num="21" count="7" type="stmt"/>
        <line num="22" count="36" type="stmt"/>
        <line num="23" count="36" type="cond" truecount="2" falsecount="0"/>
        <line num="26" count="34" type="stmt"/>
        <line num="27" count="34" type="cond" truecount="2" falsecount="0"/>
        <line num="29" count="24" type="stmt"/>
        <line num="30" count="24" type="cond" truecount="1" falsecount="1"/>
        <line num="31" count="24" type="stmt"/>
        <line num="32" count="24" type="cond" truecount="1" falsecount="1"/>
        <line num="33" count="24" type="stmt"/>
        <line num="34" count="24" type="stmt"/>
        <line num="36" count="24" type="stmt"/>
        <line num="68" count="24" type="stmt"/>
        <line num="69" count="24" type="stmt"/>
        <line num="72" count="7" type="stmt"/>
        <line num="73" count="9" type="stmt"/>
        <line num="74" count="9" type="cond" truecount="2" falsecount="0"/>
        <line num="76" count="8" type="stmt"/>
        <line num="77" count="8" type="stmt"/>
        <line num="78" count="8" type="stmt"/>
        <line num="80" count="8" type="cond" truecount="2" falsecount="0"/>
        <line num="81" count="4" type="stmt"/>
        <line num="84" count="7" type="stmt"/>
        <line num="85" count="17" type="stmt"/>
        <line num="86" count="17" type="cond" truecount="2" falsecount="0"/>
        <line num="88" count="16" type="stmt"/>
        <line num="89" count="16" type="stmt"/>
        <line num="90" count="23" type="stmt"/>
        <line num="91" count="16" type="cond" truecount="2" falsecount="0"/>
        <line num="93" count="14" type="stmt"/>
        <line num="94" count="14" type="cond" truecount="1" falsecount="1"/>
        <line num="95" count="14" type="stmt"/>
        <line num="96" count="14" type="cond" truecount="1" falsecount="1"/>
        <line num="97" count="14" type="stmt"/>
        <line num="106" count="14" type="stmt"/>
        <line num="107" count="14" type="stmt"/>
        <line num="108" count="364" type="cond" truecount="2" falsecount="0"/>
        <line num="110" count="14" type="stmt"/>
        <line num="112" count="14" type="stmt"/>
        <line num="113" count="14" type="stmt"/>
        <line num="116" count="7" type="stmt"/>
        <line num="117" count="9" type="stmt"/>
        <line num="118" count="9" type="cond" truecount="2" falsecount="0"/>
        <line num="120" count="8" type="stmt"/>
        <line num="121" count="8" type="stmt"/>
        <line num="122" count="9" type="stmt"/>
        <line num="123" count="8" type="cond" truecount="2" falsecount="0"/>
        <line num="126" count="6" type="stmt"/>
        <line num="130" count="6" type="stmt"/>
        <line num="134" count="7" type="stmt"/>
        <line num="135" count="4" type="stmt"/>
        <line num="136" count="4" type="cond" truecount="2" falsecount="0"/>
        <line num="138" count="3" type="stmt"/>
        <line num="139" count="3" type="stmt"/>
        <line num="140" count="3" type="stmt"/>
        <line num="141" count="3" type="cond" truecount="2" falsecount="0"/>
        <line num="143" count="2" type="stmt"/>
        <line num="144" count="2" type="stmt"/>
        <line num="148" count="7" type="stmt"/>
        <line num="149" count="5" type="stmt"/>
        <line num="150" count="5" type="cond" truecount="2" falsecount="0"/>
        <line num="152" count="4" type="stmt"/>
        <line num="153" count="4" type="stmt"/>
        <line num="154" count="4" type="stmt"/>
        <line num="155" count="4" type="cond" truecount="2" falsecount="0"/>
        <line num="157" count="3" type="stmt"/>
        <line num="161" count="3" type="stmt"/>
        <line num="165" count="7" type="stmt"/>
        <line num="166" count="9" type="stmt"/>
        <line num="167" count="9" type="cond" truecount="2" falsecount="0"/>
        <line num="169" count="8" type="stmt"/>
        <line num="170" count="8" type="stmt"/>
        <line num="172" count="8" type="stmt"/>
        <line num="178" count="72" type="stmt"/>
        <line num="179" count="72" type="stmt"/>
        <line num="183" count="7" type="stmt"/>
        <line num="184" count="7" type="stmt"/>
        <line num="185" count="7" type="stmt"/>
        <line num="188" count="38" type="stmt"/>
        <line num="189" count="38" type="stmt"/>
        <line num="190" count="266" type="cond" truecount="4" falsecount="1"/>
        <line num="191" count="0" type="stmt"/>
        <line num="194" count="38" type="cond" truecount="4" falsecount="1"/>
        <line num="195" count="0" type="stmt"/>
        <line num="197" count="38" type="cond" truecount="4" falsecount="1"/>
        <line num="198" count="0" type="stmt"/>
        <line num="200" count="38" type="cond" truecount="4" falsecount="1"/>
        <line num="201" count="0" type="stmt"/>
        <line num="203" count="38" type="cond" truecount="4" falsecount="1"/>
        <line num="204" count="0" type="stmt"/>
        <line num="206" count="38" type="cond" truecount="2" falsecount="3"/>
        <line num="207" count="0" type="stmt"/>
        <line num="209" count="38" type="stmt"/>
        <line num="213" count="34" type="cond" truecount="2" falsecount="0"/>
        <line num="214" count="32" type="cond" truecount="2" falsecount="0"/>
        <line num="215" count="11" type="cond" truecount="2" falsecount="0"/>
        <line num="216" count="6" type="stmt"/>
        <line num="218" count="5" type="stmt"/>
      </file>
      <file name="notifications.js" path="C:\Users\porte\ravenwingweb\handlers\notifications.js">
        <metrics statements="32" coveredstatements="32" conditionals="16" coveredconditionals="15" methods="5" coveredmethods="5"/>
        <line num="1" count="2" type="stmt"/>
        <line num="2" count="2" type="stmt"/>
        <line num="3" count="2" type="stmt"/>
        <line num="5" count="2" type="stmt"/>
        <line num="6" count="4" type="stmt"/>
        <line num="7" count="4" type="cond" truecount="2" falsecount="0"/>
        <line num="9" count="3" type="stmt"/>
        <line num="11" count="3" type="stmt"/>
        <line num="12" count="4" type="stmt"/>
        <line num="14" count="3" type="stmt"/>
        <line num="20" count="2" type="stmt"/>
        <line num="21" count="10" type="stmt"/>
        <line num="22" count="10" type="cond" truecount="2" falsecount="0"/>
        <line num="24" count="9" type="stmt"/>
        <line num="25" count="9" type="cond" truecount="1" falsecount="1"/>
        <line num="27" count="9" type="cond" truecount="2" falsecount="0"/>
        <line num="29" count="3" type="stmt"/>
        <line num="30" count="5" type="stmt"/>
        <line num="31" count="3" type="stmt"/>
        <line num="32" count="2" type="stmt"/>
        <line num="34" count="3" type="stmt"/>
        <line num="37" count="6" type="cond" truecount="4" falsecount="0"/>
        <line num="39" count="4" type="stmt"/>
        <line num="40" count="4" type="stmt"/>
        <line num="41" count="4" type="stmt"/>
        <line num="42" count="7" type="cond" truecount="4" falsecount="0"/>
        <line num="43" count="2" type="stmt"/>
        <line num="44" count="2" type="stmt"/>
        <line num="47" count="4" type="stmt"/>
        <line num="50" count="2" type="stmt"/>
        <line num="54" count="4" type="stmt"/>
        <line num="55" count="4" type="stmt"/>
      </file>
      <file name="photos.js" path="C:\Users\porte\ravenwingweb\handlers\photos.js">
        <metrics statements="45" coveredstatements="45" conditionals="24" coveredconditionals="24" methods="6" coveredmethods="6"/>
        <line num="1" count="2" type="stmt"/>
        <line num="2" count="2" type="stmt"/>
        <line num="3" count="2" type="stmt"/>
        <line num="4" count="2" type="stmt"/>
        <line num="5" count="2" type="stmt"/>
        <line num="6" count="2" type="stmt"/>
        <line num="8" count="2" type="stmt"/>
        <line num="9" count="2" type="stmt"/>
        <line num="12" count="2" type="stmt"/>
        <line num="19" count="2" type="stmt"/>
        <line num="20" count="2" type="stmt"/>
        <line num="24" count="15" type="stmt"/>
        <line num="30" count="2" type="stmt"/>
        <line num="31" count="27" type="stmt"/>
        <line num="32" count="27" type="cond" truecount="2" falsecount="0"/>
        <line num="34" count="26" type="stmt"/>
        <line num="37" count="26" type="stmt"/>
        <line num="38" count="26" type="stmt"/>
        <line num="39" count="26" type="cond" truecount="2" falsecount="0"/>
        <line num="41" count="25" type="cond" truecount="2" falsecount="0"/>
        <line num="42" count="25" type="cond" truecount="4" falsecount="0"/>
        <line num="43" count="3" type="stmt"/>
        <line num="47" count="22" type="cond" truecount="2" falsecount="0"/>
        <line num="48" count="5" type="stmt"/>
        <line num="52" count="17" type="cond" truecount="4" falsecount="0"/>
        <line num="53" count="2" type="stmt"/>
        <line num="56" count="15" type="stmt"/>
        <line num="57" count="15" type="stmt"/>
        <line num="59" count="15" type="stmt"/>
        <line num="67" count="15" type="stmt"/>
        <line num="72" count="15" type="stmt"/>
        <line num="75" count="2" type="stmt"/>
        <line num="76" count="9" type="stmt"/>
        <line num="77" count="9" type="cond" truecount="2" falsecount="0"/>
        <line num="79" count="8" type="stmt"/>
        <line num="80" count="8" type="stmt"/>
        <line num="83" count="8" type="stmt"/>
        <line num="84" count="8" type="stmt"/>
        <line num="85" count="8" type="cond" truecount="2" falsecount="0"/>
        <line num="88" count="7" type="cond" truecount="2" falsecount="0"/>
        <line num="89" count="3" type="stmt"/>
        <line num="93" count="4" type="stmt"/>
        <line num="99" count="4" type="cond" truecount="2" falsecount="0"/>
        <line num="100" count="4" type="stmt"/>
        <line num="102" count="4" type="stmt"/>
      </file>
      <file name="reports.js" path="C:\Users\porte\ravenwingweb\handlers\reports.js">
        <metrics statements="51" coveredstatements="51" conditionals="35" coveredconditionals="35" methods="15" coveredmethods="15"/>
        <line num="1" count="6" type="stmt"/>
        <line num="2" count="6" type="stmt"/>
        <line num="3" count="6" type="stmt"/>
        <line num="5" count="6" type="stmt"/>
        <line num="6" count="41" type="stmt"/>
        <line num="7" count="41" type="cond" truecount="2" falsecount="0"/>
        <line num="9" count="39" type="cond" truecount="2" falsecount="0"/>
        <line num="12" count="39" type="stmt"/>
        <line num="13" count="39" type="stmt"/>
        <line num="14" count="39" type="stmt"/>
        <line num="15" count="40" type="stmt"/>
        <line num="16" count="40" type="stmt"/>
        <line num="17" count="40" type="stmt"/>
        <line num="21" count="106" type="stmt"/>
        <line num="24" count="39" type="stmt"/>
        <line num="25" count="39" type="cond" truecount="2" falsecount="0"/>
        <line num="26" count="8" type="stmt"/>
        <line num="30" count="39" type="stmt"/>
        <line num="32" count="99" type="stmt"/>
        <line num="33" count="99" type="cond" truecount="3" falsecount="0"/>
        <line num="34" count="39" type="cond" truecount="2" falsecount="0"/>
        <line num="35" count="39" type="cond" truecount="2" falsecount="0"/>
        <line num="37" count="99" type="cond" truecount="2" falsecount="0"/>
        <line num="38" count="99" type="cond" truecount="2" falsecount="0"/>
        <line num="41" count="39" type="stmt"/>
        <line num="42" count="39" type="stmt"/>
        <line num="43" count="99" type="cond" truecount="2" falsecount="0"/>
        <line num="44" count="99" type="cond" truecount="2" falsecount="0"/>
        <line num="48" count="39" type="stmt"/>
        <line num="49" count="39" type="stmt"/>
        <line num="50" count="99" type="stmt"/>
        <line num="51" count="99" type="stmt"/>
        <line num="52" count="99" type="cond" truecount="2" falsecount="0"/>
        <line num="53" count="99" type="stmt"/>
        <line num="54" count="99" type="cond" truecount="2" falsecount="0"/>
        <line num="55" count="27" type="cond" truecount="2" falsecount="0"/>
        <line num="58" count="39" type="stmt"/>
        <line num="61" count="39" type="stmt"/>
        <line num="62" count="39" type="stmt"/>
        <line num="63" count="99" type="cond" truecount="2" falsecount="0"/>
        <line num="64" count="99" type="cond" truecount="2" falsecount="0"/>
        <line num="66" count="39" type="stmt"/>
        <line num="67" count="63" type="stmt"/>
        <line num="68" count="29" type="stmt"/>
        <line num="70" count="39" type="stmt"/>
        <line num="82" count="39" type="stmt"/>
        <line num="83" count="39" type="cond" truecount="4" falsecount="0"/>
        <line num="84" count="1" type="stmt"/>
        <line num="85" count="1" type="stmt"/>
        <line num="86" count="2" type="stmt"/>
        <line num="87" count="35" type="stmt"/>
      </file>
      <file name="roles.js" path="C:\Users\porte\ravenwingweb\handlers\roles.js">
        <metrics statements="92" coveredstatements="92" conditionals="92" coveredconditionals="82" methods="10" coveredmethods="10"/>
        <line num="1" count="3" type="stmt"/>
        <line num="2" count="3" type="stmt"/>
        <line num="3" count="3" type="stmt"/>
        <line num="6" count="3" type="stmt"/>
        <line num="20" count="3" type="stmt"/>
        <line num="28" count="3" type="stmt"/>
        <line num="36" count="3" type="stmt"/>
        <line num="37" count="7" type="stmt"/>
        <line num="38" count="7" type="cond" truecount="2" falsecount="0"/>
        <line num="40" count="6" type="stmt"/>
        <line num="43" count="6" type="stmt"/>
        <line num="44" count="6" type="stmt"/>
        <line num="45" count="7" type="cond" truecount="4" falsecount="0"/>
        <line num="46" count="5" type="stmt"/>
        <line num="55" count="6" type="stmt"/>
        <line num="59" count="3" type="stmt"/>
        <line num="60" count="27" type="stmt"/>
        <line num="61" count="27" type="cond" truecount="2" falsecount="0"/>
        <line num="64" count="26" type="stmt"/>
        <line num="65" count="26" type="cond" truecount="2" falsecount="0"/>
        <line num="67" count="19" type="stmt"/>
        <line num="68" count="19" type="cond" truecount="1" falsecount="1"/>
        <line num="69" count="19" type="cond" truecount="2" falsecount="0"/>
        <line num="70" count="19" type="cond" truecount="4" falsecount="0"/>
        <line num="71" count="15" type="cond" truecount="4" falsecount="0"/>
        <line num="73" count="16" type="cond" truecount="1" falsecount="1"/>
        <line num="74" count="13" type="cond" truecount="2" falsecount="0"/>
        <line num="76" count="13" type="stmt"/>
        <line num="85" count="13" type="stmt"/>
        <line num="89" count="3" type="stmt"/>
        <line num="90" count="10" type="stmt"/>
        <line num="91" count="10" type="cond" truecount="2" falsecount="0"/>
        <line num="93" count="9" type="stmt"/>
        <line num="94" count="9" type="cond" truecount="1" falsecount="1"/>
        <line num="96" count="9" type="stmt"/>
        <line num="97" count="9" type="cond" truecount="2" falsecount="0"/>
        <line num="99" count="7" type="stmt"/>
        <line num="100" count="7" type="cond" truecount="1" falsecount="1"/>
        <line num="101" count="7" type="stmt"/>
        <line num="103" count="7" type="cond" truecount="2" falsecount="0"/>
        <line num="104" count="9" type="stmt"/>
        <line num="106" count="7" type="cond" truecount="2" falsecount="0"/>
        <line num="107" count="7" type="cond" truecount="2" falsecount="0"/>
        <line num="109" count="6" type="stmt"/>
        <line num="111" count="6" type="cond" truecount="2" falsecount="0"/>
        <line num="113" count="1" type="cond" truecount="1" falsecount="1"/>
        <line num="115" count="5" type="stmt"/>
        <line num="118" count="6" type="stmt"/>
        <line num="122" count="3" type="stmt"/>
        <line num="123" count="9" type="stmt"/>
        <line num="124" count="9" type="cond" truecount="2" falsecount="0"/>
        <line num="126" count="8" type="stmt"/>
        <line num="127" count="8" type="cond" truecount="1" falsecount="1"/>
        <line num="129" count="8" type="stmt"/>
        <line num="130" count="8" type="cond" truecount="4" falsecount="0"/>
        <line num="133" count="4" type="stmt"/>
        <line num="134" count="4" type="stmt"/>
        <line num="135" count="9" type="cond" truecount="2" falsecount="0"/>
        <line num="136" count="4" type="stmt"/>
        <line num="140" count="4" type="stmt"/>
        <line num="141" count="4" type="stmt"/>
        <line num="145" count="3" type="stmt"/>
        <line num="146" count="13" type="stmt"/>
        <line num="147" count="13" type="cond" truecount="2" falsecount="0"/>
        <line num="149" count="12" type="stmt"/>
        <line num="150" count="12" type="cond" truecount="1" falsecount="1"/>
        <line num="152" count="12" type="stmt"/>
        <line num="153" count="12" type="cond" truecount="1" falsecount="1"/>
        <line num="154" count="12" type="cond" truecount="2" falsecount="0"/>
        <line num="155" count="12" type="cond" truecount="2" falsecount="0"/>
        <line num="157" count="12" type="cond" truecount="4" falsecount="0"/>
        <line num="158" count="9" type="cond" truecount="2" falsecount="0"/>
        <line num="160" count="7" type="stmt"/>
        <line num="161" count="7" type="stmt"/>
        <line num="162" count="7" type="cond" truecount="2" falsecount="0"/>
        <line num="163" count="6" type="cond" truecount="2" falsecount="0"/>
        <line num="165" count="4" type="stmt"/>
        <line num="166" count="4" type="stmt"/>
        <line num="171" count="55" type="stmt"/>
        <line num="172" count="55" type="cond" truecount="2" falsecount="0"/>
        <line num="174" count="54" type="stmt"/>
        <line num="175" count="54" type="cond" truecount="2" falsecount="0"/>
        <line num="177" count="53" type="stmt"/>
        <line num="178" count="53" type="cond" truecount="1" falsecount="1"/>
        <line num="181" count="53" type="cond" truecount="2" falsecount="0"/>
        <line num="184" count="8" type="cond" truecount="2" falsecount="0"/>
        <line num="185" count="1" type="stmt"/>
        <line num="189" count="7" type="stmt"/>
        <line num="190" count="7" type="cond" truecount="2" falsecount="0"/>
        <line num="192" count="6" type="cond" truecount="2" falsecount="0"/>
        <line num="195" count="3" type="stmt"/>
        <line num="196" count="3" type="stmt"/>
      </file>
      <file name="team.js" path="C:\Users\porte\ravenwingweb\handlers\team.js">
        <metrics statements="53" coveredstatements="53" conditionals="28" coveredconditionals="27" methods="10" coveredmethods="10"/>
        <line num="1" count="3" type="stmt"/>
        <line num="2" count="3" type="stmt"/>
        <line num="3" count="3" type="stmt"/>
        <line num="4" count="3" type="stmt"/>
        <line num="7" count="3" type="stmt"/>
        <line num="8" count="11" type="stmt"/>
        <line num="9" count="11" type="cond" truecount="2" falsecount="0"/>
        <line num="11" count="10" type="stmt"/>
        <line num="12" count="10" type="stmt"/>
        <line num="14" count="10" type="stmt"/>
        <line num="15" count="12" type="stmt"/>
        <line num="22" count="9" type="stmt"/>
        <line num="23" count="5" type="stmt"/>
        <line num="32" count="3" type="stmt"/>
        <line num="33" count="13" type="stmt"/>
        <line num="34" count="13" type="cond" truecount="2" falsecount="0"/>
        <line num="36" count="12" type="stmt"/>
        <line num="37" count="12" type="cond" truecount="1" falsecount="1"/>
        <line num="38" count="12" type="cond" truecount="2" falsecount="0"/>
        <line num="39" count="12" type="cond" truecount="4" falsecount="0"/>
        <line num="42" count="8" type="stmt"/>
        <line num="43" count="8" type="stmt"/>
        <line num="44" count="8" type="cond" truecount="2" falsecount="0"/>
        <line num="46" count="6" type="stmt"/>
        <line num="47" count="6" type="stmt"/>
        <line num="49" count="6" type="stmt"/>
        <line num="60" count="6" type="stmt"/>
        <line num="64" count="3" type="stmt"/>
        <line num="65" count="3" type="stmt"/>
        <line num="66" count="3" type="cond" truecount="2" falsecount="0"/>
        <line num="68" count="2" type="stmt"/>
        <line num="69" count="2" type="stmt"/>
        <line num="71" count="2" type="stmt"/>
        <line num="75" count="3" type="stmt"/>
        <line num="76" count="6" type="stmt"/>
        <line num="77" count="6" type="cond" truecount="2" falsecount="0"/>
        <line num="79" count="5" type="stmt"/>
        <line num="82" count="5" type="stmt"/>
        <line num="83" count="5" type="stmt"/>
        <line num="84" count="5" type="cond" truecount="2" falsecount="0"/>
        <line num="87" count="4" type="stmt"/>
        <line num="88" count="4" type="cond" truecount="2" falsecount="0"/>
        <line num="90" count="3" type="stmt"/>
        <line num="91" count="3" type="stmt"/>
        <line num="95" count="3" type="stmt"/>
        <line num="96" count="5" type="stmt"/>
        <line num="98" count="5" type="stmt"/>
        <line num="99" count="5" type="cond" truecount="2" falsecount="0"/>
        <line num="101" count="4" type="stmt"/>
        <line num="102" count="4" type="cond" truecount="2" falsecount="0"/>
        <line num="104" count="3" type="stmt"/>
        <line num="105" count="3" type="stmt"/>
        <line num="107" count="3" type="stmt"/>
      </file>
      <file name="webhook.js" path="C:\Users\porte\ravenwingweb\handlers\webhook.js">
        <metrics statements="80" coveredstatements="80" conditionals="52" coveredconditionals="50" methods="3" coveredmethods="3"/>
        <line num="1" count="32" type="stmt"/>
        <line num="5" count="32" type="cond" truecount="1" falsecount="1"/>
        <line num="6" count="32" type="stmt"/>
        <line num="9" count="32" type="stmt"/>
        <line num="10" count="32" type="stmt"/>
        <line num="11" count="32" type="stmt"/>
        <line num="14" count="32" type="stmt"/>
        <line num="15" count="32" type="stmt"/>
        <line num="21" count="1" type="stmt"/>
        <line num="22" count="1" type="stmt"/>
        <line num="26" count="31" type="stmt"/>
        <line num="27" count="31" type="cond" truecount="2" falsecount="0"/>
        <line num="28" count="13" type="stmt"/>
        <line num="29" count="13" type="cond" truecount="2" falsecount="0"/>
        <line num="30" count="1" type="stmt"/>
        <line num="31" count="1" type="stmt"/>
        <line num="34" count="12" type="stmt"/>
        <line num="42" count="30" type="stmt"/>
        <line num="44" count="30" type="cond" truecount="8" falsecount="0"/>
        <line num="46" count="9" type="stmt"/>
        <line num="47" count="9" type="stmt"/>
        <line num="48" count="9" type="stmt"/>
        <line num="49" count="9" type="cond" truecount="4" falsecount="0"/>
        <line num="51" count="7" type="stmt"/>
        <line num="52" count="7" type="stmt"/>
        <line num="53" count="7" type="stmt"/>
        <line num="54" count="4" type="stmt"/>
        <line num="55" count="4" type="cond" truecount="2" falsecount="0"/>
        <line num="56" count="3" type="cond" truecount="2" falsecount="0"/>
        <line num="57" count="2" type="stmt"/>
        <line num="59" count="7" type="stmt"/>
        <line num="65" count="9" type="stmt"/>
        <line num="69" count="5" type="stmt"/>
        <line num="70" count="5" type="stmt"/>
        <line num="71" count="5" type="cond" truecount="2" falsecount="0"/>
        <line num="72" count="4" type="cond" truecount="2" falsecount="0"/>
        <line num="76" count="4" type="stmt"/>
        <line num="81" count="5" type="stmt"/>
        <line num="85" count="2" type="stmt"/>
        <line num="86" count="2" type="stmt"/>
        <line num="87" count="2" type="cond" truecount="2" falsecount="0"/>
        <line num="88" count="1" type="stmt"/>
        <line num="93" count="2" type="stmt"/>
        <line num="97" count="2" type="stmt"/>
        <line num="98" count="2" type="stmt"/>
        <line num="99" count="2" type="cond" truecount="2" falsecount="0"/>
        <line num="100" count="1" type="stmt"/>
        <line num="104" count="2" type="stmt"/>
        <line num="109" count="3" type="stmt"/>
        <line num="110" count="3" type="stmt"/>
        <line num="111" count="3" type="cond" truecount="4" falsecount="0"/>
        <line num="112" count="1" type="stmt"/>
        <line num="118" count="3" type="stmt"/>
        <line num="123" count="5" type="stmt"/>
        <line num="124" count="5" type="stmt"/>
        <line num="125" count="5" type="cond" truecount="4" falsecount="0"/>
        <line num="126" count="3" type="stmt"/>
        <line num="133" count="3" type="stmt"/>
        <line num="134" count="3" type="cond" truecount="2" falsecount="0"/>
        <line num="135" count="2" type="stmt"/>
        <line num="136" count="2" type="cond" truecount="1" falsecount="1"/>
        <line num="137" count="2" type="stmt"/>
        <line num="141" count="1" type="stmt"/>
        <line num="144" count="5" type="stmt"/>
        <line num="149" count="1" type="stmt"/>
        <line num="150" count="1" type="stmt"/>
        <line num="155" count="2" type="stmt"/>
        <line num="156" count="2" type="stmt"/>
        <line num="157" count="2" type="cond" truecount="2" falsecount="0"/>
        <line num="158" count="1" type="stmt"/>
        <line num="165" count="2" type="stmt"/>
        <line num="169" count="30" type="stmt"/>
        <line num="174" count="28" type="stmt"/>
        <line num="175" count="28" type="stmt"/>
        <line num="176" count="28" type="stmt"/>
        <line num="177" count="28" type="stmt"/>
        <line num="179" count="28" type="stmt"/>
        <line num="188" count="28" type="cond" truecount="4" falsecount="0"/>
        <line num="189" count="21" type="stmt"/>
        <line num="191" count="7" type="stmt"/>
      </file>
    </package>
    <package name="handlers.lib">
      <metrics statements="59" coveredstatements="46" conditionals="35" coveredconditionals="23" methods="19" coveredmethods="16"/>
      <file name="auth.js" path="C:\Users\porte\ravenwingweb\handlers\lib\auth.js">
        <metrics statements="9" coveredstatements="9" conditionals="6" coveredconditionals="6" methods="2" coveredmethods="2"/>
        <line num="2" count="2" type="stmt"/>
        <line num="4" count="14" type="stmt"/>
        <line num="5" count="14" type="cond" truecount="2" falsecount="0"/>
        <line num="6" count="6" type="stmt"/>
        <line num="13" count="6" type="stmt"/>
        <line num="14" count="6" type="cond" truecount="2" falsecount="0"/>
        <line num="16" count="4" type="stmt"/>
        <line num="17" count="4" type="cond" truecount="2" falsecount="0"/>
        <line num="20" count="3" type="stmt"/>
      </file>
      <file name="dynamo.js" path="C:\Users\porte\ravenwingweb\handlers\lib\dynamo.js">
        <metrics statements="31" coveredstatements="19" conditionals="13" coveredconditionals="1" methods="8" coveredmethods="5"/>
        <line num="1" count="9" type="stmt"/>
        <line num="2" count="9" type="stmt"/>
        <line num="4" count="9" type="stmt"/>
        <line num="5" count="9" type="stmt"/>
        <line num="6" count="9" type="stmt"/>
        <line num="8" count="9" type="stmt"/>
        <line num="10" count="0" type="stmt"/>
        <line num="11" count="0" type="stmt"/>
        <line num="15" count="17" type="stmt"/>
        <line num="16" count="17" type="stmt"/>
        <line num="20" count="1" type="stmt"/>
        <line num="21" count="3" type="stmt"/>
        <line num="22" count="1" type="stmt"/>
        <line num="23" count="1" type="stmt"/>
        <line num="24" count="1" type="stmt"/>
        <line num="25" count="3" type="stmt"/>
        <line num="26" count="3" type="stmt"/>
        <line num="29" count="1" type="stmt"/>
        <line num="37" count="1" type="stmt"/>
        <line num="41" count="0" type="stmt"/>
        <line num="45" count="0" type="stmt"/>
        <line num="52" count="0" type="cond" truecount="0" falsecount="2"/>
        <line num="53" count="0" type="stmt"/>
        <line num="54" count="0" type="stmt"/>
        <line num="56" count="0" type="cond" truecount="0" falsecount="4"/>
        <line num="57" count="0" type="stmt"/>
        <line num="59" count="0" type="stmt"/>
        <line num="65" count="0" type="stmt"/>
        <line num="66" count="0" type="stmt"/>
        <line num="73" count="2" type="stmt"/>
        <line num="79" count="2" type="cond" truecount="1" falsecount="1"/>
      </file>
      <file name="notify.js" path="C:\Users\porte\ravenwingweb\handlers\lib\notify.js">
        <metrics statements="8" coveredstatements="8" conditionals="6" coveredconditionals="6" methods="1" coveredmethods="1"/>
        <line num="1" count="1" type="stmt"/>
        <line num="8" count="6" type="stmt"/>
        <line num="9" count="6" type="stmt"/>
        <line num="10" count="6" type="stmt"/>
        <line num="12" count="6" type="stmt"/>
        <line num="25" count="6" type="stmt"/>
        <line num="26" count="6" type="stmt"/>
        <line num="29" count="1" type="stmt"/>
      </file>
      <file name="response.js" path="C:\Users\porte\ravenwingweb\handlers\lib\response.js">
        <metrics statements="11" coveredstatements="10" conditionals="10" coveredconditionals="10" methods="8" coveredmethods="8"/>
        <line num="1" count="25" type="stmt"/>
        <line num="3" count="147" type="stmt"/>
        <line num="4" count="147" type="cond" truecount="2" falsecount="0"/>
        <line num="6" count="0" type="stmt"/>
        <line num="10" count="266" type="stmt"/>
        <line num="13" count="46" type="stmt"/>
        <line num="16" count="55" type="stmt"/>
        <line num="19" count="56" type="cond" truecount="2" falsecount="0"/>
        <line num="22" count="26" type="cond" truecount="2" falsecount="0"/>
        <line num="25" count="4" type="cond" truecount="2" falsecount="0"/>
        <line num="28" count="4" type="cond" truecount="2" falsecount="0"/>
      </file>
    </package>
  </project>
</coverage>
