{"C:\\Users\\porte\\ravenwingweb\\client\\preview\\js\\bom.js": {"path":"C:\\Users\\porte\\ravenwingweb\\client\\preview\\js\\bom.js","statementMap":{"0":{"start":{"line":4,"column":12},"end":{"line":123,"column":1}},"1":{"start":{"line":136,"column":24},"end":{"line":136,"column":51}},"2":{"start":{"line":137,"column":22},"end":{"line":137,"column":50}},"3":{"start":{"line":138,"column":26},"end":{"line":138,"column":54}},"4":{"start":{"line":140,"column":15},"end":{"line":140,"column":29}},"5":{"start":{"line":141,"column":2},"end":{"line":141,"column":50}},"6":{"start":{"line":141,"column":38},"end":{"line":141,"column":50}},"7":{"start":{"line":143,"column":12},"end":{"line":143,"column":32}},"8":{"start":{"line":144,"column":13},"end":{"line":144,"column":24}},"9":{"start":{"line":145,"column":19},"end":{"line":145,"column":66}},"10":{"start":{"line":146,"column":16},"end":{"line":146,"column":28}},"11":{"start":{"line":147,"column":16},"end":{"line":147,"column":18}},"12":{"start":{"line":148,"column":22},"end":{"line":148,"column":23}},"13":{"start":{"line":150,"column":43},"end":{"line":150,"column":71}},"14":{"start":{"line":150,"column":73},"end":{"line":150,"column":147}},"15":{"start":{"line":151,"column":44},"end":{"line":151,"column":67}},"16":{"start":{"line":151,"column":69},"end":{"line":151,"column":143}},"17":{"start":{"line":153,"column":2},"end":{"line":234,"column":3}},"18":{"start":{"line":154,"column":25},"end":{"line":154,"column":45}},"19":{"start":{"line":155,"column":23},"end":{"line":155,"column":41}},"20":{"start":{"line":156,"column":26},"end":{"line":156,"column":51}},"21":{"start":{"line":157,"column":24},"end":{"line":157,"column":76}},"22":{"start":{"line":158,"column":23},"end":{"line":158,"column":63}},"23":{"start":{"line":159,"column":26},"end":{"line":159,"column":48}},"24":{"start":{"line":161,"column":4},"end":{"line":161,"column":111}},"25":{"start":{"line":162,"column":4},"end":{"line":162,"column":114}},"26":{"start":{"line":163,"column":4},"end":{"line":163,"column":124}},"27":{"start":{"line":164,"column":4},"end":{"line":164,"column":119}},"28":{"start":{"line":165,"column":4},"end":{"line":165,"column":107}},"29":{"start":{"line":166,"column":4},"end":{"line":166,"column":134}},"30":{"start":{"line":167,"column":4},"end":{"line":167,"column":134}},"31":{"start":{"line":169,"column":7},"end":{"line":234,"column":3}},"32":{"start":{"line":170,"column":24},"end":{"line":170,"column":43}},"33":{"start":{"line":171,"column":23},"end":{"line":171,"column":63}},"34":{"start":{"line":172,"column":26},"end":{"line":172,"column":48}},"35":{"start":{"line":174,"column":4},"end":{"line":174,"column":111}},"36":{"start":{"line":175,"column":4},"end":{"line":175,"column":104}},"37":{"start":{"line":176,"column":4},"end":{"line":176,"column":116}},"38":{"start":{"line":177,"column":4},"end":{"line":177,"column":107}},"39":{"start":{"line":178,"column":4},"end":{"line":178,"column":134}},"40":{"start":{"line":179,"column":4},"end":{"line":179,"column":133}},"41":{"start":{"line":181,"column":7},"end":{"line":234,"column":3}},"42":{"start":{"line":182,"column":20},"end":{"line":182,"column":84}},"43":{"start":{"line":183,"column":27},"end":{"line":183,"column":38}},"44":{"start":{"line":184,"column":27},"end":{"line":184,"column":62}},"45":{"start":{"line":185,"column":24},"end":{"line":185,"column":56}},"46":{"start":{"line":186,"column":21},"end":{"line":186,"column":54}},"47":{"start":{"line":187,"column":26},"end":{"line":187,"column":48}},"48":{"start":{"line":188,"column":24},"end":{"line":188,"column":38}},"49":{"start":{"line":189,"column":25},"end":{"line":189,"column":63}},"50":{"start":{"line":190,"column":23},"end":{"line":190,"column":59}},"51":{"start":{"line":191,"column":21},"end":{"line":191,"column":35}},"52":{"start":{"line":192,"column":21},"end":{"line":192,"column":35}},"53":{"start":{"line":193,"column":21},"end":{"line":193,"column":35}},"54":{"start":{"line":194,"column":18},"end":{"line":194,"column":43}},"55":{"start":{"line":195,"column":21},"end":{"line":195,"column":96}},"56":{"start":{"line":197,"column":4},"end":{"line":197,"column":119}},"57":{"start":{"line":198,"column":4},"end":{"line":198,"column":119}},"58":{"start":{"line":199,"column":4},"end":{"line":199,"column":110}},"59":{"start":{"line":200,"column":4},"end":{"line":200,"column":113}},"60":{"start":{"line":201,"column":4},"end":{"line":201,"column":122}},"61":{"start":{"line":202,"column":4},"end":{"line":202,"column":126}},"62":{"start":{"line":203,"column":4},"end":{"line":203,"column":118}},"63":{"start":{"line":204,"column":4},"end":{"line":204,"column":114}},"64":{"start":{"line":205,"column":4},"end":{"line":205,"column":117}},"65":{"start":{"line":206,"column":4},"end":{"line":206,"column":121}},"66":{"start":{"line":207,"column":4},"end":{"line":207,"column":128}},"67":{"start":{"line":208,"column":4},"end":{"line":208,"column":110}},"68":{"start":{"line":209,"column":4},"end":{"line":209,"column":134}},"69":{"start":{"line":211,"column":7},"end":{"line":234,"column":3}},"70":{"start":{"line":212,"column":26},"end":{"line":212,"column":56}},"71":{"start":{"line":213,"column":24},"end":{"line":213,"column":59}},"72":{"start":{"line":214,"column":26},"end":{"line":214,"column":48}},"73":{"start":{"line":216,"column":4},"end":{"line":216,"column":109}},"74":{"start":{"line":217,"column":4},"end":{"line":217,"column":104}},"75":{"start":{"line":218,"column":4},"end":{"line":218,"column":123}},"76":{"start":{"line":219,"column":4},"end":{"line":219,"column":107}},"77":{"start":{"line":220,"column":4},"end":{"line":220,"column":122}},"78":{"start":{"line":221,"column":4},"end":{"line":221,"column":134}},"79":{"start":{"line":223,"column":7},"end":{"line":234,"column":3}},"80":{"start":{"line":224,"column":26},"end":{"line":224,"column":56}},"81":{"start":{"line":225,"column":24},"end":{"line":225,"column":63}},"82":{"start":{"line":226,"column":26},"end":{"line":226,"column":48}},"83":{"start":{"line":228,"column":4},"end":{"line":228,"column":109}},"84":{"start":{"line":229,"column":4},"end":{"line":229,"column":104}},"85":{"start":{"line":230,"column":4},"end":{"line":230,"column":123}},"86":{"start":{"line":231,"column":4},"end":{"line":231,"column":107}},"87":{"start":{"line":232,"column":4},"end":{"line":232,"column":112}},"88":{"start":{"line":233,"column":4},"end":{"line":233,"column":134}},"89":{"start":{"line":236,"column":19},"end":{"line":240,"column":4}},"90":{"start":{"line":236,"column":37},"end":{"line":236,"column":46}},"91":{"start":{"line":237,"column":4},"end":{"line":237,"column":57}},"92":{"start":{"line":238,"column":4},"end":{"line":238,"column":29}},"93":{"start":{"line":239,"column":4},"end":{"line":239,"column":13}},"94":{"start":{"line":242,"column":2},"end":{"line":242,"column":71}},"95":{"start":{"line":249,"column":13},"end":{"line":249,"column":18}},"96":{"start":{"line":249,"column":25},"end":{"line":249,"column":31}},"97":{"start":{"line":250,"column":2},"end":{"line":253,"column":4}},"98":{"start":{"line":260,"column":2},"end":{"line":260,"column":39}},"99":{"start":{"line":260,"column":25},"end":{"line":260,"column":39}},"100":{"start":{"line":262,"column":14},"end":{"line":262,"column":65}},"101":{"start":{"line":263,"column":17},"end":{"line":263,"column":19}},"102":{"start":{"line":264,"column":19},"end":{"line":264,"column":21}},"103":{"start":{"line":266,"column":2},"end":{"line":276,"column":3}},"104":{"start":{"line":266,"column":15},"end":{"line":266,"column":16}},"105":{"start":{"line":267,"column":15},"end":{"line":267,"column":38}},"106":{"start":{"line":268,"column":15},"end":{"line":268,"column":21}},"107":{"start":{"line":269,"column":15},"end":{"line":269,"column":51}},"108":{"start":{"line":270,"column":15},"end":{"line":270,"column":51}},"109":{"start":{"line":272,"column":4},"end":{"line":275,"column":5}},"110":{"start":{"line":272,"column":17},"end":{"line":272,"column":18}},"111":{"start":{"line":273,"column":17},"end":{"line":273,"column":57}},"112":{"start":{"line":274,"column":6},"end":{"line":274,"column":48}},"113":{"start":{"line":277,"column":2},"end":{"line":277,"column":48}},"114":{"start":{"line":277,"column":15},"end":{"line":277,"column":48}},"115":{"start":{"line":279,"column":2},"end":{"line":279,"column":16}},"116":{"start":{"line":290,"column":20},"end":{"line":290,"column":21}},"117":{"start":{"line":292,"column":2},"end":{"line":304,"column":3}},"118":{"start":{"line":293,"column":19},"end":{"line":293,"column":50}},"119":{"start":{"line":294,"column":4},"end":{"line":296,"column":5}},"120":{"start":{"line":294,"column":17},"end":{"line":294,"column":18}},"121":{"start":{"line":295,"column":6},"end":{"line":295,"column":59}},"122":{"start":{"line":298,"column":4},"end":{"line":300,"column":5}},"123":{"start":{"line":298,"column":17},"end":{"line":298,"column":18}},"124":{"start":{"line":299,"column":6},"end":{"line":299,"column":59}},"125":{"start":{"line":301,"column":4},"end":{"line":303,"column":5}},"126":{"start":{"line":302,"column":6},"end":{"line":302,"column":71}},"127":{"start":{"line":306,"column":2},"end":{"line":306,"column":43}},"128":{"start":{"line":313,"column":12},"end":{"line":313,"column":19}},"129":{"start":{"line":314,"column":15},"end":{"line":314,"column":48}},"130":{"start":{"line":315,"column":15},"end":{"line":315,"column":48}},"131":{"start":{"line":316,"column":12},"end":{"line":318,"column":39}},"132":{"start":{"line":319,"column":12},"end":{"line":319,"column":56}},"133":{"start":{"line":320,"column":2},"end":{"line":320,"column":15}},"134":{"start":{"line":327,"column":15},"end":{"line":327,"column":51}},"135":{"start":{"line":328,"column":2},"end":{"line":328,"column":85}},"136":{"start":{"line":328,"column":58},"end":{"line":328,"column":85}},"137":{"start":{"line":329,"column":2},"end":{"line":329,"column":18}},"138":{"start":{"line":336,"column":2},"end":{"line":336,"column":62}},"139":{"start":{"line":343,"column":2},"end":{"line":343,"column":63}},"140":{"start":{"line":350,"column":2},"end":{"line":350,"column":65}},"141":{"start":{"line":350,"column":34},"end":{"line":350,"column":60}},"142":{"start":{"line":354,"column":14},"end":{"line":365,"column":1}},"143":{"start":{"line":372,"column":2},"end":{"line":372,"column":34}},"144":{"start":{"line":372,"column":25},"end":{"line":372,"column":34}},"145":{"start":{"line":375,"column":15},"end":{"line":375,"column":24}},"146":{"start":{"line":376,"column":15},"end":{"line":376,"column":51}},"147":{"start":{"line":377,"column":24},"end":{"line":377,"column":30}},"148":{"start":{"line":378,"column":24},"end":{"line":378,"column":39}},"149":{"start":{"line":380,"column":11},"end":{"line":385,"column":4}},"150":{"start":{"line":381,"column":4},"end":{"line":384,"column":6}},"151":{"start":{"line":388,"column":13},"end":{"line":388,"column":14}},"152":{"start":{"line":389,"column":2},"end":{"line":393,"column":3}},"153":{"start":{"line":389,"column":15},"end":{"line":389,"column":16}},"154":{"start":{"line":390,"column":12},"end":{"line":390,"column":31}},"155":{"start":{"line":391,"column":4},"end":{"line":391,"column":30}},"156":{"start":{"line":392,"column":4},"end":{"line":392,"column":30}},"157":{"start":{"line":394,"column":2},"end":{"line":394,"column":28}},"158":{"start":{"line":397,"column":2},"end":{"line":397,"column":36}},"159":{"start":{"line":404,"column":2},"end":{"line":404,"column":34}},"160":{"start":{"line":404,"column":25},"end":{"line":404,"column":34}},"161":{"start":{"line":405,"column":14},"end":{"line":405,"column":15}},"162":{"start":{"line":406,"column":2},"end":{"line":409,"column":3}},"163":{"start":{"line":406,"column":15},"end":{"line":406,"column":16}},"164":{"start":{"line":407,"column":12},"end":{"line":407,"column":35}},"165":{"start":{"line":408,"column":4},"end":{"line":408,"column":47}},"166":{"start":{"line":410,"column":2},"end":{"line":410,"column":37}},"167":{"start":{"line":426,"column":2},"end":{"line":426,"column":26}},"168":{"start":{"line":427,"column":21},"end":{"line":427,"column":51}},"169":{"start":{"line":428,"column":22},"end":{"line":428,"column":49}},"170":{"start":{"line":430,"column":12},"end":{"line":430,"column":31}},"171":{"start":{"line":431,"column":2},"end":{"line":431,"column":24}},"172":{"start":{"line":431,"column":12},"end":{"line":431,"column":24}},"173":{"start":{"line":433,"column":18},"end":{"line":433,"column":47}},"174":{"start":{"line":434,"column":19},"end":{"line":434,"column":33}},"175":{"start":{"line":435,"column":14},"end":{"line":435,"column":16}},"176":{"start":{"line":436,"column":22},"end":{"line":436,"column":23}},"177":{"start":{"line":439,"column":15},"end":{"line":439,"column":50}},"178":{"start":{"line":440,"column":4},"end":{"line":440,"column":78}},"179":{"start":{"line":443,"column":2},"end":{"line":459,"column":3}},"180":{"start":{"line":444,"column":14},"end":{"line":444,"column":45}},"181":{"start":{"line":445,"column":4},"end":{"line":450,"column":7}},"182":{"start":{"line":452,"column":15},"end":{"line":452,"column":49}},"183":{"start":{"line":453,"column":4},"end":{"line":458,"column":7}},"184":{"start":{"line":461,"column":2},"end":{"line":479,"column":3}},"185":{"start":{"line":463,"column":22},"end":{"line":463,"column":47}},"186":{"start":{"line":464,"column":4},"end":{"line":469,"column":7}},"187":{"start":{"line":471,"column":18},"end":{"line":471,"column":41}},"188":{"start":{"line":472,"column":22},"end":{"line":472,"column":45}},"189":{"start":{"line":473,"column":4},"end":{"line":478,"column":7}},"190":{"start":{"line":481,"column":2},"end":{"line":498,"column":3}},"191":{"start":{"line":483,"column":25},"end":{"line":483,"column":60}},"192":{"start":{"line":484,"column":4},"end":{"line":489,"column":7}},"193":{"start":{"line":491,"column":17},"end":{"line":491,"column":51}},"194":{"start":{"line":492,"column":4},"end":{"line":497,"column":7}},"195":{"start":{"line":500,"column":17},"end":{"line":504,"column":4}},"196":{"start":{"line":500,"column":44},"end":{"line":500,"column":61}},"197":{"start":{"line":501,"column":4},"end":{"line":501,"column":57}},"198":{"start":{"line":502,"column":4},"end":{"line":502,"column":29}},"199":{"start":{"line":503,"column":4},"end":{"line":503,"column":13}},"200":{"start":{"line":506,"column":2},"end":{"line":506,"column":117}},"201":{"start":{"line":509,"column":0},"end":{"line":524,"column":2}}},"fnMap":{"0":{"name":"calculateBOM","decl":{"start":{"line":135,"column":9},"end":{"line":135,"column":21}},"loc":{"start":{"line":135,"column":61},"end":{"line":243,"column":1}},"line":135},"1":{"name":"p","decl":{"start":{"line":150,"column":11},"end":{"line":150,"column":12}},"loc":{"start":{"line":150,"column":28},"end":{"line":150,"column":149}},"line":150},"2":{"name":"pe","decl":{"start":{"line":151,"column":11},"end":{"line":151,"column":13}},"loc":{"start":{"line":151,"column":29},"end":{"line":151,"column":145}},"line":151},"3":{"name":"(anonymous_3)","decl":{"start":{"line":236,"column":32},"end":{"line":236,"column":33}},"loc":{"start":{"line":236,"column":37},"end":{"line":236,"column":46}},"line":236},"4":{"name":"(anonymous_4)","decl":{"start":{"line":236,"column":52},"end":{"line":236,"column":53}},"loc":{"start":{"line":236,"column":57},"end":{"line":240,"column":3}},"line":236},"5":{"name":"catmullRom","decl":{"start":{"line":248,"column":9},"end":{"line":248,"column":19}},"loc":{"start":{"line":248,"column":39},"end":{"line":254,"column":1}},"line":248},"6":{"name":"getSplinePoints","decl":{"start":{"line":259,"column":9},"end":{"line":259,"column":24}},"loc":{"start":{"line":259,"column":41},"end":{"line":280,"column":1}},"line":259},"7":{"name":"calculateFootage","decl":{"start":{"line":289,"column":9},"end":{"line":289,"column":25}},"loc":{"start":{"line":289,"column":53},"end":{"line":307,"column":1}},"line":289},"8":{"name":"distBetween","decl":{"start":{"line":312,"column":9},"end":{"line":312,"column":20}},"loc":{"start":{"line":312,"column":29},"end":{"line":321,"column":1}},"line":312},"9":{"name":"getPrice","decl":{"start":{"line":326,"column":9},"end":{"line":326,"column":17}},"loc":{"start":{"line":326,"column":67},"end":{"line":330,"column":1}},"line":326},"10":{"name":"encodeEstimate","decl":{"start":{"line":335,"column":9},"end":{"line":335,"column":23}},"loc":{"start":{"line":335,"column":30},"end":{"line":337,"column":1}},"line":335},"11":{"name":"decodeEstimate","decl":{"start":{"line":342,"column":9},"end":{"line":342,"column":23}},"loc":{"start":{"line":342,"column":33},"end":{"line":344,"column":1}},"line":342},"12":{"name":"customItemsTotal","decl":{"start":{"line":349,"column":9},"end":{"line":349,"column":25}},"loc":{"start":{"line":349,"column":33},"end":{"line":351,"column":1}},"line":349},"13":{"name":"(anonymous_13)","decl":{"start":{"line":350,"column":22},"end":{"line":350,"column":23}},"loc":{"start":{"line":350,"column":34},"end":{"line":350,"column":60}},"line":350},"14":{"name":"calculatePolygonArea","decl":{"start":{"line":371,"column":9},"end":{"line":371,"column":29}},"loc":{"start":{"line":371,"column":38},"end":{"line":398,"column":1}},"line":371},"15":{"name":"(anonymous_15)","decl":{"start":{"line":380,"column":22},"end":{"line":380,"column":23}},"loc":{"start":{"line":380,"column":34},"end":{"line":385,"column":3}},"line":380},"16":{"name":"calculatePolygonPerimeter","decl":{"start":{"line":403,"column":9},"end":{"line":403,"column":34}},"loc":{"start":{"line":403,"column":43},"end":{"line":411,"column":1}},"line":403},"17":{"name":"calculateMulchBOM","decl":{"start":{"line":425,"column":9},"end":{"line":425,"column":26}},"loc":{"start":{"line":425,"column":73},"end":{"line":507,"column":1}},"line":425},"18":{"name":"mp","decl":{"start":{"line":438,"column":11},"end":{"line":438,"column":13}},"loc":{"start":{"line":438,"column":29},"end":{"line":441,"column":3}},"line":438},"19":{"name":"(anonymous_19)","decl":{"start":{"line":500,"column":30},"end":{"line":500,"column":31}},"loc":{"start":{"line":500,"column":42},"end":{"line":500,"column":63}},"line":500},"20":{"name":"(anonymous_20)","decl":{"start":{"line":500,"column":69},"end":{"line":500,"column":70}},"loc":{"start":{"line":500,"column":81},"end":{"line":504,"column":3}},"line":500}},"branchMap":{"0":{"loc":{"start":{"line":135,"column":47},"end":{"line":135,"column":59}},"type":"default-arg","locations":[{"start":{"line":135,"column":57},"end":{"line":135,"column":59}}],"line":135},"1":{"loc":{"start":{"line":136,"column":24},"end":{"line":136,"column":51}},"type":"binary-expr","locations":[{"start":{"line":136,"column":24},"end":{"line":136,"column":45}},{"start":{"line":136,"column":49},"end":{"line":136,"column":51}}],"line":136},"2":{"loc":{"start":{"line":137,"column":22},"end":{"line":137,"column":50}},"type":"binary-expr","locations":[{"start":{"line":137,"column":22},"end":{"line":137,"column":41}},{"start":{"line":137,"column":45},"end":{"line":137,"column":50}}],"line":137},"3":{"loc":{"start":{"line":138,"column":26},"end":{"line":138,"column":54}},"type":"binary-expr","locations":[{"start":{"line":138,"column":26},"end":{"line":138,"column":49}},{"start":{"line":138,"column":53},"end":{"line":138,"column":54}}],"line":138},"4":{"loc":{"start":{"line":141,"column":2},"end":{"line":141,"column":50}},"type":"if","locations":[{"start":{"line":141,"column":2},"end":{"line":141,"column":50}},{"start":{},"end":{}}],"line":141},"5":{"loc":{"start":{"line":141,"column":6},"end":{"line":141,"column":36}},"type":"binary-expr","locations":[{"start":{"line":141,"column":6},"end":{"line":141,"column":11}},{"start":{"line":141,"column":15},"end":{"line":141,"column":36}}],"line":141},"6":{"loc":{"start":{"line":150,"column":80},"end":{"line":150,"column":146}},"type":"cond-expr","locations":[{"start":{"line":150,"column":116},"end":{"line":150,"column":135}},{"start":{"line":150,"column":138},"end":{"line":150,"column":146}}],"line":150},"7":{"loc":{"start":{"line":151,"column":76},"end":{"line":151,"column":142}},"type":"cond-expr","locations":[{"start":{"line":151,"column":112},"end":{"line":151,"column":131}},{"start":{"line":151,"column":134},"end":{"line":151,"column":142}}],"line":151},"8":{"loc":{"start":{"line":153,"column":2},"end":{"line":234,"column":3}},"type":"if","locations":[{"start":{"line":153,"column":2},"end":{"line":234,"column":3}},{"start":{"line":169,"column":7},"end":{"line":234,"column":3}}],"line":153},"9":{"loc":{"start":{"line":169,"column":7},"end":{"line":234,"column":3}},"type":"if","locations":[{"start":{"line":169,"column":7},"end":{"line":234,"column":3}},{"start":{"line":181,"column":7},"end":{"line":234,"column":3}}],"line":169},"10":{"loc":{"start":{"line":181,"column":7},"end":{"line":234,"column":3}},"type":"if","locations":[{"start":{"line":181,"column":7},"end":{"line":234,"column":3}},{"start":{"line":211,"column":7},"end":{"line":234,"column":3}}],"line":181},"11":{"loc":{"start":{"line":182,"column":20},"end":{"line":182,"column":84}},"type":"cond-expr","locations":[{"start":{"line":182,"column":34},"end":{"line":182,"column":49}},{"start":{"line":182,"column":52},"end":{"line":182,"column":84}}],"line":182},"12":{"loc":{"start":{"line":211,"column":7},"end":{"line":234,"column":3}},"type":"if","locations":[{"start":{"line":211,"column":7},"end":{"line":234,"column":3}},{"start":{"line":223,"column":7},"end":{"line":234,"column":3}}],"line":211},"13":{"loc":{"start":{"line":223,"column":7},"end":{"line":234,"column":3}},"type":"if","locations":[{"start":{"line":223,"column":7},"end":{"line":234,"column":3}},{"start":{},"end":{}}],"line":223},"14":{"loc":{"start":{"line":260,"column":2},"end":{"line":260,"column":39}},"type":"if","locations":[{"start":{"line":260,"column":2},"end":{"line":260,"column":39}},{"start":{},"end":{}}],"line":260},"15":{"loc":{"start":{"line":262,"column":14},"end":{"line":262,"column":65}},"type":"cond-expr","locations":[{"start":{"line":262,"column":23},"end":{"line":262,"column":56}},{"start":{"line":262,"column":59},"end":{"line":262,"column":65}}],"line":262},"16":{"loc":{"start":{"line":277,"column":2},"end":{"line":277,"column":48}},"type":"if","locations":[{"start":{"line":277,"column":2},"end":{"line":277,"column":48}},{"start":{},"end":{}}],"line":277},"17":{"loc":{"start":{"line":292,"column":2},"end":{"line":304,"column":3}},"type":"if","locations":[{"start":{"line":292,"column":2},"end":{"line":304,"column":3}},{"start":{"line":297,"column":9},"end":{"line":304,"column":3}}],"line":292},"18":{"loc":{"start":{"line":292,"column":6},"end":{"line":292,"column":37}},"type":"binary-expr","locations":[{"start":{"line":292,"column":6},"end":{"line":292,"column":15}},{"start":{"line":292,"column":19},"end":{"line":292,"column":37}}],"line":292},"19":{"loc":{"start":{"line":301,"column":4},"end":{"line":303,"column":5}},"type":"if","locations":[{"start":{"line":301,"column":4},"end":{"line":303,"column":5}},{"start":{},"end":{}}],"line":301},"20":{"loc":{"start":{"line":301,"column":8},"end":{"line":301,"column":35}},"type":"binary-expr","locations":[{"start":{"line":301,"column":8},"end":{"line":301,"column":14}},{"start":{"line":301,"column":18},"end":{"line":301,"column":35}}],"line":301},"21":{"loc":{"start":{"line":328,"column":2},"end":{"line":328,"column":85}},"type":"if","locations":[{"start":{"line":328,"column":2},"end":{"line":328,"column":85}},{"start":{},"end":{}}],"line":328},"22":{"loc":{"start":{"line":328,"column":6},"end":{"line":328,"column":56}},"type":"binary-expr","locations":[{"start":{"line":328,"column":6},"end":{"line":328,"column":19}},{"start":{"line":328,"column":23},"end":{"line":328,"column":56}}],"line":328},"23":{"loc":{"start":{"line":372,"column":2},"end":{"line":372,"column":34}},"type":"if","locations":[{"start":{"line":372,"column":2},"end":{"line":372,"column":34}},{"start":{},"end":{}}],"line":372},"24":{"loc":{"start":{"line":404,"column":2},"end":{"line":404,"column":34}},"type":"if","locations":[{"start":{"line":404,"column":2},"end":{"line":404,"column":34}},{"start":{},"end":{}}],"line":404},"25":{"loc":{"start":{"line":426,"column":12},"end":{"line":426,"column":25}},"type":"binary-expr","locations":[{"start":{"line":426,"column":12},"end":{"line":426,"column":19}},{"start":{"line":426,"column":23},"end":{"line":426,"column":25}}],"line":426},"26":{"loc":{"start":{"line":427,"column":21},"end":{"line":427,"column":51}},"type":"binary-expr","locations":[{"start":{"line":427,"column":21},"end":{"line":427,"column":41}},{"start":{"line":427,"column":45},"end":{"line":427,"column":51}}],"line":427},"27":{"loc":{"start":{"line":428,"column":22},"end":{"line":428,"column":49}},"type":"binary-expr","locations":[{"start":{"line":428,"column":22},"end":{"line":428,"column":43}},{"start":{"line":428,"column":47},"end":{"line":428,"column":49}}],"line":428},"28":{"loc":{"start":{"line":431,"column":2},"end":{"line":431,"column":24}},"type":"if","locations":[{"start":{"line":431,"column":2},"end":{"line":431,"column":24}},{"start":{},"end":{}}],"line":431},"29":{"loc":{"start":{"line":440,"column":11},"end":{"line":440,"column":77}},"type":"cond-expr","locations":[{"start":{"line":440,"column":47},"end":{"line":440,"column":66}},{"start":{"line":440,"column":69},"end":{"line":440,"column":77}}],"line":440},"30":{"loc":{"start":{"line":443,"column":2},"end":{"line":459,"column":3}},"type":"if","locations":[{"start":{"line":443,"column":2},"end":{"line":459,"column":3}},{"start":{"line":451,"column":9},"end":{"line":459,"column":3}}],"line":443},"31":{"loc":{"start":{"line":461,"column":2},"end":{"line":479,"column":3}},"type":"if","locations":[{"start":{"line":461,"column":2},"end":{"line":479,"column":3}},{"start":{},"end":{}}],"line":461},"32":{"loc":{"start":{"line":481,"column":2},"end":{"line":498,"column":3}},"type":"if","locations":[{"start":{"line":481,"column":2},"end":{"line":498,"column":3}},{"start":{},"end":{}}],"line":481},"33":{"loc":{"start":{"line":481,"column":6},"end":{"line":481,"column":46}},"type":"binary-expr","locations":[{"start":{"line":481,"column":6},"end":{"line":481,"column":23}},{"start":{"line":481,"column":27},"end":{"line":481,"column":46}}],"line":481}},"s":{"0":1,"1":64,"2":64,"3":64,"4":64,"5":64,"6":2,"7":62,"8":62,"9":62,"10":62,"11":62,"12":62,"13":170,"14":170,"15":313,"16":313,"17":62,"18":20,"19":20,"20":20,"21":20,"22":20,"23":20,"24":20,"25":20,"26":20,"27":20,"28":20,"29":20,"30":20,"31":42,"32":10,"33":10,"34":10,"35":10,"36":10,"37":10,"38":10,"39":10,"40":10,"41":32,"42":13,"43":13,"44":13,"45":13,"46":13,"47":13,"48":13,"49":13,"50":13,"51":13,"52":13,"53":13,"54":13,"55":13,"56":13,"57":13,"58":13,"59":13,"60":13,"61":13,"62":13,"63":13,"64":13,"65":13,"66":13,"67":13,"68":13,"69":19,"70":10,"71":10,"72":10,"73":10,"74":10,"75":10,"76":10,"77":10,"78":10,"79":9,"80":9,"81":9,"82":9,"83":9,"84":9,"85":9,"86":9,"87":9,"88":9,"89":62,"90":483,"91":475,"92":475,"93":475,"94":62,"95":196,"96":196,"97":196,"98":7,"99":1,"100":6,"101":6,"102":6,"103":6,"104":6,"105":16,"106":16,"107":16,"108":16,"109":16,"110":16,"111":192,"112":192,"113":6,"114":5,"115":6,"116":9,"117":9,"118":1,"119":1,"120":1,"121":24,"122":8,"123":8,"124":9,"125":8,"126":1,"127":9,"128":41,"129":41,"130":41,"131":41,"132":41,"133":41,"134":4,"135":4,"136":2,"137":2,"138":4,"139":4,"140":6,"141":7,"142":1,"143":7,"144":3,"145":4,"146":4,"147":4,"148":4,"149":4,"150":15,"151":4,"152":4,"153":4,"154":15,"155":15,"156":15,"157":4,"158":4,"159":3,"160":2,"161":1,"162":1,"163":1,"164":4,"165":4,"166":1,"167":24,"168":24,"169":24,"170":24,"171":24,"172":1,"173":23,"174":23,"175":23,"176":23,"177":27,"178":27,"179":23,"180":2,"181":2,"182":21,"183":21,"184":23,"185":1,"186":1,"187":1,"188":1,"189":1,"190":23,"191":1,"192":1,"193":1,"194":1,"195":23,"196":27,"197":26,"198":26,"199":26,"200":23,"201":1},"f":{"0":64,"1":170,"2":313,"3":483,"4":475,"5":196,"6":7,"7":9,"8":41,"9":4,"10":4,"11":4,"12":6,"13":7,"14":7,"15":15,"16":3,"17":24,"18":27,"19":27,"20":26},"b":{"0":[56],"1":[64,59],"2":[64,63],"3":[64,61],"4":[2,62],"5":[64,63],"6":[3,167],"7":[1,312],"8":[20,42],"9":[10,32],"10":[13,19],"11":[1,12],"12":[10,9],"13":[9,0],"14":[1,6],"15":[1,5],"16":[5,1],"17":[1,8],"18":[9,2],"19":[1,7],"20":[8,1],"21":[2,2],"22":[4,3],"23":[3,4],"24":[2,1],"25":[24,18],"26":[24,22],"27":[24,22],"28":[1,23],"29":[2,25],"30":[2,21],"31":[1,22],"32":[1,22],"33":[23,2]},"_coverageSchema":"1a1c01bbd47fc00a2c39e90264f33305004495a9","hash":"4aa35c25fcc7637b28c73ffbda21ac69318f3578"}
,"C:\\Users\\porte\\ravenwingweb\\handlers\\approval.js": {"path":"C:\\Users\\porte\\ravenwingweb\\handlers\\approval.js","statementMap":{"0":{"start":{"line":1,"column":11},"end":{"line":1,"column":34}},"1":{"start":{"line":2,"column":13},"end":{"line":2,"column":34}},"2":{"start":{"line":3,"column":12},"end":{"line":3,"column":37}},"3":{"start":{"line":4,"column":15},"end":{"line":4,"column":32}},"4":{"start":{"line":7,"column":0},"end":{"line":41,"column":2}},"5":{"start":{"line":8,"column":20},"end":{"line":8,"column":54}},"6":{"start":{"line":9,"column":2},"end":{"line":9,"column":41}},"7":{"start":{"line":9,"column":18},"end":{"line":9,"column":41}},"8":{"start":{"line":11,"column":13},"end":{"line":11,"column":36}},"9":{"start":{"line":12,"column":20},"end":{"line":12,"column":70}},"10":{"start":{"line":13,"column":14},"end":{"line":13,"column":42}},"11":{"start":{"line":13,"column":30},"end":{"line":13,"column":41}},"12":{"start":{"line":14,"column":2},"end":{"line":14,"column":34}},"13":{"start":{"line":14,"column":12},"end":{"line":14,"column":34}},"14":{"start":{"line":17,"column":21},"end":{"line":17,"column":58}},"15":{"start":{"line":19,"column":18},"end":{"line":25,"column":3}},"16":{"start":{"line":28,"column":2},"end":{"line":33,"column":3}},"17":{"start":{"line":29,"column":4},"end":{"line":32,"column":7}},"18":{"start":{"line":35,"column":2},"end":{"line":35,"column":43}},"19":{"start":{"line":37,"column":17},"end":{"line":37,"column":69}},"20":{"start":{"line":38,"column":15},"end":{"line":38,"column":59}},"21":{"start":{"line":40,"column":2},"end":{"line":40,"column":38}},"22":{"start":{"line":44,"column":0},"end":{"line":80,"column":2}},"23":{"start":{"line":45,"column":16},"end":{"line":45,"column":42}},"24":{"start":{"line":46,"column":2},"end":{"line":46,"column":46}},"25":{"start":{"line":46,"column":14},"end":{"line":46,"column":46}},"26":{"start":{"line":48,"column":16},"end":{"line":48,"column":51}},"27":{"start":{"line":49,"column":2},"end":{"line":49,"column":68}},"28":{"start":{"line":49,"column":26},"end":{"line":49,"column":68}},"29":{"start":{"line":51,"column":14},"end":{"line":51,"column":22}},"30":{"start":{"line":54,"column":20},"end":{"line":54,"column":62}},"31":{"start":{"line":55,"column":20},"end":{"line":55,"column":22}},"32":{"start":{"line":56,"column":2},"end":{"line":59,"column":3}},"33":{"start":{"line":57,"column":20},"end":{"line":57,"column":67}},"34":{"start":{"line":58,"column":4},"end":{"line":58,"column":73}},"35":{"start":{"line":58,"column":17},"end":{"line":58,"column":73}},"36":{"start":{"line":62,"column":2},"end":{"line":79,"column":5}},"37":{"start":{"line":73,"column":39},"end":{"line":73,"column":71}},"38":{"start":{"line":83,"column":0},"end":{"line":116,"column":2}},"39":{"start":{"line":84,"column":16},"end":{"line":84,"column":42}},"40":{"start":{"line":85,"column":2},"end":{"line":85,"column":46}},"41":{"start":{"line":85,"column":14},"end":{"line":85,"column":46}},"42":{"start":{"line":87,"column":15},"end":{"line":87,"column":45}},"43":{"start":{"line":88,"column":17},"end":{"line":88,"column":28}},"44":{"start":{"line":89,"column":18},"end":{"line":89,"column":36}},"45":{"start":{"line":91,"column":2},"end":{"line":93,"column":3}},"46":{"start":{"line":92,"column":4},"end":{"line":92,"column":81}},"47":{"start":{"line":95,"column":16},"end":{"line":95,"column":51}},"48":{"start":{"line":96,"column":2},"end":{"line":96,"column":68}},"49":{"start":{"line":96,"column":26},"end":{"line":96,"column":68}},"50":{"start":{"line":98,"column":14},"end":{"line":98,"column":22}},"51":{"start":{"line":100,"column":23},"end":{"line":104,"column":3}},"52":{"start":{"line":106,"column":18},"end":{"line":106,"column":43}},"53":{"start":{"line":107,"column":2},"end":{"line":107,"column":29}},"54":{"start":{"line":109,"column":2},"end":{"line":113,"column":5}},"55":{"start":{"line":115,"column":2},"end":{"line":115,"column":74}}},"fnMap":{"0":{"name":"(anonymous_0)","decl":{"start":{"line":7,"column":23},"end":{"line":7,"column":24}},"loc":{"start":{"line":7,"column":40},"end":{"line":41,"column":1}},"line":7},"1":{"name":"(anonymous_1)","decl":{"start":{"line":13,"column":25},"end":{"line":13,"column":26}},"loc":{"start":{"line":13,"column":30},"end":{"line":13,"column":41}},"line":13},"2":{"name":"(anonymous_2)","decl":{"start":{"line":44,"column":27},"end":{"line":44,"column":28}},"loc":{"start":{"line":44,"column":44},"end":{"line":80,"column":1}},"line":44},"3":{"name":"(anonymous_3)","decl":{"start":{"line":73,"column":33},"end":{"line":73,"column":34}},"loc":{"start":{"line":73,"column":39},"end":{"line":73,"column":71}},"line":73},"4":{"name":"(anonymous_4)","decl":{"start":{"line":83,"column":25},"end":{"line":83,"column":26}},"loc":{"start":{"line":83,"column":42},"end":{"line":116,"column":1}},"line":83}},"branchMap":{"0":{"loc":{"start":{"line":9,"column":2},"end":{"line":9,"column":41}},"type":"if","locations":[{"start":{"line":9,"column":2},"end":{"line":9,"column":41}},{"start":{},"end":{}}],"line":9},"1":{"loc":{"start":{"line":14,"column":2},"end":{"line":14,"column":34}},"type":"if","locations":[{"start":{"line":14,"column":2},"end":{"line":14,"column":34}},{"start":{},"end":{}}],"line":14},"2":{"loc":{"start":{"line":17,"column":21},"end":{"line":17,"column":58}},"type":"binary-expr","locations":[{"start":{"line":17,"column":21},"end":{"line":17,"column":35}},{"start":{"line":17,"column":39},"end":{"line":17,"column":58}}],"line":17},"3":{"loc":{"start":{"line":28,"column":2},"end":{"line":33,"column":3}},"type":"if","locations":[{"start":{"line":28,"column":2},"end":{"line":33,"column":3}},{"start":{},"end":{}}],"line":28},"4":{"loc":{"start":{"line":37,"column":17},"end":{"line":37,"column":69}},"type":"binary-expr","locations":[{"start":{"line":37,"column":17},"end":{"line":37,"column":38}},{"start":{"line":37,"column":42},"end":{"line":37,"column":63}},{"start":{"line":37,"column":67},"end":{"line":37,"column":69}}],"line":37},"5":{"loc":{"start":{"line":46,"column":2},"end":{"line":46,"column":46}},"type":"if","locations":[{"start":{"line":46,"column":2},"end":{"line":46,"column":46}},{"start":{},"end":{}}],"line":46},"6":{"loc":{"start":{"line":49,"column":2},"end":{"line":49,"column":68}},"type":"if","locations":[{"start":{"line":49,"column":2},"end":{"line":49,"column":68}},{"start":{},"end":{}}],"line":49},"7":{"loc":{"start":{"line":54,"column":21},"end":{"line":54,"column":37}},"type":"binary-expr","locations":[{"start":{"line":54,"column":21},"end":{"line":54,"column":31}},{"start":{"line":54,"column":35},"end":{"line":54,"column":37}}],"line":54},"8":{"loc":{"start":{"line":56,"column":2},"end":{"line":59,"column":3}},"type":"if","locations":[{"start":{"line":56,"column":2},"end":{"line":59,"column":3}},{"start":{},"end":{}}],"line":56},"9":{"loc":{"start":{"line":58,"column":4},"end":{"line":58,"column":73}},"type":"if","locations":[{"start":{"line":58,"column":4},"end":{"line":58,"column":73}},{"start":{},"end":{}}],"line":58},"10":{"loc":{"start":{"line":58,"column":31},"end":{"line":58,"column":72}},"type":"binary-expr","locations":[{"start":{"line":58,"column":31},"end":{"line":58,"column":50}},{"start":{"line":58,"column":54},"end":{"line":58,"column":66}},{"start":{"line":58,"column":70},"end":{"line":58,"column":72}}],"line":58},"11":{"loc":{"start":{"line":63,"column":18},"end":{"line":63,"column":40}},"type":"binary-expr","locations":[{"start":{"line":63,"column":18},"end":{"line":63,"column":34}},{"start":{"line":63,"column":38},"end":{"line":63,"column":40}}],"line":63},"12":{"loc":{"start":{"line":64,"column":19},"end":{"line":64,"column":42}},"type":"binary-expr","locations":[{"start":{"line":64,"column":19},"end":{"line":64,"column":36}},{"start":{"line":64,"column":40},"end":{"line":64,"column":42}}],"line":64},"13":{"loc":{"start":{"line":65,"column":21},"end":{"line":65,"column":46}},"type":"binary-expr","locations":[{"start":{"line":65,"column":21},"end":{"line":65,"column":40}},{"start":{"line":65,"column":44},"end":{"line":65,"column":46}}],"line":65},"14":{"loc":{"start":{"line":66,"column":15},"end":{"line":66,"column":34}},"type":"binary-expr","locations":[{"start":{"line":66,"column":15},"end":{"line":66,"column":28}},{"start":{"line":66,"column":32},"end":{"line":66,"column":34}}],"line":66},"15":{"loc":{"start":{"line":67,"column":17},"end":{"line":67,"column":37}},"type":"binary-expr","locations":[{"start":{"line":67,"column":17},"end":{"line":67,"column":32}},{"start":{"line":67,"column":36},"end":{"line":67,"column":37}}],"line":67},"16":{"loc":{"start":{"line":68,"column":16},"end":{"line":68,"column":35}},"type":"binary-expr","locations":[{"start":{"line":68,"column":16},"end":{"line":68,"column":30}},{"start":{"line":68,"column":34},"end":{"line":68,"column":35}}],"line":68},"17":{"loc":{"start":{"line":69,"column":15},"end":{"line":69,"column":33}},"type":"binary-expr","locations":[{"start":{"line":69,"column":15},"end":{"line":69,"column":28}},{"start":{"line":69,"column":32},"end":{"line":69,"column":33}}],"line":69},"18":{"loc":{"start":{"line":70,"column":15},"end":{"line":70,"column":33}},"type":"binary-expr","locations":[{"start":{"line":70,"column":15},"end":{"line":70,"column":28}},{"start":{"line":70,"column":32},"end":{"line":70,"column":33}}],"line":70},"19":{"loc":{"start":{"line":71,"column":19},"end":{"line":71,"column":41}},"type":"binary-expr","locations":[{"start":{"line":71,"column":19},"end":{"line":71,"column":36}},{"start":{"line":71,"column":40},"end":{"line":71,"column":41}}],"line":71},"20":{"loc":{"start":{"line":72,"column":9},"end":{"line":72,"column":22}},"type":"binary-expr","locations":[{"start":{"line":72,"column":9},"end":{"line":72,"column":16}},{"start":{"line":72,"column":20},"end":{"line":72,"column":22}}],"line":72},"21":{"loc":{"start":{"line":73,"column":12},"end":{"line":73,"column":27}},"type":"binary-expr","locations":[{"start":{"line":73,"column":12},"end":{"line":73,"column":21}},{"start":{"line":73,"column":25},"end":{"line":73,"column":27}}],"line":73},"22":{"loc":{"start":{"line":74,"column":12},"end":{"line":74,"column":28}},"type":"binary-expr","locations":[{"start":{"line":74,"column":12},"end":{"line":74,"column":22}},{"start":{"line":74,"column":26},"end":{"line":74,"column":28}}],"line":74},"23":{"loc":{"start":{"line":75,"column":20},"end":{"line":75,"column":49}},"type":"binary-expr","locations":[{"start":{"line":75,"column":20},"end":{"line":75,"column":38}},{"start":{"line":75,"column":42},"end":{"line":75,"column":49}}],"line":75},"24":{"loc":{"start":{"line":76,"column":21},"end":{"line":76,"column":46}},"type":"binary-expr","locations":[{"start":{"line":76,"column":21},"end":{"line":76,"column":40}},{"start":{"line":76,"column":44},"end":{"line":76,"column":46}}],"line":76},"25":{"loc":{"start":{"line":78,"column":15},"end":{"line":78,"column":34}},"type":"binary-expr","locations":[{"start":{"line":78,"column":15},"end":{"line":78,"column":28}},{"start":{"line":78,"column":32},"end":{"line":78,"column":34}}],"line":78},"26":{"loc":{"start":{"line":85,"column":2},"end":{"line":85,"column":46}},"type":"if","locations":[{"start":{"line":85,"column":2},"end":{"line":85,"column":46}},{"start":{},"end":{}}],"line":85},"27":{"loc":{"start":{"line":87,"column":26},"end":{"line":87,"column":44}},"type":"binary-expr","locations":[{"start":{"line":87,"column":26},"end":{"line":87,"column":36}},{"start":{"line":87,"column":40},"end":{"line":87,"column":44}}],"line":87},"28":{"loc":{"start":{"line":89,"column":18},"end":{"line":89,"column":36}},"type":"binary-expr","locations":[{"start":{"line":89,"column":18},"end":{"line":89,"column":30}},{"start":{"line":89,"column":34},"end":{"line":89,"column":36}}],"line":89},"29":{"loc":{"start":{"line":91,"column":2},"end":{"line":93,"column":3}},"type":"if","locations":[{"start":{"line":91,"column":2},"end":{"line":93,"column":3}},{"start":{},"end":{}}],"line":91},"30":{"loc":{"start":{"line":96,"column":2},"end":{"line":96,"column":68}},"type":"if","locations":[{"start":{"line":96,"column":2},"end":{"line":96,"column":68}},{"start":{},"end":{}}],"line":96},"31":{"loc":{"start":{"line":106,"column":18},"end":{"line":106,"column":43}},"type":"binary-expr","locations":[{"start":{"line":106,"column":18},"end":{"line":106,"column":37}},{"start":{"line":106,"column":41},"end":{"line":106,"column":43}}],"line":106}},"s":{"0":1,"1":1,"2":1,"3":1,"4":1,"5":4,"6":4,"7":1,"8":3,"9":3,"10":3,"11":2,"12":3,"13":1,"14":2,"15":2,"16":2,"17":2,"18":2,"19":2,"20":2,"21":2,"22":1,"23":2,"24":2,"25":0,"26":2,"27":2,"28":1,"29":1,"30":1,"31":1,"32":1,"33":1,"34":1,"35":1,"36":1,"37":0,"38":1,"39":4,"40":4,"41":0,"42":4,"43":4,"44":4,"45":4,"46":1,"47":3,"48":3,"49":1,"50":2,"51":2,"52":2,"53":2,"54":2,"55":2},"f":{"0":4,"1":2,"2":2,"3":0,"4":4},"b":{"0":[1,3],"1":[1,2],"2":[2,1],"3":[2,0],"4":[2,0,0],"5":[0,2],"6":[1,1],"7":[1,0],"8":[1,0],"9":[1,0],"10":[1,1,0],"11":[1,0],"12":[1,1],"13":[1,1],"14":[1,0],"15":[1,1],"16":[1,1],"17":[1,1],"18":[1,0],"19":[1,1],"20":[1,0],"21":[1,1],"22":[1,1],"23":[1,0],"24":[1,1],"25":[1,1],"26":[0,4],"27":[4,0],"28":[4,2],"29":[1,3],"30":[1,2],"31":[2,0]},"_coverageSchema":"1a1c01bbd47fc00a2c39e90264f33305004495a9","hash":"7e389bf805517f282d71bd9194037f74b3ef434f"}
,"C:\\Users\\porte\\ravenwingweb\\handlers\\auth.js": {"path":"C:\\Users\\porte\\ravenwingweb\\handlers\\auth.js","statementMap":{"0":{"start":{"line":1,"column":11},"end":{"line":1,"column":34}},"1":{"start":{"line":2,"column":15},"end":{"line":2,"column":32}},"2":{"start":{"line":4,"column":0},"end":{"line":75,"column":2}},"3":{"start":{"line":5,"column":25},"end":{"line":5,"column":53}},"4":{"start":{"line":6,"column":22},"end":{"line":6,"column":88}},"5":{"start":{"line":7,"column":22},"end":{"line":7,"column":78}},"6":{"start":{"line":8,"column":14},"end":{"line":8,"column":38}},"7":{"start":{"line":11,"column":2},"end":{"line":38,"column":3}},"8":{"start":{"line":12,"column":18},"end":{"line":12,"column":60}},"9":{"start":{"line":13,"column":4},"end":{"line":37,"column":5}},"10":{"start":{"line":14,"column":21},"end":{"line":14,"column":29}},"11":{"start":{"line":15,"column":24},"end":{"line":15,"column":61}},"12":{"start":{"line":18,"column":6},"end":{"line":27,"column":9}},"13":{"start":{"line":30,"column":6},"end":{"line":34,"column":9}},"14":{"start":{"line":36,"column":6},"end":{"line":36,"column":19}},"15":{"start":{"line":41,"column":20},"end":{"line":41,"column":39}},"16":{"start":{"line":42,"column":20},"end":{"line":42,"column":81}},"17":{"start":{"line":45,"column":2},"end":{"line":60,"column":5}},"18":{"start":{"line":63,"column":2},"end":{"line":72,"column":5}},"19":{"start":{"line":74,"column":2},"end":{"line":74,"column":15}}},"fnMap":{"0":{"name":"(anonymous_0)","decl":{"start":{"line":4,"column":34},"end":{"line":4,"column":35}},"loc":{"start":{"line":4,"column":51},"end":{"line":75,"column":1}},"line":4}},"branchMap":{"0":{"loc":{"start":{"line":6,"column":22},"end":{"line":6,"column":88}},"type":"binary-expr","locations":[{"start":{"line":6,"column":22},"end":{"line":6,"column":72}},{"start":{"line":6,"column":76},"end":{"line":6,"column":88}}],"line":6},"1":{"loc":{"start":{"line":7,"column":22},"end":{"line":7,"column":78}},"type":"binary-expr","locations":[{"start":{"line":7,"column":22},"end":{"line":7,"column":72}},{"start":{"line":7,"column":76},"end":{"line":7,"column":78}}],"line":7},"2":{"loc":{"start":{"line":11,"column":2},"end":{"line":38,"column":3}},"type":"if","locations":[{"start":{"line":11,"column":2},"end":{"line":38,"column":3}},{"start":{},"end":{}}],"line":11},"3":{"loc":{"start":{"line":13,"column":4},"end":{"line":37,"column":5}},"type":"if","locations":[{"start":{"line":13,"column":4},"end":{"line":37,"column":5}},{"start":{},"end":{}}],"line":13},"4":{"loc":{"start":{"line":13,"column":8},"end":{"line":13,"column":57}},"type":"binary-expr","locations":[{"start":{"line":13,"column":8},"end":{"line":13,"column":24}},{"start":{"line":13,"column":28},"end":{"line":13,"column":57}}],"line":13}},"s":{"0":9,"1":9,"2":9,"3":9,"4":9,"5":9,"6":9,"7":9,"8":2,"9":2,"10":1,"11":1,"12":1,"13":1,"14":1,"15":8,"16":8,"17":8,"18":8,"19":8},"f":{"0":9},"b":{"0":[9,1],"1":[9,7],"2":[2,7],"3":[1,1],"4":[2,1]},"_coverageSchema":"1a1c01bbd47fc00a2c39e90264f33305004495a9","hash":"cc9c52348c40accd7d471cda909d0c233c05ff15"}
,"C:\\Users\\porte\\ravenwingweb\\handlers\\billing.js": {"path":"C:\\Users\\porte\\ravenwingweb\\handlers\\billing.js","statementMap":{"0":{"start":{"line":1,"column":11},"end":{"line":1,"column":34}},"1":{"start":{"line":2,"column":13},"end":{"line":2,"column":34}},"2":{"start":{"line":3,"column":12},"end":{"line":3,"column":37}},"3":{"start":{"line":7,"column":2},"end":{"line":7,"column":73}},"4":{"start":{"line":7,"column":15},"end":{"line":7,"column":73}},"5":{"start":{"line":8,"column":2},"end":{"line":8,"column":16}},"6":{"start":{"line":12,"column":24},"end":{"line":16,"column":1}},"7":{"start":{"line":17,"column":23},"end":{"line":17,"column":93}},"8":{"start":{"line":20,"column":2},"end":{"line":20,"column":61}},"9":{"start":{"line":20,"column":39},"end":{"line":20,"column":61}},"10":{"start":{"line":21,"column":2},"end":{"line":29,"column":3}},"11":{"start":{"line":22,"column":19},"end":{"line":22,"column":31}},"12":{"start":{"line":23,"column":22},"end":{"line":25,"column":6}},"13":{"start":{"line":24,"column":6},"end":{"line":24,"column":36}},"14":{"start":{"line":26,"column":4},"end":{"line":26,"column":44}},"15":{"start":{"line":28,"column":4},"end":{"line":28,"column":26}},"16":{"start":{"line":32,"column":0},"end":{"line":81,"column":2}},"17":{"start":{"line":33,"column":20},"end":{"line":33,"column":54}},"18":{"start":{"line":34,"column":2},"end":{"line":34,"column":41}},"19":{"start":{"line":34,"column":18},"end":{"line":34,"column":41}},"20":{"start":{"line":36,"column":18},"end":{"line":36,"column":65}},"21":{"start":{"line":37,"column":2},"end":{"line":37,"column":38}},"22":{"start":{"line":37,"column":16},"end":{"line":37,"column":38}},"23":{"start":{"line":39,"column":12},"end":{"line":39,"column":23}},"24":{"start":{"line":40,"column":15},"end":{"line":40,"column":45}},"25":{"start":{"line":41,"column":20},"end":{"line":41,"column":53}},"26":{"start":{"line":44,"column":21},"end":{"line":48,"column":3}},"27":{"start":{"line":49,"column":15},"end":{"line":49,"column":33}},"28":{"start":{"line":50,"column":18},"end":{"line":50,"column":97}},"29":{"start":{"line":52,"column":2},"end":{"line":52,"column":72}},"30":{"start":{"line":52,"column":16},"end":{"line":52,"column":72}},"31":{"start":{"line":55,"column":19},"end":{"line":55,"column":43}},"32":{"start":{"line":56,"column":2},"end":{"line":63,"column":3}},"33":{"start":{"line":57,"column":21},"end":{"line":60,"column":6}},"34":{"start":{"line":61,"column":4},"end":{"line":61,"column":29}},"35":{"start":{"line":62,"column":4},"end":{"line":62,"column":89}},"36":{"start":{"line":65,"column":18},"end":{"line":78,"column":4}},"37":{"start":{"line":80,"column":2},"end":{"line":80,"column":38}},"38":{"start":{"line":83,"column":0},"end":{"line":100,"column":2}},"39":{"start":{"line":84,"column":20},"end":{"line":84,"column":54}},"40":{"start":{"line":85,"column":2},"end":{"line":85,"column":41}},"41":{"start":{"line":85,"column":18},"end":{"line":85,"column":41}},"42":{"start":{"line":87,"column":18},"end":{"line":87,"column":65}},"43":{"start":{"line":88,"column":2},"end":{"line":88,"column":82}},"44":{"start":{"line":88,"column":45},"end":{"line":88,"column":82}},"45":{"start":{"line":90,"column":15},"end":{"line":90,"column":45}},"46":{"start":{"line":91,"column":20},"end":{"line":91,"column":53}},"47":{"start":{"line":93,"column":12},"end":{"line":93,"column":23}},"48":{"start":{"line":94,"column":18},"end":{"line":97,"column":4}},"49":{"start":{"line":99,"column":2},"end":{"line":99,"column":38}},"50":{"start":{"line":102,"column":0},"end":{"line":143,"column":2}},"51":{"start":{"line":103,"column":20},"end":{"line":103,"column":54}},"52":{"start":{"line":104,"column":2},"end":{"line":104,"column":41}},"53":{"start":{"line":104,"column":18},"end":{"line":104,"column":41}},"54":{"start":{"line":106,"column":18},"end":{"line":106,"column":65}},"55":{"start":{"line":107,"column":2},"end":{"line":107,"column":38}},"56":{"start":{"line":107,"column":16},"end":{"line":107,"column":38}},"57":{"start":{"line":109,"column":22},"end":{"line":109,"column":109}},"58":{"start":{"line":110,"column":19},"end":{"line":110,"column":116}},"59":{"start":{"line":113,"column":24},"end":{"line":113,"column":28}},"60":{"start":{"line":114,"column":19},"end":{"line":114,"column":23}},"61":{"start":{"line":115,"column":13},"end":{"line":115,"column":34}},"62":{"start":{"line":116,"column":2},"end":{"line":130,"column":3}},"63":{"start":{"line":117,"column":4},"end":{"line":129,"column":5}},"64":{"start":{"line":118,"column":16},"end":{"line":118,"column":27}},"65":{"start":{"line":119,"column":18},"end":{"line":119,"column":72}},"66":{"start":{"line":120,"column":6},"end":{"line":120,"column":78}},"67":{"start":{"line":121,"column":6},"end":{"line":121,"column":61}},"68":{"start":{"line":123,"column":22},"end":{"line":123,"column":48}},"69":{"start":{"line":124,"column":6},"end":{"line":126,"column":24}},"70":{"start":{"line":124,"column":53},"end":{"line":124,"column":67}},"71":{"start":{"line":125,"column":11},"end":{"line":126,"column":24}},"72":{"start":{"line":125,"column":58},"end":{"line":125,"column":72}},"73":{"start":{"line":126,"column":11},"end":{"line":126,"column":24}},"74":{"start":{"line":132,"column":2},"end":{"line":142,"column":5}},"75":{"start":{"line":146,"column":0},"end":{"line":176,"column":2}},"76":{"start":{"line":147,"column":20},"end":{"line":147,"column":54}},"77":{"start":{"line":148,"column":2},"end":{"line":148,"column":41}},"78":{"start":{"line":148,"column":18},"end":{"line":148,"column":41}},"79":{"start":{"line":150,"column":18},"end":{"line":150,"column":65}},"80":{"start":{"line":151,"column":2},"end":{"line":151,"column":38}},"81":{"start":{"line":151,"column":16},"end":{"line":151,"column":38}},"82":{"start":{"line":154,"column":23},"end":{"line":154,"column":25}},"83":{"start":{"line":155,"column":16},"end":{"line":155,"column":20}},"84":{"start":{"line":156,"column":2},"end":{"line":163,"column":20}},"85":{"start":{"line":157,"column":19},"end":{"line":157,"column":79}},"86":{"start":{"line":158,"column":4},"end":{"line":161,"column":7}},"87":{"start":{"line":159,"column":50},"end":{"line":159,"column":54}},"88":{"start":{"line":160,"column":6},"end":{"line":160,"column":30}},"89":{"start":{"line":162,"column":4},"end":{"line":162,"column":29}},"90":{"start":{"line":165,"column":2},"end":{"line":175,"column":5}}},"fnMap":{"0":{"name":"getStripe","decl":{"start":{"line":6,"column":9},"end":{"line":6,"column":18}},"loc":{"start":{"line":6,"column":21},"end":{"line":9,"column":1}},"line":6},"1":{"name":"sanitizeReturnUrl","decl":{"start":{"line":19,"column":9},"end":{"line":19,"column":26}},"loc":{"start":{"line":19,"column":32},"end":{"line":30,"column":1}},"line":19},"2":{"name":"(anonymous_2)","decl":{"start":{"line":23,"column":43},"end":{"line":23,"column":44}},"loc":{"start":{"line":23,"column":60},"end":{"line":25,"column":5}},"line":23},"3":{"name":"(anonymous_3)","decl":{"start":{"line":32,"column":26},"end":{"line":32,"column":27}},"loc":{"start":{"line":32,"column":43},"end":{"line":81,"column":1}},"line":32},"4":{"name":"(anonymous_4)","decl":{"start":{"line":83,"column":24},"end":{"line":83,"column":25}},"loc":{"start":{"line":83,"column":41},"end":{"line":100,"column":1}},"line":83},"5":{"name":"(anonymous_5)","decl":{"start":{"line":102,"column":24},"end":{"line":102,"column":25}},"loc":{"start":{"line":102,"column":41},"end":{"line":143,"column":1}},"line":102},"6":{"name":"(anonymous_6)","decl":{"start":{"line":146,"column":28},"end":{"line":146,"column":29}},"loc":{"start":{"line":146,"column":45},"end":{"line":176,"column":1}},"line":146},"7":{"name":"(anonymous_7)","decl":{"start":{"line":158,"column":25},"end":{"line":158,"column":26}},"loc":{"start":{"line":158,"column":40},"end":{"line":161,"column":5}},"line":158}},"branchMap":{"0":{"loc":{"start":{"line":7,"column":2},"end":{"line":7,"column":73}},"type":"if","locations":[{"start":{"line":7,"column":2},"end":{"line":7,"column":73}},{"start":{},"end":{}}],"line":7},"1":{"loc":{"start":{"line":20,"column":2},"end":{"line":20,"column":61}},"type":"if","locations":[{"start":{"line":20,"column":2},"end":{"line":20,"column":61}},{"start":{},"end":{}}],"line":20},"2":{"loc":{"start":{"line":20,"column":6},"end":{"line":20,"column":37}},"type":"binary-expr","locations":[{"start":{"line":20,"column":6},"end":{"line":20,"column":10}},{"start":{"line":20,"column":14},"end":{"line":20,"column":37}}],"line":20},"3":{"loc":{"start":{"line":26,"column":11},"end":{"line":26,"column":43}},"type":"cond-expr","locations":[{"start":{"line":26,"column":23},"end":{"line":26,"column":26}},{"start":{"line":26,"column":29},"end":{"line":26,"column":43}}],"line":26},"4":{"loc":{"start":{"line":34,"column":2},"end":{"line":34,"column":41}},"type":"if","locations":[{"start":{"line":34,"column":2},"end":{"line":34,"column":41}},{"start":{},"end":{}}],"line":34},"5":{"loc":{"start":{"line":37,"column":2},"end":{"line":37,"column":38}},"type":"if","locations":[{"start":{"line":37,"column":2},"end":{"line":37,"column":38}},{"start":{},"end":{}}],"line":37},"6":{"loc":{"start":{"line":40,"column":26},"end":{"line":40,"column":44}},"type":"binary-expr","locations":[{"start":{"line":40,"column":26},"end":{"line":40,"column":36}},{"start":{"line":40,"column":40},"end":{"line":40,"column":44}}],"line":40},"7":{"loc":{"start":{"line":49,"column":15},"end":{"line":49,"column":33}},"type":"binary-expr","locations":[{"start":{"line":49,"column":15},"end":{"line":49,"column":24}},{"start":{"line":49,"column":28},"end":{"line":49,"column":33}}],"line":49},"8":{"loc":{"start":{"line":50,"column":18},"end":{"line":50,"column":97}},"type":"binary-expr","locations":[{"start":{"line":50,"column":18},"end":{"line":50,"column":34}},{"start":{"line":50,"column":38},"end":{"line":50,"column":66}},{"start":{"line":50,"column":70},"end":{"line":50,"column":97}}],"line":50},"9":{"loc":{"start":{"line":52,"column":2},"end":{"line":52,"column":72}},"type":"if","locations":[{"start":{"line":52,"column":2},"end":{"line":52,"column":72}},{"start":{},"end":{}}],"line":52},"10":{"loc":{"start":{"line":56,"column":2},"end":{"line":63,"column":3}},"type":"if","locations":[{"start":{"line":56,"column":2},"end":{"line":63,"column":3}},{"start":{},"end":{}}],"line":56},"11":{"loc":{"start":{"line":85,"column":2},"end":{"line":85,"column":41}},"type":"if","locations":[{"start":{"line":85,"column":2},"end":{"line":85,"column":41}},{"start":{},"end":{}}],"line":85},"12":{"loc":{"start":{"line":88,"column":2},"end":{"line":88,"column":82}},"type":"if","locations":[{"start":{"line":88,"column":2},"end":{"line":88,"column":82}},{"start":{},"end":{}}],"line":88},"13":{"loc":{"start":{"line":88,"column":6},"end":{"line":88,"column":43}},"type":"binary-expr","locations":[{"start":{"line":88,"column":6},"end":{"line":88,"column":14}},{"start":{"line":88,"column":18},"end":{"line":88,"column":43}}],"line":88},"14":{"loc":{"start":{"line":90,"column":26},"end":{"line":90,"column":44}},"type":"binary-expr","locations":[{"start":{"line":90,"column":26},"end":{"line":90,"column":36}},{"start":{"line":90,"column":40},"end":{"line":90,"column":44}}],"line":90},"15":{"loc":{"start":{"line":104,"column":2},"end":{"line":104,"column":41}},"type":"if","locations":[{"start":{"line":104,"column":2},"end":{"line":104,"column":41}},{"start":{},"end":{}}],"line":104},"16":{"loc":{"start":{"line":107,"column":2},"end":{"line":107,"column":38}},"type":"if","locations":[{"start":{"line":107,"column":2},"end":{"line":107,"column":38}},{"start":{},"end":{}}],"line":107},"17":{"loc":{"start":{"line":109,"column":22},"end":{"line":109,"column":109}},"type":"binary-expr","locations":[{"start":{"line":109,"column":22},"end":{"line":109,"column":63}},{"start":{"line":109,"column":67},"end":{"line":109,"column":109}}],"line":109},"18":{"loc":{"start":{"line":110,"column":19},"end":{"line":110,"column":116}},"type":"cond-expr","locations":[{"start":{"line":110,"column":33},"end":{"line":110,"column":112}},{"start":{"line":110,"column":115},"end":{"line":110,"column":116}}],"line":110},"19":{"loc":{"start":{"line":115,"column":13},"end":{"line":115,"column":34}},"type":"binary-expr","locations":[{"start":{"line":115,"column":13},"end":{"line":115,"column":25}},{"start":{"line":115,"column":29},"end":{"line":115,"column":34}}],"line":115},"20":{"loc":{"start":{"line":116,"column":2},"end":{"line":130,"column":3}},"type":"if","locations":[{"start":{"line":116,"column":2},"end":{"line":130,"column":3}},{"start":{},"end":{}}],"line":116},"21":{"loc":{"start":{"line":116,"column":6},"end":{"line":116,"column":71}},"type":"binary-expr","locations":[{"start":{"line":116,"column":6},"end":{"line":116,"column":28}},{"start":{"line":116,"column":32},"end":{"line":116,"column":71}}],"line":116},"22":{"loc":{"start":{"line":124,"column":6},"end":{"line":126,"column":24}},"type":"if","locations":[{"start":{"line":124,"column":6},"end":{"line":126,"column":24}},{"start":{"line":125,"column":11},"end":{"line":126,"column":24}}],"line":124},"23":{"loc":{"start":{"line":125,"column":11},"end":{"line":126,"column":24}},"type":"if","locations":[{"start":{"line":125,"column":11},"end":{"line":126,"column":24}},{"start":{"line":126,"column":11},"end":{"line":126,"column":24}}],"line":125},"24":{"loc":{"start":{"line":137,"column":12},"end":{"line":137,"column":66}},"type":"binary-expr","locations":[{"start":{"line":137,"column":12},"end":{"line":137,"column":51}},{"start":{"line":137,"column":55},"end":{"line":137,"column":66}}],"line":137},"25":{"loc":{"start":{"line":148,"column":2},"end":{"line":148,"column":41}},"type":"if","locations":[{"start":{"line":148,"column":2},"end":{"line":148,"column":41}},{"start":{},"end":{}}],"line":148},"26":{"loc":{"start":{"line":151,"column":2},"end":{"line":151,"column":38}},"type":"if","locations":[{"start":{"line":151,"column":2},"end":{"line":151,"column":38}},{"start":{},"end":{}}],"line":151}},"s":{"0":1,"1":1,"2":1,"3":11,"4":1,"5":11,"6":1,"7":1,"8":7,"9":4,"10":3,"11":3,"12":2,"13":6,"14":2,"15":1,"16":1,"17":8,"18":8,"19":1,"20":7,"21":7,"22":1,"23":6,"24":6,"25":6,"26":6,"27":6,"28":6,"29":6,"30":1,"31":5,"32":5,"33":1,"34":1,"35":1,"36":5,"37":5,"38":1,"39":4,"40":4,"41":1,"42":3,"43":3,"44":2,"45":1,"46":1,"47":1,"48":1,"49":1,"50":1,"51":10,"52":10,"53":1,"54":9,"55":9,"56":1,"57":8,"58":8,"59":8,"60":8,"61":8,"62":8,"63":4,"64":4,"65":4,"66":3,"67":3,"68":3,"69":3,"70":1,"71":2,"72":1,"73":1,"74":8,"75":1,"76":4,"77":4,"78":1,"79":3,"80":3,"81":1,"82":2,"83":2,"84":2,"85":3,"86":3,"87":4,"88":4,"89":3,"90":2},"f":{"0":11,"1":7,"2":6,"3":8,"4":4,"5":10,"6":4,"7":4},"b":{"0":[1,10],"1":[4,3],"2":[7,3],"3":[2,0],"4":[1,7],"5":[1,6],"6":[6,0],"7":[6,5],"8":[6,6,6],"9":[1,5],"10":[1,4],"11":[1,3],"12":[2,1],"13":[3,2],"14":[1,0],"15":[1,9],"16":[1,8],"17":[8,2],"18":[1,7],"19":[8,7],"20":[4,4],"21":[8,4],"22":[1,2],"23":[1,1],"24":[8,3],"25":[1,3],"26":[1,2]},"_coverageSchema":"1a1c01bbd47fc00a2c39e90264f33305004495a9","hash":"ca28cc34003e56169f463141b596b29cf1a18f7f"}
,"C:\\Users\\porte\\ravenwingweb\\handlers\\company.js": {"path":"C:\\Users\\porte\\ravenwingweb\\handlers\\company.js","statementMap":{"0":{"start":{"line":1,"column":11},"end":{"line":1,"column":34}},"1":{"start":{"line":2,"column":13},"end":{"line":2,"column":34}},"2":{"start":{"line":3,"column":12},"end":{"line":3,"column":37}},"3":{"start":{"line":5,"column":0},"end":{"line":27,"column":2}},"4":{"start":{"line":6,"column":20},"end":{"line":6,"column":54}},"5":{"start":{"line":7,"column":2},"end":{"line":7,"column":59}},"6":{"start":{"line":7,"column":18},"end":{"line":7,"column":59}},"7":{"start":{"line":9,"column":18},"end":{"line":9,"column":65}},"8":{"start":{"line":10,"column":2},"end":{"line":10,"column":57}},"9":{"start":{"line":10,"column":16},"end":{"line":10,"column":57}},"10":{"start":{"line":12,"column":2},"end":{"line":26,"column":5}},"11":{"start":{"line":29,"column":0},"end":{"line":55,"column":2}},"12":{"start":{"line":30,"column":20},"end":{"line":30,"column":54}},"13":{"start":{"line":31,"column":2},"end":{"line":31,"column":59}},"14":{"start":{"line":31,"column":18},"end":{"line":31,"column":59}},"15":{"start":{"line":33,"column":15},"end":{"line":33,"column":45}},"16":{"start":{"line":34,"column":18},"end":{"line":34,"column":118}},"17":{"start":{"line":35,"column":18},"end":{"line":35,"column":20}},"18":{"start":{"line":37,"column":2},"end":{"line":39,"column":3}},"19":{"start":{"line":38,"column":4},"end":{"line":38,"column":58}},"20":{"start":{"line":38,"column":33},"end":{"line":38,"column":58}},"21":{"start":{"line":41,"column":2},"end":{"line":41,"column":75}},"22":{"start":{"line":41,"column":41},"end":{"line":41,"column":75}},"23":{"start":{"line":43,"column":2},"end":{"line":43,"column":47}},"24":{"start":{"line":44,"column":18},"end":{"line":44,"column":77}},"25":{"start":{"line":46,"column":2},"end":{"line":54,"column":5}}},"fnMap":{"0":{"name":"(anonymous_0)","decl":{"start":{"line":5,"column":21},"end":{"line":5,"column":22}},"loc":{"start":{"line":5,"column":38},"end":{"line":27,"column":1}},"line":5},"1":{"name":"(anonymous_1)","decl":{"start":{"line":29,"column":24},"end":{"line":29,"column":25}},"loc":{"start":{"line":29,"column":41},"end":{"line":55,"column":1}},"line":29}},"branchMap":{"0":{"loc":{"start":{"line":7,"column":2},"end":{"line":7,"column":59}},"type":"if","locations":[{"start":{"line":7,"column":2},"end":{"line":7,"column":59}},{"start":{},"end":{}}],"line":7},"1":{"loc":{"start":{"line":10,"column":2},"end":{"line":10,"column":57}},"type":"if","locations":[{"start":{"line":10,"column":2},"end":{"line":10,"column":57}},{"start":{},"end":{}}],"line":10},"2":{"loc":{"start":{"line":23,"column":12},"end":{"line":23,"column":40}},"type":"binary-expr","locations":[{"start":{"line":23,"column":12},"end":{"line":23,"column":26}},{"start":{"line":23,"column":30},"end":{"line":23,"column":40}}],"line":23},"3":{"loc":{"start":{"line":24,"column":15},"end":{"line":24,"column":38}},"type":"binary-expr","locations":[{"start":{"line":24,"column":15},"end":{"line":24,"column":32}},{"start":{"line":24,"column":36},"end":{"line":24,"column":38}}],"line":24},"4":{"loc":{"start":{"line":25,"column":14},"end":{"line":25,"column":38}},"type":"binary-expr","locations":[{"start":{"line":25,"column":14},"end":{"line":25,"column":30}},{"start":{"line":25,"column":34},"end":{"line":25,"column":38}}],"line":25},"5":{"loc":{"start":{"line":31,"column":2},"end":{"line":31,"column":59}},"type":"if","locations":[{"start":{"line":31,"column":2},"end":{"line":31,"column":59}},{"start":{},"end":{}}],"line":31},"6":{"loc":{"start":{"line":33,"column":26},"end":{"line":33,"column":44}},"type":"binary-expr","locations":[{"start":{"line":33,"column":26},"end":{"line":33,"column":36}},{"start":{"line":33,"column":40},"end":{"line":33,"column":44}}],"line":33},"7":{"loc":{"start":{"line":38,"column":4},"end":{"line":38,"column":58}},"type":"if","locations":[{"start":{"line":38,"column":4},"end":{"line":38,"column":58}},{"start":{},"end":{}}],"line":38},"8":{"loc":{"start":{"line":41,"column":2},"end":{"line":41,"column":75}},"type":"if","locations":[{"start":{"line":41,"column":2},"end":{"line":41,"column":75}},{"start":{},"end":{}}],"line":41}},"s":{"0":1,"1":1,"2":1,"3":1,"4":6,"5":6,"6":1,"7":5,"8":5,"9":1,"10":4,"11":1,"12":9,"13":9,"14":1,"15":8,"16":8,"17":8,"18":8,"19":72,"20":7,"21":8,"22":2,"23":6,"24":6,"25":6},"f":{"0":6,"1":9},"b":{"0":[1,5],"1":[1,4],"2":[4,3],"3":[4,3],"4":[4,4],"5":[1,8],"6":[8,1],"7":[7,65],"8":[2,6]},"_coverageSchema":"1a1c01bbd47fc00a2c39e90264f33305004495a9","hash":"dc3bd47e483f7f3ae43e98c1c3a4f09f557e25e3"}
,"C:\\Users\\porte\\ravenwingweb\\handlers\\email-forwarder.js": {"path":"C:\\Users\\porte\\ravenwingweb\\handlers\\email-forwarder.js","statementMap":{"0":{"start":{"line":1,"column":39},"end":{"line":1,"column":68}},"1":{"start":{"line":2,"column":43},"end":{"line":2,"column":73}},"2":{"start":{"line":4,"column":11},"end":{"line":4,"column":48}},"3":{"start":{"line":5,"column":12},"end":{"line":5,"column":50}},"4":{"start":{"line":7,"column":19},"end":{"line":7,"column":42}},"5":{"start":{"line":8,"column":15},"end":{"line":8,"column":43}},"6":{"start":{"line":10,"column":0},"end":{"line":61,"column":2}},"7":{"start":{"line":11,"column":2},"end":{"line":60,"column":3}},"8":{"start":{"line":12,"column":22},"end":{"line":12,"column":32}},"9":{"start":{"line":13,"column":22},"end":{"line":13,"column":46}},"10":{"start":{"line":14,"column":17},"end":{"line":14,"column":66}},"11":{"start":{"line":15,"column":15},"end":{"line":15,"column":52}},"12":{"start":{"line":16,"column":20},"end":{"line":16,"column":74}},"13":{"start":{"line":18,"column":4},"end":{"line":18,"column":71}},"14":{"start":{"line":20,"column":4},"end":{"line":59,"column":5}},"15":{"start":{"line":22,"column":18},"end":{"line":25,"column":9}},"16":{"start":{"line":27,"column":21},"end":{"line":27,"column":55}},"17":{"start":{"line":31,"column":6},"end":{"line":34,"column":8}},"18":{"start":{"line":37,"column":6},"end":{"line":40,"column":8}},"19":{"start":{"line":43,"column":6},"end":{"line":48,"column":7}},"20":{"start":{"line":44,"column":8},"end":{"line":47,"column":10}},"21":{"start":{"line":50,"column":6},"end":{"line":54,"column":10}},"22":{"start":{"line":56,"column":6},"end":{"line":56,"column":56}},"23":{"start":{"line":58,"column":6},"end":{"line":58,"column":63}}},"fnMap":{"0":{"name":"(anonymous_0)","decl":{"start":{"line":10,"column":25},"end":{"line":10,"column":26}},"loc":{"start":{"line":10,"column":42},"end":{"line":61,"column":1}},"line":10}},"branchMap":{"0":{"loc":{"start":{"line":14,"column":17},"end":{"line":14,"column":66}},"type":"binary-expr","locations":[{"start":{"line":14,"column":17},"end":{"line":14,"column":53}},{"start":{"line":14,"column":57},"end":{"line":14,"column":66}}],"line":14},"1":{"loc":{"start":{"line":15,"column":15},"end":{"line":15,"column":52}},"type":"binary-expr","locations":[{"start":{"line":15,"column":15},"end":{"line":15,"column":46}},{"start":{"line":15,"column":50},"end":{"line":15,"column":52}}],"line":15},"2":{"loc":{"start":{"line":16,"column":20},"end":{"line":16,"column":74}},"type":"binary-expr","locations":[{"start":{"line":16,"column":20},"end":{"line":16,"column":56}},{"start":{"line":16,"column":60},"end":{"line":16,"column":74}}],"line":16},"3":{"loc":{"start":{"line":43,"column":6},"end":{"line":48,"column":7}},"type":"if","locations":[{"start":{"line":43,"column":6},"end":{"line":48,"column":7}},{"start":{},"end":{}}],"line":43}},"s":{"0":1,"1":1,"2":1,"3":1,"4":1,"5":1,"6":1,"7":8,"8":9,"9":9,"10":9,"11":9,"12":9,"13":9,"14":9,"15":9,"16":8,"17":8,"18":8,"19":8,"20":7,"21":8,"22":7,"23":2},"f":{"0":8},"b":{"0":[9,1],"1":[9,0],"2":[9,1],"3":[7,1]},"_coverageSchema":"1a1c01bbd47fc00a2c39e90264f33305004495a9","hash":"a7a308fe6c0a4cb57826255a2fbaadbca7e9cdca"}
,"C:\\Users\\porte\\ravenwingweb\\handlers\\estimates.js": {"path":"C:\\Users\\porte\\ravenwingweb\\handlers\\estimates.js","statementMap":{"0":{"start":{"line":1,"column":11},"end":{"line":1,"column":34}},"1":{"start":{"line":2,"column":13},"end":{"line":2,"column":34}},"2":{"start":{"line":3,"column":12},"end":{"line":3,"column":37}},"3":{"start":{"line":4,"column":15},"end":{"line":4,"column":32}},"4":{"start":{"line":6,"column":0},"end":{"line":19,"column":2}},"5":{"start":{"line":7,"column":20},"end":{"line":7,"column":54}},"6":{"start":{"line":8,"column":2},"end":{"line":8,"column":41}},"7":{"start":{"line":8,"column":18},"end":{"line":8,"column":41}},"8":{"start":{"line":10,"column":16},"end":{"line":10,"column":68}},"9":{"start":{"line":11,"column":18},"end":{"line":11,"column":53}},"10":{"start":{"line":13,"column":29},"end":{"line":13,"column":91}},"11":{"start":{"line":15,"column":2},"end":{"line":18,"column":5}},"12":{"start":{"line":16,"column":33},"end":{"line":16,"column":55}},"13":{"start":{"line":21,"column":0},"end":{"line":63,"column":2}},"14":{"start":{"line":22,"column":20},"end":{"line":22,"column":54}},"15":{"start":{"line":23,"column":2},"end":{"line":23,"column":41}},"16":{"start":{"line":23,"column":18},"end":{"line":23,"column":41}},"17":{"start":{"line":26,"column":18},"end":{"line":26,"column":65}},"18":{"start":{"line":27,"column":2},"end":{"line":27,"column":84}},"19":{"start":{"line":27,"column":27},"end":{"line":27,"column":84}},"20":{"start":{"line":29,"column":15},"end":{"line":29,"column":45}},"21":{"start":{"line":30,"column":13},"end":{"line":30,"column":32}},"22":{"start":{"line":31,"column":14},"end":{"line":31,"column":38}},"23":{"start":{"line":33,"column":15},"end":{"line":59,"column":3}},"24":{"start":{"line":61,"column":2},"end":{"line":61,"column":21}},"25":{"start":{"line":62,"column":2},"end":{"line":62,"column":38}},"26":{"start":{"line":65,"column":0},"end":{"line":75,"column":2}},"27":{"start":{"line":66,"column":20},"end":{"line":66,"column":54}},"28":{"start":{"line":67,"column":2},"end":{"line":67,"column":41}},"29":{"start":{"line":67,"column":18},"end":{"line":67,"column":41}},"30":{"start":{"line":69,"column":13},"end":{"line":69,"column":36}},"31":{"start":{"line":70,"column":20},"end":{"line":70,"column":70}},"32":{"start":{"line":71,"column":14},"end":{"line":71,"column":42}},"33":{"start":{"line":71,"column":30},"end":{"line":71,"column":41}},"34":{"start":{"line":73,"column":2},"end":{"line":73,"column":34}},"35":{"start":{"line":73,"column":12},"end":{"line":73,"column":34}},"36":{"start":{"line":74,"column":2},"end":{"line":74,"column":32}},"37":{"start":{"line":77,"column":0},"end":{"line":103,"column":2}},"38":{"start":{"line":78,"column":20},"end":{"line":78,"column":54}},"39":{"start":{"line":79,"column":2},"end":{"line":79,"column":41}},"40":{"start":{"line":79,"column":18},"end":{"line":79,"column":41}},"41":{"start":{"line":81,"column":13},"end":{"line":81,"column":36}},"42":{"start":{"line":82,"column":20},"end":{"line":82,"column":70}},"43":{"start":{"line":83,"column":14},"end":{"line":83,"column":42}},"44":{"start":{"line":83,"column":30},"end":{"line":83,"column":41}},"45":{"start":{"line":84,"column":2},"end":{"line":84,"column":34}},"46":{"start":{"line":84,"column":12},"end":{"line":84,"column":34}},"47":{"start":{"line":86,"column":15},"end":{"line":86,"column":45}},"48":{"start":{"line":87,"column":18},"end":{"line":93,"column":3}},"49":{"start":{"line":95,"column":18},"end":{"line":95,"column":20}},"50":{"start":{"line":96,"column":2},"end":{"line":98,"column":3}},"51":{"start":{"line":97,"column":4},"end":{"line":97,"column":58}},"52":{"start":{"line":97,"column":33},"end":{"line":97,"column":58}},"53":{"start":{"line":99,"column":2},"end":{"line":99,"column":47}},"54":{"start":{"line":101,"column":18},"end":{"line":101,"column":58}},"55":{"start":{"line":102,"column":2},"end":{"line":102,"column":36}},"56":{"start":{"line":105,"column":0},"end":{"line":120,"column":2}},"57":{"start":{"line":106,"column":20},"end":{"line":106,"column":54}},"58":{"start":{"line":107,"column":2},"end":{"line":107,"column":41}},"59":{"start":{"line":107,"column":18},"end":{"line":107,"column":41}},"60":{"start":{"line":109,"column":13},"end":{"line":109,"column":36}},"61":{"start":{"line":110,"column":20},"end":{"line":110,"column":70}},"62":{"start":{"line":111,"column":14},"end":{"line":111,"column":42}},"63":{"start":{"line":111,"column":30},"end":{"line":111,"column":41}},"64":{"start":{"line":112,"column":2},"end":{"line":112,"column":34}},"65":{"start":{"line":112,"column":12},"end":{"line":112,"column":34}},"66":{"start":{"line":115,"column":2},"end":{"line":118,"column":5}},"67":{"start":{"line":119,"column":2},"end":{"line":119,"column":35}},"68":{"start":{"line":123,"column":0},"end":{"line":134,"column":2}},"69":{"start":{"line":124,"column":20},"end":{"line":124,"column":54}},"70":{"start":{"line":125,"column":2},"end":{"line":125,"column":41}},"71":{"start":{"line":125,"column":18},"end":{"line":125,"column":41}},"72":{"start":{"line":127,"column":13},"end":{"line":127,"column":36}},"73":{"start":{"line":128,"column":20},"end":{"line":128,"column":70}},"74":{"start":{"line":129,"column":14},"end":{"line":129,"column":42}},"75":{"start":{"line":129,"column":30},"end":{"line":129,"column":41}},"76":{"start":{"line":130,"column":2},"end":{"line":130,"column":34}},"77":{"start":{"line":130,"column":12},"end":{"line":130,"column":34}},"78":{"start":{"line":132,"column":2},"end":{"line":132,"column":34}},"79":{"start":{"line":133,"column":2},"end":{"line":133,"column":34}},"80":{"start":{"line":137,"column":0},"end":{"line":151,"column":2}},"81":{"start":{"line":138,"column":20},"end":{"line":138,"column":54}},"82":{"start":{"line":139,"column":2},"end":{"line":139,"column":41}},"83":{"start":{"line":139,"column":18},"end":{"line":139,"column":41}},"84":{"start":{"line":141,"column":13},"end":{"line":141,"column":36}},"85":{"start":{"line":142,"column":20},"end":{"line":142,"column":70}},"86":{"start":{"line":143,"column":14},"end":{"line":143,"column":42}},"87":{"start":{"line":143,"column":30},"end":{"line":143,"column":41}},"88":{"start":{"line":144,"column":2},"end":{"line":144,"column":34}},"89":{"start":{"line":144,"column":12},"end":{"line":144,"column":34}},"90":{"start":{"line":146,"column":2},"end":{"line":149,"column":5}},"91":{"start":{"line":150,"column":2},"end":{"line":150,"column":32}},"92":{"start":{"line":154,"column":0},"end":{"line":164,"column":2}},"93":{"start":{"line":155,"column":20},"end":{"line":155,"column":54}},"94":{"start":{"line":156,"column":2},"end":{"line":156,"column":41}},"95":{"start":{"line":156,"column":18},"end":{"line":156,"column":41}},"96":{"start":{"line":158,"column":20},"end":{"line":158,"column":70}},"97":{"start":{"line":159,"column":18},"end":{"line":159,"column":59}},"98":{"start":{"line":159,"column":36},"end":{"line":159,"column":58}},"99":{"start":{"line":161,"column":2},"end":{"line":163,"column":5}},"100":{"start":{"line":167,"column":46},"end":{"line":167,"column":50}},"101":{"start":{"line":168,"column":2},"end":{"line":168,"column":14}},"102":{"start":{"line":172,"column":2},"end":{"line":172,"column":29}},"103":{"start":{"line":172,"column":16},"end":{"line":172,"column":29}},"104":{"start":{"line":173,"column":2},"end":{"line":173,"column":59}},"105":{"start":{"line":173,"column":47},"end":{"line":173,"column":59}},"106":{"start":{"line":174,"column":2},"end":{"line":176,"column":3}},"107":{"start":{"line":175,"column":4},"end":{"line":175,"column":54}},"108":{"start":{"line":177,"column":2},"end":{"line":177,"column":15}}},"fnMap":{"0":{"name":"(anonymous_0)","decl":{"start":{"line":6,"column":22},"end":{"line":6,"column":23}},"loc":{"start":{"line":6,"column":39},"end":{"line":19,"column":1}},"line":6},"1":{"name":"(anonymous_1)","decl":{"start":{"line":16,"column":28},"end":{"line":16,"column":29}},"loc":{"start":{"line":16,"column":33},"end":{"line":16,"column":55}},"line":16},"2":{"name":"(anonymous_2)","decl":{"start":{"line":21,"column":24},"end":{"line":21,"column":25}},"loc":{"start":{"line":21,"column":41},"end":{"line":63,"column":1}},"line":21},"3":{"name":"(anonymous_3)","decl":{"start":{"line":65,"column":21},"end":{"line":65,"column":22}},"loc":{"start":{"line":65,"column":38},"end":{"line":75,"column":1}},"line":65},"4":{"name":"(anonymous_4)","decl":{"start":{"line":71,"column":25},"end":{"line":71,"column":26}},"loc":{"start":{"line":71,"column":30},"end":{"line":71,"column":41}},"line":71},"5":{"name":"(anonymous_5)","decl":{"start":{"line":77,"column":24},"end":{"line":77,"column":25}},"loc":{"start":{"line":77,"column":41},"end":{"line":103,"column":1}},"line":77},"6":{"name":"(anonymous_6)","decl":{"start":{"line":83,"column":25},"end":{"line":83,"column":26}},"loc":{"start":{"line":83,"column":30},"end":{"line":83,"column":41}},"line":83},"7":{"name":"(anonymous_7)","decl":{"start":{"line":105,"column":24},"end":{"line":105,"column":25}},"loc":{"start":{"line":105,"column":41},"end":{"line":120,"column":1}},"line":105},"8":{"name":"(anonymous_8)","decl":{"start":{"line":111,"column":25},"end":{"line":111,"column":26}},"loc":{"start":{"line":111,"column":30},"end":{"line":111,"column":41}},"line":111},"9":{"name":"(anonymous_9)","decl":{"start":{"line":123,"column":23},"end":{"line":123,"column":24}},"loc":{"start":{"line":123,"column":40},"end":{"line":134,"column":1}},"line":123},"10":{"name":"(anonymous_10)","decl":{"start":{"line":129,"column":25},"end":{"line":129,"column":26}},"loc":{"start":{"line":129,"column":30},"end":{"line":129,"column":41}},"line":129},"11":{"name":"(anonymous_11)","decl":{"start":{"line":137,"column":25},"end":{"line":137,"column":26}},"loc":{"start":{"line":137,"column":42},"end":{"line":151,"column":1}},"line":137},"12":{"name":"(anonymous_12)","decl":{"start":{"line":143,"column":25},"end":{"line":143,"column":26}},"loc":{"start":{"line":143,"column":30},"end":{"line":143,"column":41}},"line":143},"13":{"name":"(anonymous_13)","decl":{"start":{"line":154,"column":23},"end":{"line":154,"column":24}},"loc":{"start":{"line":154,"column":40},"end":{"line":164,"column":1}},"line":154},"14":{"name":"(anonymous_14)","decl":{"start":{"line":159,"column":31},"end":{"line":159,"column":32}},"loc":{"start":{"line":159,"column":36},"end":{"line":159,"column":58}},"line":159},"15":{"name":"stripKeys","decl":{"start":{"line":166,"column":9},"end":{"line":166,"column":18}},"loc":{"start":{"line":166,"column":25},"end":{"line":169,"column":1}},"line":166},"16":{"name":"canCreate","decl":{"start":{"line":171,"column":9},"end":{"line":171,"column":18}},"loc":{"start":{"line":171,"column":28},"end":{"line":178,"column":1}},"line":171}},"branchMap":{"0":{"loc":{"start":{"line":8,"column":2},"end":{"line":8,"column":41}},"type":"if","locations":[{"start":{"line":8,"column":2},"end":{"line":8,"column":41}},{"start":{},"end":{}}],"line":8},"1":{"loc":{"start":{"line":10,"column":25},"end":{"line":10,"column":67}},"type":"binary-expr","locations":[{"start":{"line":10,"column":25},"end":{"line":10,"column":59}},{"start":{"line":10,"column":63},"end":{"line":10,"column":67}}],"line":10},"2":{"loc":{"start":{"line":23,"column":2},"end":{"line":23,"column":41}},"type":"if","locations":[{"start":{"line":23,"column":2},"end":{"line":23,"column":41}},{"start":{},"end":{}}],"line":23},"3":{"loc":{"start":{"line":27,"column":2},"end":{"line":27,"column":84}},"type":"if","locations":[{"start":{"line":27,"column":2},"end":{"line":27,"column":84}},{"start":{},"end":{}}],"line":27},"4":{"loc":{"start":{"line":29,"column":26},"end":{"line":29,"column":44}},"type":"binary-expr","locations":[{"start":{"line":29,"column":26},"end":{"line":29,"column":36}},{"start":{"line":29,"colu
[...]
,"C:\\Users\\porte\\ravenwingweb\\handlers\\webhook.js": {"path":"C:\\Users\\porte\\ravenwingweb\\handlers\\webhook.js","statementMap":{"0":{"start":{"line":1,"column":11},"end":{"line":1,"column":34}},"1":{"start":{"line":5,"column":2},"end":{"line":5,"column":73}},"2":{"start":{"line":5,"column":15},"end":{"line":5,"column":73}},"3":{"start":{"line":6,"column":2},"end":{"line":6,"column":16}},"4":{"start":{"line":9,"column":0},"end":{"line":92,"column":2}},"5":{"start":{"line":10,"column":12},"end":{"line":10,"column":23}},"6":{"start":{"line":11,"column":14},"end":{"line":11,"column":47}},"7":{"start":{"line":14,"column":2},"end":{"line":23,"column":3}},"8":{"start":{"line":15,"column":4},"end":{"line":19,"column":6}},"9":{"start":{"line":21,"column":4},"end":{"line":21,"column":73}},"10":{"start":{"line":22,"column":4},"end":{"line":22,"column":58}},"11":{"start":{"line":25,"column":15},"end":{"line":25,"column":38}},"12":{"start":{"line":27,"column":2},"end":{"line":89,"column":3}},"13":{"start":{"line":29,"column":25},"end":{"line":29,"column":38}},"14":{"start":{"line":30,"column":29},"end":{"line":30,"column":46}},"15":{"start":{"line":31,"column":24},"end":{"line":31,"column":63}},"16":{"start":{"line":32,"column":6},"end":{"line":47,"column":7}},"17":{"start":{"line":34,"column":19},"end":{"line":34,"column":24}},"18":{"start":{"line":35,"column":8},"end":{"line":41,"column":22}},"19":{"start":{"line":36,"column":22},"end":{"line":36,"column":68}},"20":{"start":{"line":37,"column":26},"end":{"line":37,"column":52}},"21":{"start":{"line":38,"column":10},"end":{"line":40,"column":28}},"22":{"start":{"line":38,"column":57},"end":{"line":38,"column":71}},"23":{"start":{"line":39,"column":15},"end":{"line":40,"column":28}},"24":{"start":{"line":39,"column":62},"end":{"line":39,"column":76}},"25":{"start":{"line":40,"column":15},"end":{"line":40,"column":28}},"26":{"start":{"line":42,"column":8},"end":{"line":46,"column":11}},"27":{"start":{"line":48,"column":6},"end":{"line":48,"column":12}},"28":{"start":{"line":52,"column":25},"end":{"line":52,"column":38}},"29":{"start":{"line":53,"column":24},"end":{"line":53,"column":63}},"30":{"start":{"line":54,"column":6},"end":{"line":63,"column":7}},"31":{"start":{"line":55,"column":23},"end":{"line":58,"column":23}},"32":{"start":{"line":59,"column":8},"end":{"line":62,"column":11}},"33":{"start":{"line":64,"column":6},"end":{"line":64,"column":12}},"34":{"start":{"line":68,"column":25},"end":{"line":68,"column":38}},"35":{"start":{"line":69,"column":24},"end":{"line":69,"column":63}},"36":{"start":{"line":70,"column":6},"end":{"line":75,"column":7}},"37":{"start":{"line":71,"column":8},"end":{"line":74,"column":11}},"38":{"start":{"line":76,"column":6},"end":{"line":76,"column":12}},"39":{"start":{"line":80,"column":25},"end":{"line":80,"column":38}},"40":{"start":{"line":81,"column":24},"end":{"line":81,"column":63}},"41":{"start":{"line":82,"column":6},"end":{"line":86,"column":7}},"42":{"start":{"line":83,"column":8},"end":{"line":85,"column":11}},"43":{"start":{"line":87,"column":6},"end":{"line":87,"column":12}},"44":{"start":{"line":91,"column":2},"end":{"line":91,"column":41}},"45":{"start":{"line":96,"column":29},"end":{"line":96,"column":64}},"46":{"start":{"line":97,"column":50},"end":{"line":97,"column":82}},"47":{"start":{"line":98,"column":17},"end":{"line":98,"column":39}},"48":{"start":{"line":99,"column":14},"end":{"line":99,"column":49}},"49":{"start":{"line":101,"column":20},"end":{"line":108,"column":5}},"50":{"start":{"line":110,"column":2},"end":{"line":112,"column":3}},"51":{"start":{"line":111,"column":4},"end":{"line":111,"column":47}},"52":{"start":{"line":113,"column":2},"end":{"line":113,"column":14}}},"fnMap":{"0":{"name":"getStripe","decl":{"start":{"line":4,"column":9},"end":{"line":4,"column":18}},"loc":{"start":{"line":4,"column":21},"end":{"line":7,"column":1}},"line":4},"1":{"name":"(anonymous_1)","decl":{"start":{"line":9,"column":25},"end":{"line":9,"column":26}},"loc":{"start":{"line":9,"column":42},"end":{"line":92,"column":1}},"line":9},"2":{"name":"findCompanyByStripeId","decl":{"start":{"line":94,"column":15},"end":{"line":94,"column":36}},"loc":{"start":{"line":94,"column":55},"end":{"line":114,"column":1}},"line":94}},"branchMap":{"0":{"loc":{"start":{"line":5,"column":2},"end":{"line":5,"column":73}},"type":"if","locations":[{"start":{"line":5,"column":2},"end":{"line":5,"column":73}},{"start":{},"end":{}}],"line":5},"1":{"loc":{"start":{"line":27,"column":2},"end":{"line":89,"column":3}},"type":"switch","locations":[{"start":{"line":28,"column":4},"end":{"line":49,"column":5}},{"start":{"line":51,"column":4},"end":{"line":65,"column":5}},{"start":{"line":67,"column":4},"end":{"line":77,"column":5}},{"start":{"line":79,"column":4},"end":{"line":88,"column":5}}],"line":27},"2":{"loc":{"start":{"line":32,"column":6},"end":{"line":47,"column":7}},"type":"if","locations":[{"start":{"line":32,"column":6},"end":{"line":47,"column":7}},{"start":{},"end":{}}],"line":32},"3":{"loc":{"start":{"line":32,"column":10},"end":{"line":32,"column":37}},"type":"binary-expr","locations":[{"start":{"line":32,"column":10},"end":{"line":32,"column":19}},{"start":{"line":32,"column":23},"end":{"line":32,"column":37}}],"line":32},"4":{"loc":{"start":{"line":38,"column":10},"end":{"line":40,"column":28}},"type":"if","locations":[{"start":{"line":38,"column":10},"end":{"line":40,"column":28}},{"start":{"line":39,"column":15},"end":{"line":40,"column":28}}],"line":38},"5":{"loc":{"start":{"line":39,"column":15},"end":{"line":40,"column":28}},"type":"if","locations":[{"start":{"line":39,"column":15},"end":{"line":40,"column":28}},{"start":{"line":40,"column":15},"end":{"line":40,"column":28}}],"line":39},"6":{"loc":{"start":{"line":54,"column":6},"end":{"line":63,"column":7}},"type":"if","locations":[{"start":{"line":54,"column":6},"end":{"line":63,"column":7}},{"start":{},"end":{}}],"line":54},"7":{"loc":{"start":{"line":55,"column":23},"end":{"line":58,"column":23}},"type":"cond-expr","locations":[{"start":{"line":55,"column":50},"end":{"line":55,"column":58}},{"start":{"line":56,"column":12},"end":{"line":58,"column":23}}],"line":55},"8":{"loc":{"start":{"line":56,"column":12},"end":{"line":58,"column":23}},"type":"cond-expr","locations":[{"start":{"line":56,"column":41},"end":{"line":56,"column":51}},{"start":{"line":57,"column":12},"end":{"line":58,"column":23}}],"line":56},"9":{"loc":{"start":{"line":57,"column":12},"end":{"line":58,"column":23}},"type":"cond-expr","locations":[{"start":{"line":57,"column":41},"end":{"line":57,"column":51}},{"start":{"line":58,"column":12},"end":{"line":58,"column":23}}],"line":57},"10":{"loc":{"start":{"line":70,"column":6},"end":{"line":75,"column":7}},"type":"if","locations":[{"start":{"line":70,"column":6},"end":{"line":75,"column":7}},{"start":{},"end":{}}],"line":70},"11":{"loc":{"start":{"line":82,"column":6},"end":{"line":86,"column":7}},"type":"if","locations":[{"start":{"line":82,"column":6},"end":{"line":86,"column":7}},{"start":{},"end":{}}],"line":82},"12":{"loc":{"start":{"line":110,"column":2},"end":{"line":112,"column":3}},"type":"if","locations":[{"start":{"line":110,"column":2},"end":{"line":112,"column":3}},{"start":{},"end":{}}],"line":110},"13":{"loc":{"start":{"line":110,"column":6},"end":{"line":110,"column":31}},"type":"binary-expr","locations":[{"start":{"line":110,"column":6},"end":{"line":110,"column":11}},{"start":{"line":110,"column":15},"end":{"line":110,"column":31}}],"line":110}},"s":{"0":10,"1":10,"2":10,"3":10,"4":10,"5":10,"6":10,"7":10,"8":10,"9":1,"10":1,"11":9,"12":9,"13":2,"14":2,"15":2,"16":2,"17":1,"18":1,"19":1,"20":1,"21":1,"22":0,"23":1,"24":0,"25":1,"26":1,"27":2,"28":4,"29":4,"30":4,"31":4,"32":4,"33":4,"34":1,"35":1,"36":1,"37":1,"38":1,"39":1,"40":1,"41":1,"42":1,"43":1,"44":9,"45":8,"46":8,"47":8,"48":8,"49":8,"50":8,"51":7,"52":1},"f":{"0":10,"1":10,"2":8},"b":{"0":[10,0],"1":[2,4,1,1],"2":[1,1],"3":[2,1],"4":[0,1],"5":[0,1],"6":[4,0],"7":[1,3],"8":[1,2],"9":[1,1],"10":[1,0],"11":[1,0],"12":[7,1],"13":[8,8]},"_coverageSchema":"1a1c01bbd47fc00a2c39e90264f33305004495a9","hash":"b640f711c24e8cfd73d908435cd96a8bb0556b11"}
,"C:\\Users\\porte\\ravenwingweb\\handlers\\lib\\auth.js": {"path":"C:\\Users\\porte\\ravenwingweb\\handlers\\lib\\auth.js","statementMap":{"0":{"start":{"line":2,"column":0},"end":{"line":22,"column":2}},"1":{"start":{"line":4,"column":19},"end":{"line":4,"column":64}},"2":{"start":{"line":5,"column":4},"end":{"line":5,"column":29}},"3":{"start":{"line":5,"column":17},"end":{"line":5,"column":29}},"4":{"start":{"line":6,"column":4},"end":{"line":9,"column":6}},"5":{"start":{"line":13,"column":17},"end":{"line":13,"column":36}},"6":{"start":{"line":14,"column":4},"end":{"line":14,"column":27}},"7":{"start":{"line":14,"column":15},"end":{"line":14,"column":27}},"8":{"start":{"line":16,"column":18},"end":{"line":16,"column":55}},"9":{"start":{"line":17,"column":4},"end":{"line":17,"column":40}},"10":{"start":{"line":17,"column":28},"end":{"line":17,"column":40}},"11":{"start":{"line":20,"column":4},"end":{"line":20,"column":51}}},"fnMap":{"0":{"name":"(anonymous_0)","decl":{"start":{"line":3,"column":2},"end":{"line":3,"column":3}},"loc":{"start":{"line":3,"column":17},"end":{"line":10,"column":3}},"line":3},"1":{"name":"(anonymous_1)","decl":{"start":{"line":12,"column":2},"end":{"line":12,"column":3}},"loc":{"start":{"line":12,"column":32},"end":{"line":21,"column":3}},"line":12}},"branchMap":{"0":{"loc":{"start":{"line":5,"column":4},"end":{"line":5,"column":29}},"type":"if","locations":[{"start":{"line":5,"column":4},"end":{"line":5,"column":29}},{"start":{},"end":{}}],"line":5},"1":{"loc":{"start":{"line":14,"column":4},"end":{"line":14,"column":27}},"type":"if","locations":[{"start":{"line":14,"column":4},"end":{"line":14,"column":27}},{"start":{},"end":{}}],"line":14},"2":{"loc":{"start":{"line":17,"column":4},"end":{"line":17,"column":40}},"type":"if","locations":[{"start":{"line":17,"column":4},"end":{"line":17,"column":40}},{"start":{},"end":{}}],"line":17}},"s":{"0":1,"1":9,"2":9,"3":5,"4":4,"5":4,"6":4,"7":1,"8":3,"9":3,"10":1,"11":2},"f":{"0":9,"1":4},"b":{"0":[5,4],"1":[1,3],"2":[1,2]},"_coverageSchema":"1a1c01bbd47fc00a2c39e90264f33305004495a9","hash":"e78e7a266393227eae95045f3b4c8bdc7b8a026b"}
,"C:\\Users\\porte\\ravenwingweb\\handlers\\lib\\dynamo.js": {"path":"C:\\Users\\porte\\ravenwingweb\\handlers\\lib\\dynamo.js","statementMap":{"0":{"start":{"line":1,"column":27},"end":{"line":1,"column":62}},"1":{"start":{"line":2,"column":103},"end":{"line":2,"column":135}},"2":{"start":{"line":4,"column":15},"end":{"line":4,"column":37}},"3":{"start":{"line":5,"column":12},"end":{"line":5,"column":47}},"4":{"start":{"line":6,"column":14},"end":{"line":6,"column":40}},"5":{"start":{"line":8,"column":0},"end":{"line":70,"column":2}},"6":{"start":{"line":10,"column":21},"end":{"line":10,"column":98}},"7":{"start":{"line":11,"column":4},"end":{"line":11,"column":16}},"8":{"start":{"line":15,"column":4},"end":{"line":15,"column":69}},"9":{"start":{"line":16,"column":4},"end":{"line":16,"column":16}},"10":{"start":{"line":20,"column":17},"end":{"line":20,"column":37}},"11":{"start":{"line":21,"column":17},"end":{"line":21,"column":65}},"12":{"start":{"line":21,"column":36},"end":{"line":21,"column":53}},"13":{"start":{"line":22,"column":18},"end":{"line":22,"column":20}},"14":{"start":{"line":23,"column":19},"end":{"line":23,"column":21}},"15":{"start":{"line":24,"column":4},"end":{"line":27,"column":7}},"16":{"start":{"line":25,"column":6},"end":{"line":25,"column":26}},"17":{"start":{"line":26,"column":6},"end":{"line":26,"column":36}},"18":{"start":{"line":29,"column":27},"end":{"line":36,"column":7}},"19":{"start":{"line":37,"column":4},"end":{"line":37,"column":22}},"20":{"start":{"line":41,"column":4},"end":{"line":41,"column":85}},"21":{"start":{"line":45,"column":19},"end":{"line":51,"column":5}},"22":{"start":{"line":52,"column":4},"end":{"line":52,"column":98}},"23":{"start":{"line":52,"column":17},"end":{"line":52,"column":98}},"24":{"start":{"line":54,"column":40},"end":{"line":54,"column":80}},"25":{"start":{"line":55,"column":4},"end":{"line":58,"column":6}},"26":{"start":{"line":62,"column":22},"end":{"line":67,"column":7}},"27":{"start":{"line":68,"column":4},"end":{"line":68,"column":23}}},"fnMap":{"0":{"name":"(anonymous_0)","decl":{"start":{"line":9,"column":2},"end":{"line":9,"column":3}},"loc":{"start":{"line":9,"column":20},"end":{"line":12,"column":3}},"line":9},"1":{"name":"(anonymous_1)","decl":{"start":{"line":14,"column":2},"end":{"line":14,"column":3}},"loc":{"start":{"line":14,"column":18},"end":{"line":17,"column":3}},"line":14},"2":{"name":"(anonymous_2)","decl":{"start":{"line":19,"column":2},"end":{"line":19,"column":3}},"loc":{"start":{"line":19,"column":32},"end":{"line":38,"column":3}},"line":19},"3":{"name":"(anonymous_3)","decl":{"start":{"line":21,"column":26},"end":{"line":21,"column":27}},"loc":{"start":{"line":21,"column":36},"end":{"line":21,"column":53}},"line":21},"4":{"name":"(anonymous_4)","decl":{"start":{"line":24,"column":17},"end":{"line":24,"column":18}},"loc":{"start":{"line":24,"column":27},"end":{"line":27,"column":5}},"line":24},"5":{"name":"(anonymous_5)","decl":{"start":{"line":40,"column":2},"end":{"line":40,"column":3}},"loc":{"start":{"line":40,"column":23},"end":{"line":42,"column":3}},"line":40},"6":{"name":"(anonymous_6)","decl":{"start":{"line":44,"column":2},"end":{"line":44,"column":3}},"loc":{"start":{"line":44,"column":49},"end":{"line":59,"column":3}},"line":44},"7":{"name":"(anonymous_7)","decl":{"start":{"line":61,"column":2},"end":{"line":61,"column":3}},"loc":{"start":{"line":61,"column":25},"end":{"line":69,"column":3}},"line":61}},"branchMap":{"0":{"loc":{"start":{"line":44,"column":28},"end":{"line":44,"column":38}},"type":"default-arg","locations":[{"start":{"line":44,"column":36},"end":{"line":44,"column":38}}],"line":44},"1":{"loc":{"start":{"line":52,"column":4},"end":{"line":52,"column":98}},"type":"if","locations":[{"start":{"line":52,"column":4},"end":{"line":52,"column":98}},{"start":{},"end":{}}],"line":52},"2":{"loc":{"start":{"line":56,"column":13},"end":{"line":56,"column":24}},"type":"binary-expr","locations":[{"start":{"line":56,"column":13},"end":{"line":56,"column":18}},{"start":{"line":56,"column":22},"end":{"line":56,"column":24}}],"line":56},"3":{"loc":{"start":{"line":57,"column":15},"end":{"line":57,"column":105}},"type":"cond-expr","locations":[{"start":{"line":57,"column":34},"end":{"line":57,"column":98}},{"start":{"line":57,"column":101},"end":{"line":57,"column":105}}],"line":57},"4":{"loc":{"start":{"line":68,"column":11},"end":{"line":68,"column":22}},"type":"binary-expr","locations":[{"start":{"line":68,"column":11},"end":{"line":68,"column":16}},{"start":{"line":68,"column":20},"end":{"line":68,"column":22}}],"line":68}},"s":{"0":9,"1":9,"2":9,"3":9,"4":9,"5":9,"6":0,"7":0,"8":17,"9":17,"10":1,"11":1,"12":3,"13":1,"14":1,"15":1,"16":3,"17":3,"18":1,"19":1,"20":0,"21":0,"22":0,"23":0,"24":0,"25":0,"26":2,"27":2},"f":{"0":0,"1":17,"2":1,"3":3,"4":3,"5":0,"6":0,"7":2},"b":{"0":[0],"1":[0,0],"2":[0,0],"3":[0,0],"4":[2,0]},"_coverageSchema":"1a1c01bbd47fc00a2c39e90264f33305004495a9","hash":"366aa2c530cb978afd468d486b733ee83b3abd2b"}
,"C:\\Users\\porte\\ravenwingweb\\handlers\\lib\\notify.js": {"path":"C:\\Users\\porte\\ravenwingweb\\handlers\\lib\\notify.js","statementMap":{"0":{"start":{"line":1,"column":15},"end":{"line":1,"column":32}},"1":{"start":{"line":8,"column":13},"end":{"line":8,"column":32}},"2":{"start":{"line":9,"column":14},"end":{"line":9,"column":38}},"3":{"start":{"line":10,"column":20},"end":{"line":10,"column":71}},"4":{"start":{"line":12,"column":15},"end":{"line":23,"column":3}},"5":{"start":{"line":25,"column":2},"end":{"line":25,"column":21}},"6":{"start":{"line":26,"column":2},"end":{"line":26,"column":14}},"7":{"start":{"line":29,"column":0},"end":{"line":29,"column":28}}},"fnMap":{"0":{"name":"notify","decl":{"start":{"line":7,"column":15},"end":{"line":7,"column":21}},"loc":{"start":{"line":7,"column":69},"end":{"line":27,"column":1}},"line":7}},"branchMap":{"0":{"loc":{"start":{"line":16,"column":10},"end":{"line":16,"column":24}},"type":"binary-expr","locations":[{"start":{"line":16,"column":10},"end":{"line":16,"column":14}},{"start":{"line":16,"column":18},"end":{"line":16,"column":24}}],"line":16},"1":{"loc":{"start":{"line":18,"column":13},"end":{"line":18,"column":26}},"type":"binary-expr","locations":[{"start":{"line":18,"column":13},"end":{"line":18,"column":20}},{"start":{"line":18,"column":24},"end":{"line":18,"column":26}}],"line":18},"2":{"loc":{"start":{"line":19,"column":10},"end":{"line":19,"column":20}},"type":"binary-expr","locations":[{"start":{"line":19,"column":10},"end":{"line":19,"column":14}},{"start":{"line":19,"column":18},"end":{"line":19,"column":20}}],"line":19}},"s":{"0":0,"1":0,"2":0,"3":0,"4":0,"5":0,"6":0,"7":0},"f":{"0":0},"b":{"0":[0,0],"1":[0,0],"2":[0,0]}}
,"C:\\Users\\porte\\ravenwingweb\\handlers\\lib\\response.js": {"path":"C:\\Users\\porte\\ravenwingweb\\handlers\\lib\\response.js","statementMap":{"0":{"start":{"line":1,"column":0},"end":{"line":20,"column":2}},"1":{"start":{"line":3,"column":4},"end":{"line":3,"column":59}},"2":{"start":{"line":6,"column":4},"end":{"line":6,"column":59}},"3":{"start":{"line":9,"column":4},"end":{"line":9,"column":69}},"4":{"start":{"line":12,"column":4},"end":{"line":12,"column":84}},"5":{"start":{"line":15,"column":4},"end":{"line":15,"column":84}},"6":{"start":{"line":18,"column":4},"end":{"line":18,"column":89}}},"fnMap":{"0":{"name":"(anonymous_0)","decl":{"start":{"line":2,"column":2},"end":{"line":2,"column":3}},"loc":{"start":{"line":2,"column":11},"end":{"line":4,"column":3}},"line":2},"1":{"name":"(anonymous_1)","decl":{"start":{"line":5,"column":2},"end":{"line":5,"column":3}},"loc":{"start":{"line":5,"column":16},"end":{"line":7,"column":3}},"line":5},"2":{"name":"(anonymous_2)","decl":{"start":{"line":8,"column":2},"end":{"line":8,"column":3}},"loc":{"start":{"line":8,"column":11},"end":{"line":10,"column":3}},"line":8},"3":{"name":"(anonymous_3)","decl":{"start":{"line":11,"column":2},"end":{"line":11,"column":3}},"loc":{"start":{"line":11,"column":17},"end":{"line":13,"column":3}},"line":11},"4":{"name":"(anonymous_4)","decl":{"start":{"line":14,"column":2},"end":{"line":14,"column":3}},"loc":{"start":{"line":14,"column":16},"end":{"line":16,"column":3}},"line":14},"5":{"name":"(anonymous_5)","decl":{"start":{"line":17,"column":2},"end":{"line":17,"column":3}},"loc":{"start":{"line":17,"column":13},"end":{"line":19,"column":3}},"line":17}},"branchMap":{"0":{"loc":{"start":{"line":12,"column":60},"end":{"line":12,"column":78}},"type":"binary-expr","locations":[{"start":{"line":12,"column":60},"end":{"line":12,"column":63}},{"start":{"line":12,"column":67},"end":{"line":12,"column":78}}],"line":12},"1":{"loc":{"start":{"line":15,"column":60},"end":{"line":15,"column":78}},"type":"binary-expr","locations":[{"start":{"line":15,"column":60},"end":{"line":15,"column":63}},{"start":{"line":15,"column":67},"end":{"line":15,"column":78}}],"line":15},"2":{"loc":{"start":{"line":18,"column":60},"end":{"line":18,"column":83}},"type":"binary-expr","locations":[{"start":{"line":18,"column":60},"end":{"line":18,"column":63}},{"start":{"line":18,"column":67},"end":{"line":18,"column":83}}],"line":18}},"s":{"0":10,"1":75,"2":11,"3":29,"4":34,"5":20,"6":3},"f":{"0":75,"1":11,"2":29,"3":34,"4":20,"5":3},"b":{"0":[34,23],"1":[20,13],"2":[3,2]},"_coverageSchema":"1a1c01bbd47fc00a2c39e90264f33305004495a9","hash":"f7c9dd9fcf88930f110bc0f437a5d0450e8157fe"}
}
