{"C:\\Users\\porte\\ravenwingweb\\client\\preview\\js\\bom.js": {"path":"C:\\Users\\porte\\ravenwingweb\\client\\preview\\js\\bom.js","statementMap":{"0":{"start":{"line":4,"column":12},"end":{"line":123,"column":1}},"1":{"start":{"line":136,"column":24},"end":{"line":136,"column":51}},"2":{"start":{"line":137,"column":22},"end":{"line":137,"column":50}},"3":{"start":{"line":138,"column":26},"end":{"line":138,"column":54}},"4":{"start":{"line":140,"column":15},"end":{"line":140,"column":29}},"5":{"start":{"line":141,"column":2},"end":{"line":141,"column":50}},"6":{"start":{"line":141,"column":38},"end":{"line":141,"column":50}},"7":{"start":{"line":143,"column":12},"end":{"line":143,"column":32}},"8":{"start":{"line":144,"column":13},"end":{"line":144,"column":24}},"9":{"start":{"line":145,"column":19},"end":{"line":145,"column":66}},"10":{"start":{"line":146,"column":16},"end":{"line":146,"column":28}},"11":{"start":{"line":147,"column":16},"end":{"line":147,"column":18}},"12":{"start":{"line":148,"column":22},"end":{"line":148,"column":23}},"13":{"start":{"line":150,"column":43},"end":{"line":150,"column":71}},"14":{"start":{"line":150,"column":73},"end":{"line":150,"column":147}},"15":{"start":{"line":151,"column":44},"end":{"line":151,"column":67}},"16":{"start":{"line":151,"column":69},"end":{"line":151,"column":143}},"17":{"start":{"line":153,"column":2},"end":{"line":234,"column":3}},"18":{"start":{"line":154,"column":25},"end":{"line":154,"column":45}},"19":{"start":{"line":155,"column":23},"end":{"line":155,"column":41}},"20":{"start":{"line":156,"column":26},"end":{"line":156,"column":51}},"21":{"start":{"line":157,"column":24},"end":{"line":157,"column":76}},"22":{"start":{"line":158,"column":23},"end":{"line":158,"column":63}},"23":{"start":{"line":159,"column":26},"end":{"line":159,"column":48}},"24":{"start":{"line":161,"column":4},"end":{"line":161,"column":111}},"25":{"start":{"line":162,"column":4},"end":{"line":162,"column":114}},"26":{"start":{"line":163,"column":4},"end":{"line":163,"column":124}},"27":{"start":{"line":164,"column":4},"end":{"line":164,"column":119}},"28":{"start":{"line":165,"column":4},"end":{"line":165,"column":107}},"29":{"start":{"line":166,"column":4},"end":{"line":166,"column":134}},"30":{"start":{"line":167,"column":4},"end":{"line":167,"column":134}},"31":{"start":{"line":169,"column":7},"end":{"line":234,"column":3}},"32":{"start":{"line":170,"column":24},"end":{"line":170,"column":43}},"33":{"start":{"line":171,"column":23},"end":{"line":171,"column":63}},"34":{"start":{"line":172,"column":26},"end":{"line":172,"column":48}},"35":{"start":{"line":174,"column":4},"end":{"line":174,"column":111}},"36":{"start":{"line":175,"column":4},"end":{"line":175,"column":104}},"37":{"start":{"line":176,"column":4},"end":{"line":176,"column":116}},"38":{"start":{"line":177,"column":4},"end":{"line":177,"column":107}},"39":{"start":{"line":178,"column":4},"end":{"line":178,"column":134}},"40":{"start":{"line":179,"column":4},"end":{"line":179,"column":133}},"41":{"start":{"line":181,"column":7},"end":{"line":234,"column":3}},"42":{"start":{"line":182,"column":20},"end":{"line":182,"column":84}},"43":{"start":{"line":183,"column":27},"end":{"line":183,"column":38}},"44":{"start":{"line":184,"column":27},"end":{"line":184,"column":62}},"45":{"start":{"line":185,"column":24},"end":{"line":185,"column":56}},"46":{"start":{"line":186,"column":21},"end":{"line":186,"column":54}},"47":{"start":{"line":187,"column":26},"end":{"line":187,"column":48}},"48":{"start":{"line":188,"column":24},"end":{"line":188,"column":38}},"49":{"start":{"line":189,"column":25},"end":{"line":189,"column":63}},"50":{"start":{"line":190,"column":23},"end":{"line":190,"column":59}},"51":{"start":{"line":191,"column":21},"end":{"line":191,"column":35}},"52":{"start":{"line":192,"column":21},"end":{"line":192,"column":35}},"53":{"start":{"line":193,"column":21},"end":{"line":193,"column":35}},"54":{"start":{"line":194,"column":18},"end":{"line":194,"column":43}},"55":{"start":{"line":195,"column":21},"end":{"line":195,"column":96}},"56":{"start":{"line":197,"column":4},"end":{"line":197,"column":119}},"57":{"start":{"line":198,"column":4},"end":{"line":198,"column":119}},"58":{"start":{"line":199,"column":4},"end":{"line":199,"column":110}},"59":{"start":{"line":200,"column":4},"end":{"line":200,"column":113}},"60":{"start":{"line":201,"column":4},"end":{"line":201,"column":122}},"61":{"start":{"line":202,"column":4},"end":{"line":202,"column":126}},"62":{"start":{"line":203,"column":4},"end":{"line":203,"column":118}},"63":{"start":{"line":204,"column":4},"end":{"line":204,"column":114}},"64":{"start":{"line":205,"column":4},"end":{"line":205,"column":117}},"65":{"start":{"line":206,"column":4},"end":{"line":206,"column":121}},"66":{"start":{"line":207,"column":4},"end":{"line":207,"column":128}},"67":{"start":{"line":208,"column":4},"end":{"line":208,"column":110}},"68":{"start":{"line":209,"column":4},"end":{"line":209,"column":134}},"69":{"start":{"line":211,"column":7},"end":{"line":234,"column":3}},"70":{"start":{"line":212,"column":26},"end":{"line":212,"column":56}},"71":{"start":{"line":213,"column":24},"end":{"line":213,"column":59}},"72":{"start":{"line":214,"column":26},"end":{"line":214,"column":48}},"73":{"start":{"line":216,"column":4},"end":{"line":216,"column":109}},"74":{"start":{"line":217,"column":4},"end":{"line":217,"column":104}},"75":{"start":{"line":218,"column":4},"end":{"line":218,"column":123}},"76":{"start":{"line":219,"column":4},"end":{"line":219,"column":107}},"77":{"start":{"line":220,"column":4},"end":{"line":220,"column":122}},"78":{"start":{"line":221,"column":4},"end":{"line":221,"column":134}},"79":{"start":{"line":223,"column":7},"end":{"line":234,"column":3}},"80":{"start":{"line":224,"column":26},"end":{"line":224,"column":56}},"81":{"start":{"line":225,"column":24},"end":{"line":225,"column":63}},"82":{"start":{"line":226,"column":26},"end":{"line":226,"column":48}},"83":{"start":{"line":228,"column":4},"end":{"line":228,"column":109}},"84":{"start":{"line":229,"column":4},"end":{"line":229,"column":104}},"85":{"start":{"line":230,"column":4},"end":{"line":230,"column":123}},"86":{"start":{"line":231,"column":4},"end":{"line":231,"column":107}},"87":{"start":{"line":232,"column":4},"end":{"line":232,"column":112}},"88":{"start":{"line":233,"column":4},"end":{"line":233,"column":134}},"89":{"start":{"line":236,"column":19},"end":{"line":240,"column":4}},"90":{"start":{"line":236,"column":37},"end":{"line":236,"column":46}},"91":{"start":{"line":237,"column":4},"end":{"line":237,"column":57}},"92":{"start":{"line":238,"column":4},"end":{"line":238,"column":29}},"93":{"start":{"line":239,"column":4},"end":{"line":239,"column":13}},"94":{"start":{"line":242,"column":2},"end":{"line":242,"column":71}},"95":{"start":{"line":249,"column":13},"end":{"line":249,"column":18}},"96":{"start":{"line":249,"column":25},"end":{"line":249,"column":31}},"97":{"start":{"line":250,"column":2},"end":{"line":253,"column":4}},"98":{"start":{"line":260,"column":2},"end":{"line":260,"column":39}},"99":{"start":{"line":260,"column":25},"end":{"line":260,"column":39}},"100":{"start":{"line":262,"column":14},"end":{"line":262,"column":65}},"101":{"start":{"line":263,"column":17},"end":{"line":263,"column":19}},"102":{"start":{"line":264,"column":19},"end":{"line":264,"column":21}},"103":{"start":{"line":266,"column":2},"end":{"line":276,"column":3}},"104":{"start":{"line":266,"column":15},"end":{"line":266,"column":16}},"105":{"start":{"line":267,"column":15},"end":{"line":267,"column":38}},"106":{"start":{"line":268,"column":15},"end":{"line":268,"column":21}},"107":{"start":{"line":269,"column":15},"end":{"line":269,"column":51}},"108":{"start":{"line":270,"column":15},"end":{"line":270,"column":51}},"109":{"start":{"line":272,"column":4},"end":{"line":275,"column":5}},"110":{"start":{"line":272,"column":17},"end":{"line":272,"column":18}},"111":{"start":{"line":273,"column":17},"end":{"line":273,"column":57}},"112":{"start":{"line":274,"column":6},"end":{"line":274,"column":48}},"113":{"start":{"line":277,"column":2},"end":{"line":277,"column":48}},"114":{"start":{"line":277,"column":15},"end":{"line":277,"column":48}},"115":{"start":{"line":279,"column":2},"end":{"line":279,"column":16}},"116":{"start":{"line":290,"column":20},"end":{"line":290,"column":21}},"117":{"start":{"line":292,"column":2},"end":{"line":304,"column":3}},"118":{"start":{"line":293,"column":19},"end":{"line":293,"column":50}},"119":{"start":{"line":294,"column":4},"end":{"line":296,"column":5}},"120":{"start":{"line":294,"column":17},"end":{"line":294,"column":18}},"121":{"start":{"line":295,"column":6},"end":{"line":295,"column":59}},"122":{"start":{"line":298,"column":4},"end":{"line":300,"column":5}},"123":{"start":{"line":298,"column":17},"end":{"line":298,"column":18}},"124":{"start":{"line":299,"column":6},"end":{"line":299,"column":59}},"125":{"start":{"line":301,"column":4},"end":{"line":303,"column":5}},"126":{"start":{"line":302,"column":6},"end":{"line":302,"column":71}},"127":{"start":{"line":306,"column":2},"end":{"line":306,"column":43}},"128":{"start":{"line":313,"column":12},"end":{"line":313,"column":19}},"129":{"start":{"line":314,"column":15},"end":{"line":314,"column":48}},"130":{"start":{"line":315,"column":15},"end":{"line":315,"column":48}},"131":{"start":{"line":316,"column":12},"end":{"line":318,"column":39}},"132":{"start":{"line":319,"column":12},"end":{"line":319,"column":56}},"133":{"start":{"line":320,"column":2},"end":{"line":320,"column":15}},"134":{"start":{"line":327,"column":15},"end":{"line":327,"column":51}},"135":{"start":{"line":328,"column":2},"end":{"line":328,"column":85}},"136":{"start":{"line":328,"column":58},"end":{"line":328,"column":85}},"137":{"start":{"line":329,"column":2},"end":{"line":329,"column":18}},"138":{"start":{"line":336,"column":2},"end":{"line":336,"column":62}},"139":{"start":{"line":343,"column":2},"end":{"line":343,"column":63}},"140":{"start":{"line":350,"column":2},"end":{"line":350,"column":65}},"141":{"start":{"line":350,"column":34},"end":{"line":350,"column":60}},"142":{"start":{"line":354,"column":14},"end":{"line":365,"column":1}},"143":{"start":{"line":372,"column":2},"end":{"line":372,"column":34}},"144":{"start":{"line":372,"column":25},"end":{"line":372,"column":34}},"145":{"start":{"line":375,"column":15},"end":{"line":375,"column":24}},"146":{"start":{"line":376,"column":15},"end":{"line":376,"column":51}},"147":{"start":{"line":377,"column":24},"end":{"line":377,"column":30}},"148":{"start":{"line":378,"column":24},"end":{"line":378,"column":39}},"149":{"start":{"line":380,"column":11},"end":{"line":385,"column":4}},"150":{"start":{"line":381,"column":4},"end":{"line":384,"column":6}},"151":{"start":{"line":388,"column":13},"end":{"line":388,"column":14}},"152":{"start":{"line":389,"column":2},"end":{"line":393,"column":3}},"153":{"start":{"line":389,"column":15},"end":{"line":389,"column":16}},"154":{"start":{"line":390,"column":12},"end":{"line":390,"column":31}},"155":{"start":{"line":391,"column":4},"end":{"line":391,"column":30}},"156":{"start":{"line":392,"column":4},"end":{"line":392,"column":30}},"157":{"start":{"line":394,"column":2},"end":{"line":394,"column":28}},"158":{"start":{"line":397,"column":2},"end":{"line":397,"column":36}},"159":{"start":{"line":404,"column":2},"end":{"line":404,"column":34}},"160":{"start":{"line":404,"column":25},"end":{"line":404,"column":34}},"161":{"start":{"line":405,"column":14},"end":{"line":405,"column":15}},"162":{"start":{"line":406,"column":2},"end":{"line":409,"column":3}},"163":{"start":{"line":406,"column":15},"end":{"line":406,"column":16}},"164":{"start":{"line":407,"column":12},"end":{"line":407,"column":35}},"165":{"start":{"line":408,"column":4},"end":{"line":408,"column":47}},"166":{"start":{"line":410,"column":2},"end":{"line":410,"column":37}},"167":{"start":{"line":426,"column":2},"end":{"line":426,"column":26}},"168":{"start":{"line":427,"column":21},"end":{"line":427,"column":51}},"169":{"start":{"line":428,"column":22},"end":{"line":428,"column":49}},"170":{"start":{"line":430,"column":12},"end":{"line":430,"column":31}},"171":{"start":{"line":431,"column":2},"end":{"line":431,"column":24}},"172":{"start":{"line":431,"column":12},"end":{"line":431,"column":24}},"173":{"start":{"line":433,"column":18},"end":{"line":433,"column":47}},"174":{"start":{"line":434,"column":19},"end":{"line":434,"column":33}},"175":{"start":{"line":435,"column":14},"end":{"line":435,"column":16}},"176":{"start":{"line":436,"column":22},"end":{"line":436,"column":23}},"177":{"start":{"line":439,"column":15},"end":{"line":439,"column":50}},"178":{"start":{"line":440,"column":4},"end":{"line":440,"column":78}},"179":{"start":{"line":443,"column":2},"end":{"line":459,"column":3}},"180":{"start":{"line":444,"column":14},"end":{"line":444,"column":45}},"181":{"start":{"line":445,"column":4},"end":{"line":450,"column":7}},"182":{"start":{"line":452,"column":15},"end":{"line":452,"column":49}},"183":{"start":{"line":453,"column":4},"end":{"line":458,"column":7}},"184":{"start":{"line":461,"column":2},"end":{"line":479,"column":3}},"185":{"start":{"line":463,"column":22},"end":{"line":463,"column":47}},"186":{"start":{"line":464,"column":4},"end":{"line":469,"column":7}},"187":{"start":{"line":471,"column":18},"end":{"line":471,"column":41}},"188":{"start":{"line":472,"column":22},"end":{"line":472,"column":45}},"189":{"start":{"line":473,"column":4},"end":{"line":478,"column":7}},"190":{"start":{"line":481,"column":2},"end":{"line":498,"column":3}},"191":{"start":{"line":483,"column":25},"end":{"line":483,"column":60}},"192":{"start":{"line":484,"column":4},"end":{"line":489,"column":7}},"193":{"start":{"line":491,"column":17},"end":{"line":491,"column":51}},"194":{"start":{"line":492,"column":4},"end":{"line":497,"column":7}},"195":{"start":{"line":500,"column":17},"end":{"line":504,"column":4}},"196":{"start":{"line":500,"column":44},"end":{"line":500,"column":61}},"197":{"start":{"line":501,"column":4},"end":{"line":501,"column":57}},"198":{"start":{"line":502,"column":4},"end":{"line":502,"column":29}},"199":{"start":{"line":503,"column":4},"end":{"line":503,"column":13}},"200":{"start":{"line":506,"column":2},"end":{"line":506,"column":117}},"201":{"start":{"line":509,"column":0},"end":{"line":524,"column":2}}},"fnMap":{"0":{"name":"calculateBOM","decl":{"start":{"line":135,"column":9},"end":{"line":135,"column":21}},"loc":{"start":{"line":135,"column":61},"end":{"line":243,"column":1}},"line":135},"1":{"name":"p","decl":{"start":{"line":150,"column":11},"end":{"line":150,"column":12}},"loc":{"start":{"line":150,"column":28},"end":{"line":150,"column":149}},"line":150},"2":{"name":"pe","decl":{"start":{"line":151,"column":11},"end":{"line":151,"column":13}},"loc":{"start":{"line":151,"column":29},"end":{"line":151,"column":145}},"line":151},"3":{"name":"(anonymous_3)","decl":{"start":{"line":236,"column":32},"end":{"line":236,"column":33}},"loc":{"start":{"line":236,"column":37},"end":{"line":236,"column":46}},"line":236},"4":{"name":"(anonymous_4)","decl":{"start":{"line":236,"column":52},"end":{"line":236,"column":53}},"loc":{"start":{"line":236,"column":57},"end":{"line":240,"column":3}},"line":236},"5":{"name":"catmullRom","decl":{"start":{"line":248,"column":9},"end":{"line":248,"column":19}},"loc":{"start":{"line":248,"column":39},"end":{"line":254,"column":1}},"line":248},"6":{"name":"getSplinePoints","decl":{"start":{"line":259,"column":9},"end":{"line":259,"column":24}},"loc":{"start":{"line":259,"column":41},"end":{"line":280,"column":1}},"line":259},"7":{"name":"calculateFootage","decl":{"start":{"line":289,"column":9},"end":{"line":289,"column":25}},"loc":{"start":{"line":289,"column":53},"end":{"line":307,"column":1}},"line":289},"8":{"name":"distBetween","decl":{"start":{"line":312,"column":9},"end":{"line":312,"column":20}},"loc":{"start":{"line":312,"column":29},"end":{"line":321,"column":1}},"line":312},"9":{"name":"getPrice","decl":{"start":{"line":326,"column":9},"end":{"line":326,"column":17}},"loc":{"start":{"line":326,"column":67},"end":{"line":330,"column":1}},"line":326},"10":{"name":"encodeEstimate","decl":{"start":{"line":335,"column":9},"end":{"line":335,"column":23}},"loc":{"start":{"line":335,"column":30},"end":{"line":337,"column":1}},"line":335},"11":{"name":"decodeEstimate","decl":{"start":{"line":342,"column":9},"end":{"line":342,"column":23}},"loc":{"start":{"line":342,"column":33},"end":{"line":344,"column":1}},"line":342},"12":{"name":"customItemsTotal","decl":{"start":{"line":349,"column":9},"end":{"line":349,"column":25}},"loc":{"start":{"line":349,"column":33},"end":{"line":351,"column":1}},"line":349},"13":{"name":"(anonymous_13)","decl":{"start":{"line":350,"column":22},"end":{"line":350,"column":23}},"loc":{"start":{"line":350,"column":34},"end":{"line":350,"column":60}},"line":350},"14":{"name":"calculatePolygonArea","decl":{"start":{"line":371,"column":9},"end":{"line":371,"column":29}},"loc":{"start":{"line":371,"column":38},"end":{"line":398,"column":1}},"line":371},"15":{"name":"(anonymous_15)","decl":{"start":{"line":380,"column":22},"end":{"line":380,"column":23}},"loc":{"start":{"line":380,"column":34},"end":{"line":385,"column":3}},"line":380},"16":{"name":"calculatePolygonPerimeter","decl":{"start":{"line":403,"column":9},"end":{"line":403,"column":34}},"loc":{"start":{"line":403,"column":43},"end":{"line":411,"column":1}},"line":403},"17":{"name":"calculateMulchBOM","decl":{"start":{"line":425,"column":9},"end":{"line":425,"column":26}},"loc":{"start":{"line":425,"column":73},"end":{"line":507,"column":1}},"line":425},"18":{"name":"mp","decl":{"start":{"line":438,"column":11},"end":{"line":438,"column":13}},"loc":{"start":{"line":438,"column":29},"end":{"line":441,"column":3}},"line":438},"19":{"name":"(anonymous_19)","decl":{"start":{"line":500,"column":30},"end":{"line":500,"column":31}},"loc":{"start":{"line":500,"column":42},"end":{"line":500,"column":63}},"line":500},"20":{"name":"(anonymous_20)","decl":{"start":{"line":500,"column":69},"end":{"line":500,"column":70}},"loc":{"start":{"line":500,"column":81},"end":{"line":504,"column":3}},"line":500}},"branchMap":{"0":{"loc":{"start":{"line":135,"column":47},"end":{"line":135,"column":59}},"type":"default-arg","locations":[{"start":{"line":135,"column":57},"end":{"line":135,"column":59}}],"line":135},"1":{"loc":{"start":{"line":136,"column":24},"end":{"line":136,"column":51}},"type":"binary-expr","locations":[{"start":{"line":136,"column":24},"end":{"line":136,"column":45}},{"start":{"line":136,"column":49},"end":{"line":136,"column":51}}],"line":136},"2":{"loc":{"start":{"line":137,"column":22},"end":{"line":137,"column":50}},"type":"binary-expr","locations":[{"start":{"line":137,"column":22},"end":{"line":137,"column":41}},{"start":{"line":137,"column":45},"end":{"line":137,"column":50}}],"line":137},"3":{"loc":{"start":{"line":138,"column":26},"end":{"line":138,"column":54}},"type":"binary-expr","locations":[{"start":{"line":138,"column":26},"end":{"line":138,"column":49}},{"start":{"line":138,"column":53},"end":{"line":138,"column":54}}],"line":138},"4":{"loc":{"start":{"line":141,"column":2},"end":{"line":141,"column":50}},"type":"if","locations":[{"start":{"line":141,"column":2},"end":{"line":141,"column":50}},{"start":{},"end":{}}],"line":141},"5":{"loc":{"start":{"line":141,"column":6},"end":{"line":141,"column":36}},"type":"binary-expr","locations":[{"start":{"line":141,"column":6},"end":{"line":141,"column":11}},{"start":{"line":141,"column":15},"end":{"line":141,"column":36}}],"line":141},"6":{"loc":{"start":{"line":150,"column":80},"end":{"line":150,"column":146}},"type":"cond-expr","locations":[{"start":{"line":150,"column":116},"end":{"line":150,"column":135}},{"start":{"line":150,"column":138},"end":{"line":150,"column":146}}],"line":150},"7":{"loc":{"start":{"line":151,"column":76},"end":{"line":151,"column":142}},"type":"cond-expr","locations":[{"start":{"line":151,"column":112},"end":{"line":151,"column":131}},{"start":{"line":151,"column":134},"end":{"line":151,"column":142}}],"line":151},"8":{"loc":{"start":{"line":153,"column":2},"end":{"line":234,"column":3}},"type":"if","locations":[{"start":{"line":153,"column":2},"end":{"line":234,"column":3}},{"start":{"line":169,"column":7},"end":{"line":234,"column":3}}],"line":153},"9":{"loc":{"start":{"line":169,"column":7},"end":{"line":234,"column":3}},"type":"if","locations":[{"start":{"line":169,"column":7},"end":{"line":234,"column":3}},{"start":{"line":181,"column":7},"end":{"line":234,"column":3}}],"line":169},"10":{"loc":{"start":{"line":181,"column":7},"end":{"line":234,"column":3}},"type":"if","locations":[{"start":{"line":181,"column":7},"end":{"line":234,"column":3}},{"start":{"line":211,"column":7},"end":{"line":234,"column":3}}],"line":181},"11":{"loc":{"start":{"line":182,"column":20},"end":{"line":182,"column":84}},"type":"cond-expr","locations":[{"start":{"line":182,"column":34},"end":{"line":182,"column":49}},{"start":{"line":182,"column":52},"end":{"line":182,"column":84}}],"line":182},"12":{"loc":{"start":{"line":211,"column":7},"end":{"line":234,"column":3}},"type":"if","locations":[{"start":{"line":211,"column":7},"end":{"line":234,"column":3}},{"start":{"line":223,"column":7},"end":{"line":234,"column":3}}],"line":211},"13":{"loc":{"start":{"line":223,"column":7},"end":{"line":234,"column":3}},"type":"if","locations":[{"start":{"line":223,"column":7},"end":{"line":234,"column":3}},{"start":{},"end":{}}],"line":223},"14":{"loc":{"start":{"line":260,"column":2},"end":{"line":260,"column":39}},"type":"if","locations":[{"start":{"line":260,"column":2},"end":{"line":260,"column":39}},{"start":{},"end":{}}],"line":260},"15":{"loc":{"start":{"line":262,"column":14},"end":{"line":262,"column":65}},"type":"cond-expr","locations":[{"start":{"line":262,"column":23},"end":{"line":262,"column":56}},{"start":{"line":262,"column":59},"end":{"line":262,"column":65}}],"line":262},"16":{"loc":{"start":{"line":277,"column":2},"end":{"line":277,"column":48}},"type":"if","locations":[{"start":{"line":277,"column":2},"end":{"line":277,"column":48}},{"start":{},"end":{}}],"line":277},"17":{"loc":{"start":{"line":292,"column":2},"end":{"line":304,"column":3}},"type":"if","locations":[{"start":{"line":292,"column":2},"end":{"line":304,"column":3}},{"start":{"line":297,"column":9},"end":{"line":304,"column":3}}],"line":292},"18":{"loc":{"start":{"line":292,"column":6},"end":{"line":292,"column":37}},"type":"binary-expr","locations":[{"start":{"line":292,"column":6},"end":{"line":292,"column":15}},{"start":{"line":292,"column":19},"end":{"line":292,"column":37}}],"line":292},"19":{"loc":{"start":{"line":301,"column":4},"end":{"line":303,"column":5}},"type":"if","locations":[{"start":{"line":301,"column":4},"end":{"line":303,"column":5}},{"start":{},"end":{}}],"line":301},"20":{"loc":{"start":{"line":301,"column":8},"end":{"line":301,"column":35}},"type":"binary-expr","locations":[{"start":{"line":301,"column":8},"end":{"line":301,"column":14}},{"start":{"line":301,"column":18},"end":{"line":301,"column":35}}],"line":301},"21":{"loc":{"start":{"line":328,"column":2},"end":{"line":328,"column":85}},"type":"if","locations":[{"start":{"line":328,"column":2},"end":{"line":328,"column":85}},{"start":{},"end":{}}],"line":328},"22":{"loc":{"start":{"line":328,"column":6},"end":{"line":328,"column":56}},"type":"binary-expr","locations":[{"start":{"line":328,"column":6},"end":{"line":328,"column":19}},{"start":{"line":328,"column":23},"end":{"line":328,"column":56}}],"line":328},"23":{"loc":{"start":{"line":372,"column":2},"end":{"line":372,"column":34}},"type":"if","locations":[{"start":{"line":372,"column":2},"end":{"line":372,"column":34}},{"start":{},"end":{}}],"line":372},"24":{"loc":{"start":{"line":404,"column":2},"end":{"line":404,"column":34}},"type":"if","locations":[{"start":{"line":404,"column":2},"end":{"line":404,"column":34}},{"start":{},"end":{}}],"line":404},"25":{"loc":{"start":{"line":426,"column":12},"end":{"line":426,"column":25}},"type":"binary-expr","locations":[{"start":{"line":426,"column":12},"end":{"line":426,"column":19}},{"start":{"line":426,"column":23},"end":{"line":426,"column":25}}],"line":426},"26":{"loc":{"start":{"line":427,"column":21},"end":{"line":427,"column":51}},"type":"binary-expr","locations":[{"start":{"line":427,"column":21},"end":{"line":427,"column":41}},{"start":{"line":427,"column":45},"end":{"line":427,"column":51}}],"line":427},"27":{"loc":{"start":{"line":428,"column":22},"end":{"line":428,"column":49}},"type":"binary-expr","locations":[{"start":{"line":428,"column":22},"end":{"line":428,"column":43}},{"start":{"line":428,"column":47},"end":{"line":428,"column":49}}],"line":428},"28":{"loc":{"start":{"line":431,"column":2},"end":{"line":431,"column":24}},"type":"if","locations":[{"start":{"line":431,"column":2},"end":{"line":431,"column":24}},{"start":{},"end":{}}],"line":431},"29":{"loc":{"start":{"line":440,"column":11},"end":{"line":440,"column":77}},"type":"cond-expr","locations":[{"start":{"line":440,"column":47},"end":{"line":440,"column":66}},{"start":{"line":440,"column":69},"end":{"line":440,"column":77}}],"line":440},"30":{"loc":{"start":{"line":443,"column":2},"end":{"line":459,"column":3}},"type":"if","locations":[{"start":{"line":443,"column":2},"end":{"line":459,"column":3}},{"start":{"line":451,"column":9},"end":{"line":459,"column":3}}],"line":443},"31":{"loc":{"start":{"line":461,"column":2},"end":{"line":479,"column":3}},"type":"if","locations":[{"start":{"line":461,"column":2},"end":{"line":479,"column":3}},{"start":{},"end":{}}],"line":461},"32":{"loc":{"start":{"line":481,"column":2},"end":{"line":498,"column":3}},"type":"if","locations":[{"start":{"line":481,"column":2},"end":{"line":498,"column":3}},{"start":{},"end":{}}],"line":481},"33":{"loc":{"start":{"line":481,"column":6},"end":{"line":481,"column":46}},"type":"binary-expr","locations":[{"start":{"line":481,"column":6},"end":{"line":481,"column":23}},{"start":{"line":481,"column":27},"end":{"line":481,"column":46}}],"line":481}},"s":{"0":2,"1":82,"2":82,"3":82,"4":82,"5":82,"6":2,"7":80,"8":80,"9":80,"10":80,"11":80,"12":80,"13":218,"14":218,"15":400,"16":400,"17":80,"18":26,"19":26,"20":26,"21":26,"22":26,"23":26,"24":26,"25":26,"26":26,"27":26,"28":26,"29":26,"30":26,"31":54,"32":13,"33":13,"34":13,"35":13,"36":13,"37":13,"38":13,"39":13,"40":13,"41":41,"42":16,"43":16,"44":16,"45":16,"46":16,"47":16,"48":16,"49":16,"50":16,"51":16,"52":16,"53":16,"54":16,"55":16,"56":16,"57":16,"58":16,"59":16,"60":16,"61":16,"62":16,"63":16,"64":16,"65":16,"66":16,"67":16,"68":16,"69":25,"70":13,"71":13,"72":13,"73":13,"74":13,"75":13,"76":13,"77":13,"78":13,"79":12,"80":12,"81":12,"82":12,"83":12,"84":12,"85":12,"86":12,"87":12,"88":12,"89":80,"90":618,"91":604,"92":604,"93":604,"94":80,"95":282,"96":282,"97":282,"98":11,"99":3,"100":8,"101":8,"102":8,"103":8,"104":8,"105":23,"106":23,"107":23,"108":23,"109":23,"110":23,"111":276,"112":276,"113":8,"114":6,"115":8,"116":13,"117":13,"118":2,"119":2,"120":2,"121":60,"122":11,"123":11,"124":13,"125":11,"126":1,"127":13,"128":84,"129":84,"130":84,"131":84,"132":84,"133":84,"134":7,"135":7,"136":3,"137":4,"138":7,"139":7,"140":11,"141":1009,"142":2,"143":9,"144":3,"145":6,"146":6,"147":6,"148":6,"149":6,"150":23,"151":6,"152":6,"153":6,"154":23,"155":23,"156":23,"157":6,"158":6,"159":3,"160":2,"161":1,"162":1,"163":1,"164":4,"165":4,"166":1,"167":31,"168":31,"169":31,"170":31,"171":31,"172":1,"173":30,"174":30,"175":30,"176":30,"177":38,"178":38,"179":30,"180":3,"181":3,"182":27,"183":27,"184":30,"185":2,"186":2,"187":2,"188":2,"189":2,"190":30,"191":2,"192":2,"193":2,"194":2,"195":30,"196":38,"197":37,"198":37,"199":37,"200":30,"201":2},"f":{"0":82,"1":218,"2":400,"3":618,"4":604,"5":282,"6":11,"7":13,"8":84,"9":7,"10":7,"11":7,"12":11,"13":1009,"14":9,"15":23,"16":3,"17":31,"18":38,"19":38,"20":37},"b":{"0":[70],"1":[82,74],"2":[82,80],"3":[82,78],"4":[2,80],"5":[82,81],"6":[3,215],"7":[4,396],"8":[26,54],"9":[13,41],"10":[16,25],"11":[2,14],"12":[13,12],"13":[12,0],"14":[3,8],"15":[2,6],"16":[6,2],"17":[2,11],"18":[13,3],"19":[1,10],"20":[11,2],"21":[3,4],"22":[7,5],"23":[3,6],"24":[2,1],"25":[31,22],"26":[31,28],"27":[31,29],"28":[1,30],"29":[2,36],"30":[3,27],"31":[2,28],"32":[2,28],"33":[30,3]},"_coverageSchema":"1a1c01bbd47fc00a2c39e90264f33305004495a9","hash":"4aa35c25fcc7637b28c73ffbda21ac69318f3578"}
,"C:\\Users\\porte\\ravenwingweb\\handlers\\approval.js": {"path":"C:\\Users\\porte\\ravenwingweb\\handlers\\approval.js","statementMap":{"0":{"start":{"line":1,"column":11},"end":{"line":1,"column":34}},"1":{"start":{"line":2,"column":13},"end":{"line":2,"column":34}},"2":{"start":{"line":3,"column":12},"end":{"line":3,"column":37}},"3":{"start":{"line":4,"column":15},"end":{"line":4,"column":32}},"4":{"start":{"line":7,"column":0},"end":{"line":41,"column":2}},"5":{"start":{"line":8,"column":20},"end":{"line":8,"column":54}},"6":{"start":{"line":9,"column":2},"end":{"line":9,"column":41}},"7":{"start":{"line":9,"column":18},"end":{"line":9,"column":41}},"8":{"start":{"line":11,"column":13},"end":{"line":11,"column":36}},"9":{"start":{"line":12,"column":20},"end":{"line":12,"column":70}},"10":{"start":{"line":13,"column":14},"end":{"line":13,"column":42}},"11":{"start":{"line":13,"column":30},"end":{"line":13,"column":41}},"12":{"start":{"line":14,"column":2},"end":{"line":14,"column":34}},"13":{"start":{"line":14,"column":12},"end":{"line":14,"column":34}},"14":{"start":{"line":17,"column":21},"end":{"line":17,"column":58}},"15":{"start":{"line":19,"column":18},"end":{"line":25,"column":3}},"16":{"start":{"line":28,"column":2},"end":{"line":33,"column":3}},"17":{"start":{"line":29,"column":4},"end":{"line":32,"column":7}},"18":{"start":{"line":35,"column":2},"end":{"line":35,"column":43}},"19":{"start":{"line":37,"column":17},"end":{"line":37,"column":69}},"20":{"start":{"line":38,"column":15},"end":{"line":38,"column":59}},"21":{"start":{"line":40,"column":2},"end":{"line":40,"column":38}},"22":{"start":{"line":44,"column":0},"end":{"line":84,"column":2}},"23":{"start":{"line":45,"column":16},"end":{"line":45,"column":42}},"24":{"start":{"line":46,"column":2},"end":{"line":46,"column":46}},"25":{"start":{"line":46,"column":14},"end":{"line":46,"column":46}},"26":{"start":{"line":48,"column":16},"end":{"line":48,"column":51}},"27":{"start":{"line":49,"column":2},"end":{"line":49,"column":68}},"28":{"start":{"line":49,"column":26},"end":{"line":49,"column":68}},"29":{"start":{"line":51,"column":14},"end":{"line":51,"column":22}},"30":{"start":{"line":54,"column":20},"end":{"line":54,"column":62}},"31":{"start":{"line":55,"column":20},"end":{"line":55,"column":22}},"32":{"start":{"line":56,"column":2},"end":{"line":59,"column":3}},"33":{"start":{"line":57,"column":20},"end":{"line":57,"column":67}},"34":{"start":{"line":58,"column":4},"end":{"line":58,"column":73}},"35":{"start":{"line":58,"column":17},"end":{"line":58,"column":73}},"36":{"start":{"line":62,"column":2},"end":{"line":83,"column":5}},"37":{"start":{"line":73,"column":39},"end":{"line":73,"column":71}},"38":{"start":{"line":87,"column":0},"end":{"line":121,"column":2}},"39":{"start":{"line":88,"column":16},"end":{"line":88,"column":42}},"40":{"start":{"line":89,"column":2},"end":{"line":89,"column":46}},"41":{"start":{"line":89,"column":14},"end":{"line":89,"column":46}},"42":{"start":{"line":91,"column":15},"end":{"line":91,"column":35}},"43":{"start":{"line":92,"column":2},"end":{"line":92,"column":44}},"44":{"start":{"line":92,"column":13},"end":{"line":92,"column":44}},"45":{"start":{"line":93,"column":17},"end":{"line":93,"column":28}},"46":{"start":{"line":94,"column":18},"end":{"line":94,"column":36}},"47":{"start":{"line":96,"column":2},"end":{"line":98,"column":3}},"48":{"start":{"line":97,"column":4},"end":{"line":97,"column":81}},"49":{"start":{"line":100,"column":16},"end":{"line":100,"column":51}},"50":{"start":{"line":101,"column":2},"end":{"line":101,"column":68}},"51":{"start":{"line":101,"column":26},"end":{"line":101,"column":68}},"52":{"start":{"line":103,"column":14},"end":{"line":103,"column":22}},"53":{"start":{"line":105,"column":23},"end":{"line":109,"column":3}},"54":{"start":{"line":111,"column":18},"end":{"line":111,"column":43}},"55":{"start":{"line":112,"column":2},"end":{"line":112,"column":29}},"56":{"start":{"line":114,"column":2},"end":{"line":118,"column":5}},"57":{"start":{"line":120,"column":2},"end":{"line":120,"column":74}}},"fnMap":{"0":{"name":"(anonymous_0)","decl":{"start":{"line":7,"column":23},"end":{"line":7,"column":24}},"loc":{"start":{"line":7,"column":40},"end":{"line":41,"column":1}},"line":7},"1":{"name":"(anonymous_1)","decl":{"start":{"line":13,"column":25},"end":{"line":13,"column":26}},"loc":{"start":{"line":13,"column":30},"end":{"line":13,"column":41}},"line":13},"2":{"name":"(anonymous_2)","decl":{"start":{"line":44,"column":27},"end":{"line":44,"column":28}},"loc":{"start":{"line":44,"column":44},"end":{"line":84,"column":1}},"line":44},"3":{"name":"(anonymous_3)","decl":{"start":{"line":73,"column":33},"end":{"line":73,"column":34}},"loc":{"start":{"line":73,"column":39},"end":{"line":73,"column":71}},"line":73},"4":{"name":"(anonymous_4)","decl":{"start":{"line":87,"column":25},"end":{"line":87,"column":26}},"loc":{"start":{"line":87,"column":42},"end":{"line":121,"column":1}},"line":87}},"branchMap":{"0":{"loc":{"start":{"line":9,"column":2},"end":{"line":9,"column":41}},"type":"if","locations":[{"start":{"line":9,"column":2},"end":{"line":9,"column":41}},{"start":{},"end":{}}],"line":9},"1":{"loc":{"start":{"line":14,"column":2},"end":{"line":14,"column":34}},"type":"if","locations":[{"start":{"line":14,"column":2},"end":{"line":14,"column":34}},{"start":{},"end":{}}],"line":14},"2":{"loc":{"start":{"line":17,"column":21},"end":{"line":17,"column":58}},"type":"binary-expr","locations":[{"start":{"line":17,"column":21},"end":{"line":17,"column":35}},{"start":{"line":17,"column":39},"end":{"line":17,"column":58}}],"line":17},"3":{"loc":{"start":{"line":28,"column":2},"end":{"line":33,"column":3}},"type":"if","locations":[{"start":{"line":28,"column":2},"end":{"line":33,"column":3}},{"start":{},"end":{}}],"line":28},"4":{"loc":{"start":{"line":37,"column":17},"end":{"line":37,"column":69}},"type":"binary-expr","locations":[{"start":{"line":37,"column":17},"end":{"line":37,"column":38}},{"start":{"line":37,"column":42},"end":{"line":37,"column":63}},{"start":{"line":37,"column":67},"end":{"line":37,"column":69}}],"line":37},"5":{"loc":{"start":{"line":46,"column":2},"end":{"line":46,"column":46}},"type":"if","locations":[{"start":{"line":46,"column":2},"end":{"line":46,"column":46}},{"start":{},"end":{}}],"line":46},"6":{"loc":{"start":{"line":49,"column":2},"end":{"line":49,"column":68}},"type":"if","locations":[{"start":{"line":49,"column":2},"end":{"line":49,"column":68}},{"start":{},"end":{}}],"line":49},"7":{"loc":{"start":{"line":54,"column":21},"end":{"line":54,"column":37}},"type":"binary-expr","locations":[{"start":{"line":54,"column":21},"end":{"line":54,"column":31}},{"start":{"line":54,"column":35},"end":{"line":54,"column":37}}],"line":54},"8":{"loc":{"start":{"line":56,"column":2},"end":{"line":59,"column":3}},"type":"if","locations":[{"start":{"line":56,"column":2},"end":{"line":59,"column":3}},{"start":{},"end":{}}],"line":56},"9":{"loc":{"start":{"line":58,"column":4},"end":{"line":58,"column":73}},"type":"if","locations":[{"start":{"line":58,"column":4},"end":{"line":58,"column":73}},{"start":{},"end":{}}],"line":58},"10":{"loc":{"start":{"line":58,"column":31},"end":{"line":58,"column":72}},"type":"binary-expr","locations":[{"start":{"line":58,"column":31},"end":{"line":58,"column":50}},{"start":{"line":58,"column":54},"end":{"line":58,"column":66}},{"start":{"line":58,"column":70},"end":{"line":58,"column":72}}],"line":58},"11":{"loc":{"start":{"line":63,"column":18},"end":{"line":63,"column":40}},"type":"binary-expr","locations":[{"start":{"line":63,"column":18},"end":{"line":63,"column":34}},{"start":{"line":63,"column":38},"end":{"line":63,"column":40}}],"line":63},"12":{"loc":{"start":{"line":64,"column":19},"end":{"line":64,"column":42}},"type":"binary-expr","locations":[{"start":{"line":64,"column":19},"end":{"line":64,"column":36}},{"start":{"line":64,"column":40},"end":{"line":64,"column":42}}],"line":64},"13":{"loc":{"start":{"line":65,"column":21},"end":{"line":65,"column":46}},"type":"binary-expr","locations":[{"start":{"line":65,"column":21},"end":{"line":65,"column":40}},{"start":{"line":65,"column":44},"end":{"line":65,"column":46}}],"line":65},"14":{"loc":{"start":{"line":66,"column":15},"end":{"line":66,"column":34}},"type":"binary-expr","locations":[{"start":{"line":66,"column":15},"end":{"line":66,"column":28}},{"start":{"line":66,"column":32},"end":{"line":66,"column":34}}],"line":66},"15":{"loc":{"start":{"line":67,"column":17},"end":{"line":67,"column":37}},"type":"binary-expr","locations":[{"start":{"line":67,"column":17},"end":{"line":67,"column":32}},{"start":{"line":67,"column":36},"end":{"line":67,"column":37}}],"line":67},"16":{"loc":{"start":{"line":68,"column":16},"end":{"line":68,"column":35}},"type":"binary-expr","locations":[{"start":{"line":68,"column":16},"end":{"line":68,"column":30}},{"start":{"line":68,"column":34},"end":{"line":68,"column":35}}],"line":68},"17":{"loc":{"start":{"line":69,"column":15},"end":{"line":69,"column":33}},"type":"binary-expr","locations":[{"start":{"line":69,"column":15},"end":{"line":69,"column":28}},{"start":{"line":69,"column":32},"end":{"line":69,"column":33}}],"line":69},"18":{"loc":{"start":{"line":70,"column":15},"end":{"line":70,"column":33}},"type":"binary-expr","locations":[{"start":{"line":70,"column":15},"end":{"line":70,"column":28}},{"start":{"line":70,"column":32},"end":{"line":70,"column":33}}],"line":70},"19":{"loc":{"start":{"line":71,"column":19},"end":{"line":71,"column":41}},"type":"binary-expr","locations":[{"start":{"line":71,"column":19},"end":{"line":71,"column":36}},{"start":{"line":71,"column":40},"end":{"line":71,"column":41}}],"line":71},"20":{"loc":{"start":{"line":72,"column":9},"end":{"line":72,"column":22}},"type":"binary-expr","locations":[{"start":{"line":72,"column":9},"end":{"line":72,"column":16}},{"start":{"line":72,"column":20},"end":{"line":72,"column":22}}],"line":72},"21":{"loc":{"start":{"line":73,"column":12},"end":{"line":73,"column":27}},"type":"binary-expr","locations":[{"start":{"line":73,"column":12},"end":{"line":73,"column":21}},{"start":{"line":73,"column":25},"end":{"line":73,"column":27}}],"line":73},"22":{"loc":{"start":{"line":74,"column":16},"end":{"line":74,"column":36}},"type":"binary-expr","locations":[{"start":{"line":74,"column":16},"end":{"line":74,"column":30}},{"start":{"line":74,"column":34},"end":{"line":74,"column":36}}],"line":74},"23":{"loc":{"start":{"line":75,"column":19},"end":{"line":75,"column":50}},"type":"binary-expr","locations":[{"start":{"line":75,"column":19},"end":{"line":75,"column":36}},{"start":{"line":75,"column":40},"end":{"line":75,"column":50}}],"line":75},"24":{"loc":{"start":{"line":76,"column":16},"end":{"line":76,"column":35}},"type":"binary-expr","locations":[{"start":{"line":76,"column":16},"end":{"line":76,"column":30}},{"start":{"line":76,"column":34},"end":{"line":76,"column":35}}],"line":76},"25":{"loc":{"start":{"line":77,"column":19},"end":{"line":77,"column":46}},"type":"binary-expr","locations":[{"start":{"line":77,"column":19},"end":{"line":77,"column":36}},{"start":{"line":77,"column":40},"end":{"line":77,"column":46}}],"line":77},"26":{"loc":{"start":{"line":78,"column":12},"end":{"line":78,"column":28}},"type":"binary-expr","locations":[{"start":{"line":78,"column":12},"end":{"line":78,"column":22}},{"start":{"line":78,"column":26},"end":{"line":78,"column":28}}],"line":78},"27":{"loc":{"start":{"line":79,"column":20},"end":{"line":79,"column":49}},"type":"binary-expr","locations":[{"start":{"line":79,"column":20},"end":{"line":79,"column":38}},{"start":{"line":79,"column":42},"end":{"line":79,"column":49}}],"line":79},"28":{"loc":{"start":{"line":80,"column":21},"end":{"line":80,"column":46}},"type":"binary-expr","locations":[{"start":{"line":80,"column":21},"end":{"line":80,"column":40}},{"start":{"line":80,"column":44},"end":{"line":80,"column":46}}],"line":80},"29":{"loc":{"start":{"line":82,"column":15},"end":{"line":82,"column":34}},"type":"binary-expr","locations":[{"start":{"line":82,"column":15},"end":{"line":82,"column":28}},{"start":{"line":82,"column":32},"end":{"line":82,"column":34}}],"line":82},"30":{"loc":{"start":{"line":89,"column":2},"end":{"line":89,"column":46}},"type":"if","locations":[{"start":{"line":89,"column":2},"end":{"line":89,"column":46}},{"start":{},"end":{}}],"line":89},"31":{"loc":{"start":{"line":92,"column":2},"end":{"line":92,"column":44}},"type":"if","locations":[{"start":{"line":92,"column":2},"end":{"line":92,"column":44}},{"start":{},"end":{}}],"line":92},"32":{"loc":{"start":{"line":94,"column":18},"end":{"line":94,"column":36}},"type":"binary-expr","locations":[{"start":{"line":94,"column":18},"end":{"line":94,"column":30}},{"start":{"line":94,"column":34},"end":{"line":94,"column":36}}],"line":94},"33":{"loc":{"start":{"line":96,"column":2},"end":{"line":98,"column":3}},"type":"if","locations":[{"start":{"line":96,"column":2},"end":{"line":98,"column":3}},{"start":{},"end":{}}],"line":96},"34":{"loc":{"start":{"line":101,"column":2},"end":{"line":101,"column":68}},"type":"if","locations":[{"start":{"line":101,"column":2},"end":{"line":101,"column":68}},{"start":{},"end":{}}],"line":101},"35":{"loc":{"start":{"line":111,"column":18},"end":{"line":111,"column":43}},"type":"binary-expr","locations":[{"start":{"line":111,"column":18},"end":{"line":111,"column":37}},{"start":{"line":111,"column":41},"end":{"line":111,"column":43}}],"line":111}},"s":{"0":3,"1":3,"2":3,"3":3,"4":3,"5":12,"6":12,"7":1,"8":11,"9":11,"10":11,"11":10,"12":11,"13":1,"14":10,"15":10,"16":10,"17":7,"18":10,"19":10,"20":10,"21":10,"22":3,"23":11,"24":11,"25":0,"26":11,"27":11,"28":1,"29":10,"30":10,"31":10,"32":10,"33":9,"34":9,"35":8,"36":10,"37":3,"38":3,"39":13,"40":13,"41":0,"42":13,"43":13,"44":0,"45":13,"46":13,"47":13,"48":3,"49":10,"50":10,"51":1,"52":9,"53":9,"54":9,"55":9,"56":9,"57":9},"f":{"0":12,"1":10,"2":11,"3":3,"4":13},"b":{"0":[1,11],"1":[1,10],"2":[10,8],"3":[7,3],"4":[10,2,1],"5":[0,11],"6":[1,10],"7":[10,1],"8":[9,1],"9":[8,1],"10":[8,7,0],"11":[10,1],"12":[10,6],"13":[10,6],"14":[10,1],"15":[10,6],"16":[10,7],"17":[10,6],"18":[10,1],"19":[10,6],"20":[10,1],"21":[10,5],"22":[10,7],"23":[10,7],"24":[10,7],"25":[10,7],"26":[10,6],"27":[10,1],"28":[10,6],"29":[10,7],"30":[0,13],"31":[0,13],"32":[13,6],"33":[3,10],"34":[1,9],"35":[9,2]},"_coverageSchema":"1a1c01bbd47fc00a2c39e90264f33305004495a9","hash":"5f67daa7a24cbb874b621af46b050a4a1ef9b81e"}
,"C:\\Users\\porte\\ravenwingweb\\handlers\\auth.js": {"path":"C:\\Users\\porte\\ravenwingweb\\handlers\\auth.js","statementMap":{"0":{"start":{"line":1,"column":11},"end":{"line":1,"column":34}},"1":{"start":{"line":2,"column":15},"end":{"line":2,"column":32}},"2":{"start":{"line":4,"column":0},"end":{"line":75,"column":2}},"3":{"start":{"line":5,"column":25},"end":{"line":5,"column":53}},"4":{"start":{"line":6,"column":22},"end":{"line":6,"column":88}},"5":{"start":{"line":7,"column":22},"end":{"line":7,"column":78}},"6":{"start":{"line":8,"column":14},"end":{"line":8,"column":38}},"7":{"start":{"line":11,"column":2},"end":{"line":38,"column":3}},"8":{"start":{"line":12,"column":18},"end":{"line":12,"column":60}},"9":{"start":{"line":13,"column":4},"end":{"line":37,"column":5}},"10":{"start":{"line":14,"column":21},"end":{"line":14,"column":29}},"11":{"start":{"line":15,"column":24},"end":{"line":15,"column":61}},"12":{"start":{"line":18,"column":6},"end":{"line":27,"column":9}},"13":{"start":{"line":30,"column":6},"end":{"line":34,"column":9}},"14":{"start":{"line":36,"column":6},"end":{"line":36,"column":19}},"15":{"start":{"line":41,"column":20},"end":{"line":41,"column":39}},"16":{"start":{"line":42,"column":20},"end":{"line":42,"column":81}},"17":{"start":{"line":45,"column":2},"end":{"line":60,"column":5}},"18":{"start":{"line":63,"column":2},"end":{"line":72,"column":5}},"19":{"start":{"line":74,"column":2},"end":{"line":74,"column":15}}},"fnMap":{"0":{"name":"(anonymous_0)","decl":{"start":{"line":4,"column":34},"end":{"line":4,"column":35}},"loc":{"start":{"line":4,"column":51},"end":{"line":75,"column":1}},"line":4}},"branchMap":{"0":{"loc":{"start":{"line":6,"column":22},"end":{"line":6,"column":88}},"type":"binary-expr","locations":[{"start":{"line":6,"column":22},"end":{"line":6,"column":72}},{"start":{"line":6,"column":76},"end":{"line":6,"column":88}}],"line":6},"1":{"loc":{"start":{"line":7,"column":22},"end":{"line":7,"column":78}},"type":"binary-expr","locations":[{"start":{"line":7,"column":22},"end":{"line":7,"column":72}},{"start":{"line":7,"column":76},"end":{"line":7,"column":78}}],"line":7},"2":{"loc":{"start":{"line":11,"column":2},"end":{"line":38,"column":3}},"type":"if","locations":[{"start":{"line":11,"column":2},"end":{"line":38,"column":3}},{"start":{},"end":{}}],"line":11},"3":{"loc":{"start":{"line":13,"column":4},"end":{"line":37,"column":5}},"type":"if","locations":[{"start":{"line":13,"column":4},"end":{"line":37,"column":5}},{"start":{},"end":{}}],"line":13},"4":{"loc":{"start":{"line":13,"column":8},"end":{"line":13,"column":57}},"type":"binary-expr","locations":[{"start":{"line":13,"column":8},"end":{"line":13,"column":24}},{"start":{"line":13,"column":28},"end":{"line":13,"column":57}}],"line":13}},"s":{"0":9,"1":9,"2":9,"3":9,"4":9,"5":9,"6":9,"7":9,"8":2,"9":2,"10":1,"11":1,"12":1,"13":1,"14":1,"15":8,"16":8,"17":8,"18":8,"19":8},"f":{"0":9},"b":{"0":[9,1],"1":[9,7],"2":[2,7],"3":[1,1],"4":[2,1]},"_coverageSchema":"1a1c01bbd47fc00a2c39e90264f33305004495a9","hash":"cc9c52348c40accd7d471cda909d0c233c05ff15"}
,"C:\\Users\\porte\\ravenwingweb\\handlers\\billing.js": {"path":"C:\\Users\\porte\\ravenwingweb\\handlers\\billing.js","statementMap":{"0":{"start":{"line":1,"column":11},"end":{"line":1,"column":34}},"1":{"start":{"line":2,"column":13},"end":{"line":2,"column":34}},"2":{"start":{"line":3,"column":12},"end":{"line":3,"column":37}},"3":{"start":{"line":7,"column":2},"end":{"line":7,"column":73}},"4":{"start":{"line":7,"column":15},"end":{"line":7,"column":73}},"5":{"start":{"line":8,"column":2},"end":{"line":8,"column":16}},"6":{"start":{"line":12,"column":28},"end":{"line":12,"column":30}},"7":{"start":{"line":13,"column":22},"end":{"line":13,"column":27}},"8":{"start":{"line":16,"column":24},"end":{"line":21,"column":1}},"9":{"start":{"line":22,"column":23},"end":{"line":22,"column":93}},"10":{"start":{"line":25,"column":2},"end":{"line":25,"column":61}},"11":{"start":{"line":25,"column":39},"end":{"line":25,"column":61}},"12":{"start":{"line":26,"column":2},"end":{"line":34,"column":3}},"13":{"start":{"line":27,"column":19},"end":{"line":27,"column":31}},"14":{"start":{"line":28,"column":22},"end":{"line":30,"column":6}},"15":{"start":{"line":29,"column":6},"end":{"line":29,"column":36}},"16":{"start":{"line":31,"column":4},"end":{"line":31,"column":44}},"17":{"start":{"line":33,"column":4},"end":{"line":33,"column":26}},"18":{"start":{"line":37,"column":0},"end":{"line":102,"column":2}},"19":{"start":{"line":38,"column":20},"end":{"line":38,"column":54}},"20":{"start":{"line":39,"column":2},"end":{"line":39,"column":41}},"21":{"start":{"line":39,"column":18},"end":{"line":39,"column":41}},"22":{"start":{"line":42,"column":14},"end":{"line":42,"column":24}},"23":{"start":{"line":43,"column":2},"end":{"line":45,"column":3}},"24":{"start":{"line":44,"column":4},"end":{"line":44,"column":71}},"25":{"start":{"line":46,"column":2},"end":{"line":46,"column":39}},"26":{"start":{"line":48,"column":18},"end":{"line":48,"column":65}},"27":{"start":{"line":49,"column":2},"end":{"line":49,"column":38}},"28":{"start":{"line":49,"column":16},"end":{"line":49,"column":38}},"29":{"start":{"line":52,"column":2},"end":{"line":54,"column":3}},"30":{"start":{"line":53,"column":4},"end":{"line":53,"column":65}},"31":{"start":{"line":56,"column":12},"end":{"line":56,"column":23}},"32":{"start":{"line":57,"column":15},"end":{"line":57,"column":35}},"33":{"start":{"line":58,"column":2},"end":{"line":58,"column":44}},"34":{"start":{"line":58,"column":13},"end":{"line":58,"column":44}},"35":{"start":{"line":59,"column":20},"end":{"line":59,"column":53}},"36":{"start":{"line":62,"column":21},"end":{"line":66,"column":3}},"37":{"start":{"line":67,"column":15},"end":{"line":67,"column":33}},"38":{"start":{"line":68,"column":18},"end":{"line":68,"column":97}},"39":{"start":{"line":70,"column":2},"end":{"line":70,"column":72}},"40":{"start":{"line":70,"column":16},"end":{"line":70,"column":72}},"41":{"start":{"line":73,"column":19},"end":{"line":73,"column":43}},"42":{"start":{"line":74,"column":2},"end":{"line":81,"column":3}},"43":{"start":{"line":75,"column":21},"end":{"line":78,"column":6}},"44":{"start":{"line":79,"column":4},"end":{"line":79,"column":29}},"45":{"start":{"line":80,"column":4},"end":{"line":80,"column":89}},"46":{"start":{"line":83,"column":22},"end":{"line":83,"column":50}},"47":{"start":{"line":85,"column":18},"end":{"line":99,"column":4}},"48":{"start":{"line":101,"column":2},"end":{"line":101,"column":38}},"49":{"start":{"line":104,"column":0},"end":{"line":122,"column":2}},"50":{"start":{"line":105,"column":20},"end":{"line":105,"column":54}},"51":{"start":{"line":106,"column":2},"end":{"line":106,"column":41}},"52":{"start":{"line":106,"column":18},"end":{"line":106,"column":41}},"53":{"start":{"line":108,"column":18},"end":{"line":108,"column":65}},"54":{"start":{"line":109,"column":2},"end":{"line":109,"column":82}},"55":{"start":{"line":109,"column":45},"end":{"line":109,"column":82}},"56":{"start":{"line":111,"column":15},"end":{"line":111,"column":35}},"57":{"start":{"line":112,"column":2},"end":{"line":112,"column":44}},"58":{"start":{"line":112,"column":13},"end":{"line":112,"column":44}},"59":{"start":{"line":113,"column":20},"end":{"line":113,"column":53}},"60":{"start":{"line":115,"column":12},"end":{"line":115,"column":23}},"61":{"start":{"line":116,"column":18},"end":{"line":119,"column":4}},"62":{"start":{"line":121,"column":2},"end":{"line":121,"column":38}},"63":{"start":{"line":124,"column":0},"end":{"line":170,"column":2}},"64":{"start":{"line":125,"column":20},"end":{"line":125,"column":54}},"65":{"start":{"line":126,"column":2},"end":{"line":126,"column":41}},"66":{"start":{"line":126,"column":18},"end":{"line":126,"column":41}},"67":{"start":{"line":128,"column":18},"end":{"line":128,"column":65}},"68":{"start":{"line":129,"column":2},"end":{"line":129,"column":38}},"69":{"start":{"line":129,"column":16},"end":{"line":129,"column":38}},"70":{"start":{"line":131,"column":22},"end":{"line":131,"column":109}},"71":{"start":{"line":132,"column":19},"end":{"line":132,"column":116}},"72":{"start":{"line":135,"column":24},"end":{"line":135,"column":28}},"73":{"start":{"line":136,"column":19},"end":{"line":136,"column":23}},"74":{"start":{"line":137,"column":13},"end":{"line":137,"column":34}},"75":{"start":{"line":138,"column":2},"end":{"line":152,"column":3}},"76":{"start":{"line":139,"column":4},"end":{"line":151,"column":5}},"77":{"start":{"line":140,"column":16},"end":{"line":140,"column":27}},"78":{"start":{"line":141,"column":18},"end":{"line":141,"column":72}},"79":{"start":{"line":142,"column":6},"end":{"line":142,"column":78}},"80":{"start":{"line":143,"column":6},"end":{"line":143,"column":61}},"81":{"start":{"line":145,"column":22},"end":{"line":145,"column":48}},"82":{"start":{"line":146,"column":6},"end":{"line":148,"column":24}},"83":{"start":{"line":146,"column":53},"end":{"line":146,"column":67}},"84":{"start":{"line":147,"column":11},"end":{"line":148,"column":24}},"85":{"start":{"line":147,"column":58},"end":{"line":147,"column":72}},"86":{"start":{"line":148,"column":11},"end":{"line":148,"column":24}},"87":{"start":{"line":155,"column":20},"end":{"line":155,"column":61}},"88":{"start":{"line":156,"column":19},"end":{"line":156,"column":86}},"89":{"start":{"line":158,"column":2},"end":{"line":169,"column":5}},"90":{"start":{"line":173,"column":0},"end":{"line":203,"column":2}},"91":{"start":{"line":174,"column":20},"end":{"line":174,"column":54}},"92":{"start":{"line":175,"column":2},"end":{"line":175,"column":41}},"93":{"start":{"line":175,"column":18},"end":{"line":175,"column":41}},"94":{"start":{"line":177,"column":18},"end":{"line":177,"column":65}},"95":{"start":{"line":178,"column":2},"end":{"line":178,"column":38}},"96":{"start":{"line":178,"column":16},"end":{"line":178,"column":38}},"97":{"start":{"line":181,"column":23},"end":{"line":181,"column":25}},"98":{"start":{"line":182,"column":16},"end":{"line":182,"column":20}},"99":{"start":{"line":183,"column":2},"end":{"line":190,"column":20}},"100":{"start":{"line":184,"column":19},"end":{"line":184,"column":79}},"101":{"start":{"line":185,"column":4},"end":{"line":188,"column":7}},"102":{"start":{"line":186,"column":50},"end":{"line":186,"column":54}},"103":{"start":{"line":187,"column":6},"end":{"line":187,"column":30}},"104":{"start":{"line":189,"column":4},"end":{"line":189,"column":29}},"105":{"start":{"line":192,"column":2},"end":{"line":202,"column":5}},"106":{"start":{"line":206,"column":0},"end":{"line":206,"column":57}}},"fnMap":{"0":{"name":"getStripe","decl":{"start":{"line":6,"column":9},"end":{"line":6,"column":18}},"loc":{"start":{"line":6,"column":21},"end":{"line":9,"column":1}},"line":6},"1":{"name":"sanitizeReturnUrl","decl":{"start":{"line":24,"column":9},"end":{"line":24,"column":26}},"loc":{"start":{"line":24,"column":32},"end":{"line":35,"column":1}},"line":24},"2":{"name":"(anonymous_2)","decl":{"start":{"line":28,"column":43},"end":{"line":28,"column":44}},"loc":{"start":{"line":28,"column":60},"end":{"line":30,"column":5}},"line":28},"3":{"name":"(anonymous_3)","decl":{"start":{"line":37,"column":26},"end":{"line":37,"column":27}},"loc":{"start":{"line":37,"column":43},"end":{"line":102,"column":1}},"line":37},"4":{"name":"(anonymous_4)","decl":{"start":{"line":104,"column":24},"end":{"line":104,"column":25}},"loc":{"start":{"line":104,"column":41},"end":{"line":122,"column":1}},"line":104},"5":{"name":"(anonymous_5)","decl":{"start":{"line":124,"column":24},"end":{"line":124,"column":25}},"loc":{"start":{"line":124,"column":41},"end":{"line":170,"column":1}},"line":124},"6":{"name":"(anonymous_6)","decl":{"start":{"line":173,"column":28},"end":{"line":173,"column":29}},"loc":{"start":{"line":173,"column":45},"end":{"line":203,"column":1}},"line":173},"7":{"name":"(anonymous_7)","decl":{"start":{"line":185,"column":25},"end":{"line":185,"column":26}},"loc":{"start":{"line":185,"column":40},"end":{"line":188,"column":5}},"line":185}},"branchMap":{"0":{"loc":{"start":{"line":7,"column":2},"end":{"line":7,"column":73}},"type":"if","locations":[{"start":{"line":7,"column":2},"end":{"line":7,"column":73}},{"start":{},"end":{}}],"line":7},"1":{"loc":{"start":{"line":25,"column":2},"end":{"line":25,"column":61}},"type":"if","locations":[{"start":{"line":25,"column":2},"end":{"line":25,"column":61}},{"start":{},"end":{}}],"line":25},"2":{"loc":{"start":{"line":25,"column":6},"end":{"line":25,"column":37}},"type":"binary-expr","locations":[{"start":{"line":25,"column":6},"end":{"line":25,"column":10}},{"start":{"line":25,"column":14},"end":{"line":25,"column":37}}],"line":25},"3":{"loc":{"start":{"line":31,"column":11},"end":{"line":31,"column":43}},"type":"cond-expr","locations":[{"start":{"line":31,"column":23},"end":{"line":31,"column":26}},{"start":{"line":31,"column":29},"end":{"line":31,"column":43}}],"line":31},"4":{"loc":{"start":{"line":39,"column":2},"end":{"line":39,"column":41}},"type":"if","locations":[{"start":{"line":39,"column":2},"end":{"line":39,"column":41}},{"start":{},"end":{}}],"line":39},"5":{"loc":{"start":{"line":43,"column":2},"end":{"line":45,"column":3}},"type":"if","locations":[{"start":{"line":43,"column":2},"end":{"line":45,"column":3}},{"start":{},"end":{}}],"line":43},"6":{"loc":{"start":{"line":43,"column":6},"end":{"line":43,"column":94}},"type":"binary-expr","locations":[{"start":{"line":43,"column":6},"end":{"line":43,"column":36}},{"start":{"line":43,"column":40},"end":{"line":43,"column":94}}],"line":43},"7":{"loc":{"start":{"line":49,"column":2},"end":{"line":49,"column":38}},"type":"if","locations":[{"start":{"line":49,"column":2},"end":{"line":49,"column":38}},{"start":{},"end":{}}],"line":49},"8":{"loc":{"start":{"line":52,"column":2},"end":{"line":54,"column":3}},"type":"if","locations":[{"start":{"line":52,"column":2},"end":{"line":54,"column":3}},{"start":{},"end":{}}],"line":52},"9":{"loc":{"start":{"line":52,"column":6},"end":{"line":52,"column":71}},"type":"binary-expr","locations":[{"start":{"line":52,"column":6},"end":{"line":52,"column":45}},{"start":{"line":52,"column":49},"end":{"line":52,"column":71}}],"line":52},"10":{"loc":{"start":{"line":58,"column":2},"end":{"line":58,"column":44}},"type":"if","locations":[{"start":{"line":58,"column":2},"end":{"line":58,"column":44}},{"start":{},"end":{}}],"line":58},"11":{"loc":{"start":{"line":67,"column":15},"end":{"line":67,"column":33}},"type":"binary-expr","locations":[{"start":{"line":67,"column":15},"end":{"line":67,"column":24}},{"start":{"line":67,"column":28},"end":{"line":67,"column":33}}],"line":67},"12":{"loc":{"start":{"line":68,"column":18},"end":{"line":68,"column":97}},"type":"binary-expr","locations":[{"start":{"line":68,"column":18},"end":{"line":68,"column":34}},{"start":{"line":68,"column":38},"end":{"line":68,"column":66}},{"start":{"line":68,"column":70},"end":{"line":68,"column":97}}],"line":68},"13":{"loc":{"start":{"line":70,"column":2},"end":{"line":70,"column":72}},"type":"if","locations":[{"start":{"line":70,"column":2},"end":{"line":70,"column":72}},{"start":{},"end":{}}],"line":70},"14":{"loc":{"start":{"line":74,"column":2},"end":{"line":81,"column":3}},"type":"if","locations":[{"start":{"line":74,"column":2},"end":{"line":81,"column":3}},{"start":{},"end":{}}],"line":74},"15":{"loc":{"start":{"line":106,"column":2},"end":{"line":106,"column":41}},"type":"if","locations":[{"start":{"line":106,"column":2},"end":{"line":106,"column":41}},{"start":{},"end":{}}],"line":106},"16":{"loc":{"start":{"line":109,"column":2},"end":{"line":109,"column":82}},"type":"if","locations":[{"start":{"line":109,"column":2},"end":{"line":109,"column":82}},{"start":{},"end":{}}],"line":109},"17":{"loc":{"start":{"line":109,"column":6},"end":{"line":109,"column":43}},"type":"binary-expr","locations":[{"start":{"line":109,"column":6},"end":{"line":109,"column":14}},{"start":{"line":109,"column":18},"end":{"line":109,"column":43}}],"line":109},"18":{"loc":{"start":{"line":112,"column":2},"end":{"line":112,"column":44}},"type":"if","locations":[{"start":{"line":112,"column":2},"end":{"line":112,"column":44}},{"start":{},"end":{}}],"line":112},"19":{"loc":{"start":{"line":126,"column":2},"end":{"line":126,"column":41}},"type":"if","locations":[{"start":{"line":126,"column":2},"end":{"line":126,"column":41}},{"start":{},"end":{}}],"line":126},"20":{"loc":{"start":{"line":129,"column":2},"end":{"line":129,"column":38}},"type":"if","locations":[{"start":{"line":129,"column":2},"end":{"line":129,"column":38}},{"start":{},"end":{}}],"line":129},"21":{"loc":{"start":{"line":131,"column":22},"end":{"line":131,"column":109}},"type":"binary-expr","locations":[{"start":{"line":131,"column":22},"end":{"line":131,"column":63}},{"start":{"line":131,"column":67},"end":{"line":131,"column":109}}],"line":131},"22":{"loc":{"start":{"line":132,"column":19},"end":{"line":132,"column":116}},"type":"cond-expr","locations":[{"start":{"line":132,"column":33},"end":{"line":132,"column":112}},{"start":{"line":132,"column":115},"end":{"line":132,"column":116}}],"line":132},"23":{"loc":{"start":{"line":137,"column":13},"end":{"line":137,"column":34}},"type":"binary-expr","locations":[{"start":{"line":137,"column":13},"end":{"line":137,"column":25}},{"start":{"line":137,"column":29},"end":{"line":137,"column":34}}],"line":137},"24":{"loc":{"start":{"line":138,"column":2},"end":{"line":152,"column":3}},"type":"if","locations":[{"start":{"line":138,"column":2},"end":{"line":152,"column":3}},{"start":{},"end":{}}],"line":138},"25":{"loc":{"start":{"line":138,"column":6},"end":{"line":138,"column":71}},"type":"binary-expr","locations":[{"start":{"line":138,"column":6},"end":{"line":138,"column":28}},{"start":{"line":138,"column":32},"end":{"line":138,"column":71}}],"line":138},"26":{"loc":{"start":{"line":146,"column":6},"end":{"line":148,"column":24}},"type":"if","locations":[{"start":{"line":146,"column":6},"end":{"line":148,"column":24}},{"start":{"line":147,"column":11},"end":{"line":148,"column":24}}],"line":146},"27":{"loc":{"start":{"line":147,"column":11},"end":{"line":148,"column":24}},"type":"if","locations":[{"start":{"line":147,"column":11},"end":{"line":148,"column":24}},{"start":{"line":148,"column":11},"end":{"line":148,"column":24}}],"line":147},"28":{"loc":{"start":{"line":156,"column":19},"end":{"line":156,"column":86}},"type":"binary-expr","locations":[{"start":{"line":156,"column":19},"end":{"line":156,"column":58}},{"start":{"line":156,"column":62},"end":{"line":156,"column":73}},{"start":{"line":156,"column":77},"end":{"line":156,"column":86}}],"line":156},"29":{"loc":{"start":{"line":168,"column":15},"end":{"line":168,"column":67}},"type":"binary-expr","locations":[{"start":{"line":168,"column":15},"end":{"line":168,"column":54}},{"start":{"line":168,"column":58},"end":{"line":168,"column":67}}],"line":168},"30":{"loc":{"start":{"line":175,"column":2},"end":{"line":175,"column":41}},"type":"if","locations":[{"start":{"line":175,"column":2},"end":{"line":175,"column":41}},{"start":{},"end":{}}],"line":175},"31":{"loc":{"start":{"line":178,"column":2},"end":{"line":178,"column":38}},"type":"if","locations":[{"start":{"line":178,"column":2},"end":{"line":178,"column":38}},{"start":{},"end":{}}],"line":178}},"s":{"0":2,"1":2,"2":2,"3":29,"4":2,"5":29,"6":2,"7":2,"8":2,"9":2,"10":25,"11":20,"12":5,"13":5,"14":4,"15":14,"16":4,"17":1,"18":2,"19":28,"20":28,"21":1,"22":27,"23":27,"24":1,"25":26,"26":26,"27":26,"28":1,"29":25,"30":1,"31":24,"32":24,"33":24,"34":0,"35":24,"36":24,"37":24,"38":24,"39":24,"40":1,"41":23,"42":23,"43":2,"44":2,"45":2,"46":23,"47":23,"48":23,"49":2,"50":5,"51":5,"52":1,"53":4,"54":4,"55":3,"56":1,"57":1,"58":0,"59":1,"60":1,"61":1,"62":1,"63":2,"64":19,"65":19,"66":1,"67":18,"68":18,"69":1,"70":17,"71":17,"72":17,"73":17,"74":17,"75":17,"76":4,"77":4,"78":4,"79":3,"80":3,"81":3,"82":3,"83":1,"84":2,"85":1,"86":1,"87":17,"88":17,"89":17,"90":2,"91":7,"92":7,"93":1,"94":6,"95":6,"96":1,"97":5,"98":5,"99":5,"100":6,"101":6,"102":5,"103":5,"104":6,"105":5,"106":2},"f":{"0":29,"1":25,"2":14,"3":28,"4":5,"5":19,"6":7,"7":5},"b":{"0":[2,27],"1":[20,5],"2":[25,5],"3":[2,2],"4":[1,27],"5":[1,26],"6":[27,2],"7":[1,25],"8":[1,24],"9":[25,18],"10":[0,24],"11":[24,19],"12":[24,19,19],"13":[1,23],"14":[2,21],"15":[1,4],"16":[3,1],"17":[4,2],"18":[0,1],"19":[1,18],"20":[1,17],"21":[17,4],"22":[3,14],"23":[17,15],"24":[4,13],"25":[17,5],"26":[1,2],"27":[1,1],"28":[17,9,6],"29":[17,9],"30":[1,6],"31":[1,5]},"_coverageSchema":"1a1c01bbd47fc00a2c39e90264f33305004495a9","hash":"1a7e3b652b4330a352b828a26034b441aa9ef216"}
,"C:\\Users\\porte\\ravenwingweb\\handlers\\company.js": {"path":"C:\\Users\\porte\\ravenwingweb\\handlers\\company.js","statementMap":{"0":{"start":{"line":1,"column":11},"end":{"line":1,"column":34}},"1":{"start":{"line":2,"column":13},"end":{"line":2,"column":34}},"2":{"start":{"line":3,"column":12},"end":{"line":3,"column":37}},"3":{"start":{"line":5,"column":0},"end":{"line":27,"column":2}},"4":{"start":{"line":6,"column":20},"end":{"line":6,"column":54}},"5":{"start":{"line":7,"column":2},"end":{"line":7,"column":59}},"6":{"start":{"line":7,"column":18},"end":{"line":7,"column":59}},"7":{"start":{"line":9,"column":18},"end":{"line":9,"column":65}},"8":{"start":{"line":10,"column":2},"end":{"line":10,"column":57}},"9":{"start":{"line":10,"column":16},"end":{"line":10,"column":57}},"10":{"start":{"line":12,"column":2},"end":{"line":26,"column":5}},"11":{"start":{"line":29,"column":0},"end":{"line":56,"column":2}},"12":{"start":{"line":30,"column":20},"end":{"line":30,"column":54}},"13":{"start":{"line":31,"column":2},"end":{"line":31,"column":59}},"14":{"start":{"line":31,"column":18},"end":{"line":31,"column":59}},"15":{"start":{"line":33,"column":15},"end":{"line":33,"column":35}},"16":{"start":{"line":34,"column":2},"end":{"line":34,"column":44}},"17":{"start":{"line":34,"column":13},"end":{"line":34,"column":44}},"18":{"start":{"line":35,"column":18},"end":{"line":35,"column":118}},"19":{"start":{"line":36,"column":18},"end":{"line":36,"column":20}},"20":{"start":{"line":38,"column":2},"end":{"line":40,"column":3}},"21":{"start":{"line":39,"column":4},"end":{"line":39,"column":58}},"22":{"start":{"line":39,"column":33},"end":{"line":39,"column":58}},"23":{"start":{"line":42,"column":2},"end":{"line":42,"column":75}},"24":{"start":{"line":42,"column":41},"end":{"line":42,"column":75}},"25":{"start":{"line":44,"column":2},"end":{"line":44,"column":47}},"26":{"start":{"line":45,"column":18},"end":{"line":45,"column":77}},"27":{"start":{"line":47,"column":2},"end":{"line":55,"column":5}}},"fnMap":{"0":{"name":"(anonymous_0)","decl":{"start":{"line":5,"column":21},"end":{"line":5,"column":22}},"loc":{"start":{"line":5,"column":38},"end":{"line":27,"column":1}},"line":5},"1":{"name":"(anonymous_1)","decl":{"start":{"line":29,"column":24},"end":{"line":29,"column":25}},"loc":{"start":{"line":29,"column":41},"end":{"line":56,"column":1}},"line":29}},"branchMap":{"0":{"loc":{"start":{"line":7,"column":2},"end":{"line":7,"column":59}},"type":"if","locations":[{"start":{"line":7,"column":2},"end":{"line":7,"column":59}},{"start":{},"end":{}}],"line":7},"1":{"loc":{"start":{"line":10,"column":2},"end":{"line":10,"column":57}},"type":"if","locations":[{"start":{"line":10,"column":2},"end":{"line":10,"column":57}},{"start":{},"end":{}}],"line":10},"2":{"loc":{"start":{"line":23,"column":12},"end":{"line":23,"column":40}},"type":"binary-expr","locations":[{"start":{"line":23,"column":12},"end":{"line":23,"column":26}},{"start":{"line":23,"column":30},"end":{"line":23,"column":40}}],"line":23},"3":{"loc":{"start":{"line":24,"column":15},"end":{"line":24,"column":38}},"type":"binary-expr","locations":[{"start":{"line":24,"column":15},"end":{"line":24,"column":32}},{"start":{"line":24,"column":36},"end":{"line":24,"column":38}}],"line":24},"4":{"loc":{"start":{"line":25,"column":14},"end":{"line":25,"column":38}},"type":"binary-expr","locations":[{"start":{"line":25,"column":14},"end":{"line":25,"column":30}},{"start":{"line":25,"column":34},"end":{"line":25,"column":38}}],"line":25},"5":{"loc":{"start":{"line":31,"column":2},"end":{"line":31,"column":59}},"type":"if","locations":[{"start":{"line":31,"column":2},"end":{"line":31,"column":59}},{"start":{},"end":{}}],"line":31},"6":{"loc":{"start":{"line":34,"column":2},"end":{"line":34,"column":44}},"type":"if","locations":[{"start":{"line":34,"column":2},"end":{"line":34,"column":44}},{"start":{},"end":{}}],"line":34},"7":{"loc":{"start":{"line":39,"column":4},"end":{"line":39,"column":58}},"type":"if","locations":[{"start":{"line":39,"column":4},"end":{"line":39,"column":58}},{"start":{},"end":{}}],"line":39},"8":{"loc":{"start":{"line":42,"column":2},"end":{"line":42,"column":75}},"type":"if","locations":[{"start":{"line":42,"column":2},"end":{"line":42,"column":75}},{"start":{},"end":{}}],"line":42}},"s":{"0":4,"1":4,"2":4,"3":4,"4":10,"5":10,"6":1,"7":9,"8":9,"9":1,"10":8,"11":4,"12":13,"13":13,"14":1,"15":12,"16":12,"17":0,"18":12,"19":12,"20":12,"21":108,"22":11,"23":12,"24":2,"25":10,"26":10,"27":10},"f":{"0":10,"1":13},"b":{"0":[1,9],"1":[1,8],"2":[8,7],"3":[8,7],"4":[8,7],"5":[1,12],"6":[0,12],"7":[11,97],"8":[2,10]},"_coverageSchema":"1a1c01bbd47fc00a2c39e90264f33305004495a9","hash":"5240a1a0480893a20639c2289a1242c2915152c6"}
,"C:\\Users\\porte\\ravenwingweb\\handlers\\email-forwarder.js": {"path":"C:\\Users\\porte\\ravenwingweb\\handlers\\email-forwarder.js","statementMap":{"0":{"start":{"line":1,"column":39},"end":{"line":1,"column":68}},"1":{"start":{"line":2,"column":43},"end":{"line":2,"column":73}},"2":{"start":{"line":4,"column":11},"end":{"line":4,"column":48}},"3":{"start":{"line":5,"column":12},"end":{"line":5,"column":50}},"4":{"start":{"line":7,"column":19},"end":{"line":7,"column":42}},"5":{"start":{"line":8,"column":15},"end":{"line":8,"column":43}},"6":{"start":{"line":10,"column":0},"end":{"line":61,"column":2}},"7":{"start":{"line":11,"column":2},"end":{"line":60,"column":3}},"8":{"start":{"line":12,"column":22},"end":{"line":12,"column":32}},"9":{"start":{"line":13,"column":22},"end":{"line":13,"column":46}},"10":{"start":{"line":14,"column":17},"end":{"line":14,"column":66}},"11":{"start":{"line":15,"column":15},"end":{"line":15,"column":52}},"12":{"start":{"line":16,"column":20},"end":{"line":16,"column":74}},"13":{"start":{"line":18,"column":4},"end":{"line":18,"column":71}},"14":{"start":{"line":20,"column":4},"end":{"line":59,"column":5}},"15":{"start":{"line":22,"column":18},"end":{"line":25,"column":9}},"16":{"start":{"line":27,"column":21},"end":{"line":27,"column":55}},"17":{"start":{"line":31,"column":6},"end":{"line":34,"column":8}},"18":{"start":{"line":37,"column":6},"end":{"line":40,"column":8}},"19":{"start":{"line":43,"column":6},"end":{"line":48,"column":7}},"20":{"start":{"line":44,"column":8},"end":{"line":47,"column":10}},"21":{"start":{"line":50,"column":6},"end":{"line":54,"column":10}},"22":{"start":{"line":56,"column":6},"end":{"line":56,"column":56}},"23":{"start":{"line":58,"column":6},"end":{"line":58,"column":63}}},"fnMap":{"0":{"name":"(anonymous_0)","decl":{"start":{"line":10,"column":25},"end":{"line":10,"column":26}},"loc":{"start":{"line":10,"column":42},"end":{"line":61,"column":1}},"line":10}},"branchMap":{"0":{"loc":{"start":{"line":14,"column":17},"end":{"line":14,"column":66}},"type":"binary-expr","locations":[{"start":{"line":14,"column":17},"end":{"line":14,"column":53}},{"start":{"line":14,"column":57},"end":{"line":14,"column":66}}],"line":14},"1":{"loc":{"start":{"line":15,"column":15},"end":{"line":15,"column":52}},"type":"binary-expr","locations":[{"start":{"line":15,"column":15},"end":{"line":15,"column":46}},{"start":{"line":15,"column":50},"end":{"line":15,"column":52}}],"line":15},"2":{"loc":{"start":{"line":16,"column":20},"end":{"line":16,"column":74}},"type":"binary-expr","locations":[{"start":{"line":16,"column":20},"end":{"line":16,"column":56}},{"start":{"line":16,"column":60},"end":{"line":16,"column":74}}],"line":16},"3":{"loc":{"start":{"line":43,"column":6},"end":{"line":48,"column":7}},"type":"if","locations":[{"start":{"line":43,"column":6},"end":{"line":48,"column":7}},{"start":{},"end":{}}],"line":43}},"s":{"0":1,"1":1,"2":1,"3":1,"4":1,"5":1,"6":1,"7":8,"8":9,"9":9,"10":9,"11":9,"12":9,"13":9,"14":9,"15":9,"16":8,"17":8,"18":8,"19":8,"20":7,"21":8,"22":7,"23":2},"f":{"0":8},"b":{"0":[9,1],"1":[9,0],"2":[9,1],"3":[7,1]},"_coverageSchema":"1a1c01bbd47fc00a2c39e90264f33305004495a9","hash":"a7a308fe6c0a4cb57826255a2fbaadbca7e9cdca"}
,"C:\\Users\\porte\\ravenwingweb\\handlers\\estimates.js": {"path":"C:\\Users\\porte\\ravenwingweb\\handlers\\estimates.js","statementMap":{"0":{"start":{"line":1,"column":11},"end":{"line":1,"column":34}},"1":{"start":{"line":2,"column":13},"end":{"line":2,"column":34}},"2":{"start":{"line":3,"column":12},"end":{"line":3,"column":37}},"3":{"start":{"line":4,"column":15},"end":{"line":4,"column":32}},"4":{"start":{"line":6,"column":0},"end":{"line":19,"column":2}},"5":{"start":{"line":7,"column":20},"end":{"line":7,"column":54}},"6":{"start":{"line":8,"column":2},"end":{"line":8,"column":41}},"7":{"start":{"line":8,"column":18},"end":{"line":8,"column":41}},"8":{"start":{"line":10,"column":16},"end":{"line":10,"column":68}},"9":{"start":{"line":11,"column":18},"end":{"line":11,"column":53}},"10":{"start":{"line":13,"column":29},"end":{"line":13,"column":91}},"11":{"start":{"line":15,"column":2},"end":{"line":18,"column":5}},"12":{"start":{"line":16,"column":33},"end":{"line":16,"column":55}},"13":{"start":{"line":21,"column":0},"end":{"line":70,"column":2}},"14":{"start":{"line":22,"column":20},"end":{"line":22,"column":54}},"15":{"start":{"line":23,"column":2},"end":{"line":23,"column":41}},"16":{"start":{"line":23,"column":18},"end":{"line":23,"column":41}},"17":{"start":{"line":26,"column":18},"end":{"line":26,"column":65}},"18":{"start":{"line":27,"column":2},"end":{"line":27,"column":84}},"19":{"start":{"line":27,"column":27},"end":{"line":27,"column":84}},"20":{"start":{"line":29,"column":15},"end":{"line":29,"column":35}},"21":{"start":{"line":30,"column":2},"end":{"line":30,"column":44}},"22":{"start":{"line":30,"column":13},"end":{"line":30,"column":44}},"23":{"start":{"line":31,"column":17},"end":{"line":31,"column":36}},"24":{"start":{"line":32,"column":2},"end":{"line":32,"column":37}},"25":{"start":{"line":32,"column":14},"end":{"line":32,"column":37}},"26":{"start":{"line":33,"column":13},"end":{"line":33,"column":32}},"27":{"start":{"line":34,"column":14},"end":{"line":34,"column":38}},"28":{"start":{"line":36,"column":15},"end":{"line":66,"column":3}},"29":{"start":{"line":68,"column":2},"end":{"line":68,"column":21}},"30":{"start":{"line":69,"column":2},"end":{"line":69,"column":38}},"31":{"start":{"line":72,"column":0},"end":{"line":82,"column":2}},"32":{"start":{"line":73,"column":20},"end":{"line":73,"column":54}},"33":{"start":{"line":74,"column":2},"end":{"line":74,"column":41}},"34":{"start":{"line":74,"column":18},"end":{"line":74,"column":41}},"35":{"start":{"line":76,"column":13},"end":{"line":76,"column":36}},"36":{"start":{"line":77,"column":20},"end":{"line":77,"column":70}},"37":{"start":{"line":78,"column":14},"end":{"line":78,"column":42}},"38":{"start":{"line":78,"column":30},"end":{"line":78,"column":41}},"39":{"start":{"line":80,"column":2},"end":{"line":80,"column":34}},"40":{"start":{"line":80,"column":12},"end":{"line":80,"column":34}},"41":{"start":{"line":81,"column":2},"end":{"line":81,"column":32}},"42":{"start":{"line":84,"column":0},"end":{"line":114,"column":2}},"43":{"start":{"line":85,"column":20},"end":{"line":85,"column":54}},"44":{"start":{"line":86,"column":2},"end":{"line":86,"column":41}},"45":{"start":{"line":86,"column":18},"end":{"line":86,"column":41}},"46":{"start":{"line":88,"column":13},"end":{"line":88,"column":36}},"47":{"start":{"line":89,"column":20},"end":{"line":89,"column":70}},"48":{"start":{"line":90,"column":14},"end":{"line":90,"column":42}},"49":{"start":{"line":90,"column":30},"end":{"line":90,"column":41}},"50":{"start":{"line":91,"column":2},"end":{"line":91,"column":34}},"51":{"start":{"line":91,"column":12},"end":{"line":91,"column":34}},"52":{"start":{"line":93,"column":15},"end":{"line":93,"column":35}},"53":{"start":{"line":94,"column":2},"end":{"line":94,"column":44}},"54":{"start":{"line":94,"column":13},"end":{"line":94,"column":44}},"55":{"start":{"line":95,"column":17},"end":{"line":95,"column":36}},"56":{"start":{"line":96,"column":2},"end":{"line":96,"column":37}},"57":{"start":{"line":96,"column":14},"end":{"line":96,"column":37}},"58":{"start":{"line":97,"column":18},"end":{"line":104,"column":3}},"59":{"start":{"line":106,"column":18},"end":{"line":106,"column":20}},"60":{"start":{"line":107,"column":2},"end":{"line":109,"column":3}},"61":{"start":{"line":108,"column":4},"end":{"line":108,"column":58}},"62":{"start":{"line":108,"column":33},"end":{"line":108,"column":58}},"63":{"start":{"line":110,"column":2},"end":{"line":110,"column":47}},"64":{"start":{"line":112,"column":18},"end":{"line":112,"column":58}},"65":{"start":{"line":113,"column":2},"end":{"line":113,"column":36}},"66":{"start":{"line":116,"column":0},"end":{"line":131,"column":2}},"67":{"start":{"line":117,"column":20},"end":{"line":117,"column":54}},"68":{"start":{"line":118,"column":2},"end":{"line":118,"column":41}},"69":{"start":{"line":118,"column":18},"end":{"line":118,"column":41}},"70":{"start":{"line":120,"column":13},"end":{"line":120,"column":36}},"71":{"start":{"line":121,"column":20},"end":{"line":121,"column":70}},"72":{"start":{"line":122,"column":14},"end":{"line":122,"column":42}},"73":{"start":{"line":122,"column":30},"end":{"line":122,"column":41}},"74":{"start":{"line":123,"column":2},"end":{"line":123,"column":34}},"75":{"start":{"line":123,"column":12},"end":{"line":123,"column":34}},"76":{"start":{"line":126,"column":2},"end":{"line":129,"column":5}},"77":{"start":{"line":130,"column":2},"end":{"line":130,"column":35}},"78":{"start":{"line":134,"column":0},"end":{"line":145,"column":2}},"79":{"start":{"line":135,"column":20},"end":{"line":135,"column":54}},"80":{"start":{"line":136,"column":2},"end":{"line":136,"column":41}},"81":{"start":{"line":136,"column":18},"end":{"line":136,"column":41}},"82":{"start":{"line":138,"column":13},"end":{"line":138,"column":36}},"83":{"start":{"line":139,"column":20},"end":{"line":139,"column":70}},"84":{"start":{"line":140,"column":14},"end":{"line":140,"column":42}},"85":{"start":{"line":140,"column":30},"end":{"line":140,"column":41}},"86":{"start":{"line":141,"column":2},"end":{"line":141,"column":34}},"87":{"start":{"line":141,"column":12},"end":{"line":141,"column":34}},"88":{"start":{"line":143,"column":2},"end":{"line":143,"column":34}},"89":{"start":{"line":144,"column":2},"end":{"line":144,"column":34}},"90":{"start":{"line":148,"column":0},"end":{"line":162,"column":2}},"91":{"start":{"line":149,"column":20},"end":{"line":149,"column":54}},"92":{"start":{"line":150,"column":2},"end":{"line":150,"column":41}},"93":{"start":{"line":150,"column":18},"end":{"line":150,"column":41}},"94":{"start":{"line":152,"column":13},"end":{"line":152,"column":36}},"95":{"start":{"line":153,"column":20},"end":{"line":153,"column":70}},"96":{"start":{"line":154,"column":14},"end":{"line":154,"column":42}},"97":{"start":{"line":154,"column":30},"end":{"line":154,"column":41}},"98":{"start":{"line":155,"column":2},"end":{"line":155,"column":34}},"99":{"start":{"line":155,"column":12},"end":{"line":155,"column":34}},"100":{"start":{"line":157,"column":2},"end":{"line":160,"column":5}},"101":{"start":{"line":161,"column":2},"end":{"line":161,"column":32}},"102":{"start":{"line":165,"column":0},"end":{"line":175,"column":2}},"103":{"start":{"line":166,"column":20},"end":{"line":166,"column":54}},"104":{"start":{"line":167,"column":2},"end":{"line":167,"column":41}},"105":{"start":{"line":167,"column":18},"end":{"line":167,"column":41}},"106":{"start":{"line":169,"column":20},"end":{"line":169,"column":70}},"107":{"start":{"line":170,"column":18},"end":{"line":170,"column":59}},"108":{"start":{"line":170,"column":36},"end":{"line":170,"column":58}},"109":{"start":{"line":172,"column":2},"end":{"line":174,"column":5}},"110":{"start":{"line":178,"column":46},"end":{"line":178,"column":50}},"111":{"start":{"line":179,"column":2},"end":{"line":179,"column":14}},"112":{"start":{"line":183,"column":19},"end":{"line":183,"col
[...]
},"type":"if","locations":[{"start":{"line":5,"column":2},"end":{"line":5,"column":73}},{"start":{},"end":{}}],"line":5},"1":{"loc":{"start":{"line":27,"column":2},"end":{"line":40,"column":3}},"type":"if","locations":[{"start":{"line":27,"column":2},"end":{"line":40,"column":3}},{"start":{},"end":{}}],"line":27},"2":{"loc":{"start":{"line":29,"column":4},"end":{"line":32,"column":5}},"type":"if","locations":[{"start":{"line":29,"column":4},"end":{"line":32,"column":5}},{"start":{},"end":{}}],"line":29},"3":{"loc":{"start":{"line":44,"column":2},"end":{"line":167,"column":3}},"type":"switch","locations":[{"start":{"line":45,"column":4},"end":{"line":66,"column":5}},{"start":{"line":68,"column":4},"end":{"line":82,"column":5}},{"start":{"line":84,"column":4},"end":{"line":94,"column":5}},{"start":{"line":96,"column":4},"end":{"line":105,"column":5}},{"start":{"line":107,"column":4},"end":{"line":119,"column":5}},{"start":{"line":121,"column":4},"end":{"line":145,"column":5}},{"start":{"line":147,"column":4},"end":{"line":151,"column":5}},{"start":{"line":153,"column":4},"end":{"line":166,"column":5}}],"line":44},"4":{"loc":{"start":{"line":49,"column":6},"end":{"line":64,"column":7}},"type":"if","locations":[{"start":{"line":49,"column":6},"end":{"line":64,"column":7}},{"start":{},"end":{}}],"line":49},"5":{"loc":{"start":{"line":49,"column":10},"end":{"line":49,"column":37}},"type":"binary-expr","locations":[{"start":{"line":49,"column":10},"end":{"line":49,"column":19}},{"start":{"line":49,"column":23},"end":{"line":49,"column":37}}],"line":49},"6":{"loc":{"start":{"line":55,"column":10},"end":{"line":57,"column":28}},"type":"if","locations":[{"start":{"line":55,"column":10},"end":{"line":57,"column":28}},{"start":{"line":56,"column":15},"end":{"line":57,"column":28}}],"line":55},"7":{"loc":{"start":{"line":56,"column":15},"end":{"line":57,"column":28}},"type":"if","locations":[{"start":{"line":56,"column":15},"end":{"line":57,"column":28}},{"start":{"line":57,"column":15},"end":{"line":57,"column":28}}],"line":56},"8":{"loc":{"start":{"line":71,"column":6},"end":{"line":80,"column":7}},"type":"if","locations":[{"start":{"line":71,"column":6},"end":{"line":80,"column":7}},{"start":{},"end":{}}],"line":71},"9":{"loc":{"start":{"line":72,"column":23},"end":{"line":75,"column":23}},"type":"cond-expr","locations":[{"start":{"line":72,"column":50},"end":{"line":72,"column":58}},{"start":{"line":73,"column":12},"end":{"line":75,"column":23}}],"line":72},"10":{"loc":{"start":{"line":73,"column":12},"end":{"line":75,"column":23}},"type":"cond-expr","locations":[{"start":{"line":73,"column":41},"end":{"line":73,"column":51}},{"start":{"line":74,"column":12},"end":{"line":75,"column":23}}],"line":73},"11":{"loc":{"start":{"line":74,"column":12},"end":{"line":75,"column":23}},"type":"cond-expr","locations":[{"start":{"line":74,"column":41},"end":{"line":74,"column":51}},{"start":{"line":75,"column":12},"end":{"line":75,"column":23}}],"line":74},"12":{"loc":{"start":{"line":87,"column":6},"end":{"line":92,"column":7}},"type":"if","locations":[{"start":{"line":87,"column":6},"end":{"line":92,"column":7}},{"start":{},"end":{}}],"line":87},"13":{"loc":{"start":{"line":99,"column":6},"end":{"line":103,"column":7}},"type":"if","locations":[{"start":{"line":99,"column":6},"end":{"line":103,"column":7}},{"start":{},"end":{}}],"line":99},"14":{"loc":{"start":{"line":111,"column":6},"end":{"line":117,"column":7}},"type":"if","locations":[{"start":{"line":111,"column":6},"end":{"line":117,"column":7}},{"start":{},"end":{}}],"line":111},"15":{"loc":{"start":{"line":111,"column":10},"end":{"line":111,"column":40}},"type":"binary-expr","locations":[{"start":{"line":111,"column":10},"end":{"line":111,"column":19}},{"start":{"line":111,"column":23},"end":{"line":111,"column":40}}],"line":111},"16":{"loc":{"start":{"line":125,"column":6},"end":{"line":143,"column":7}},"type":"if","locations":[{"start":{"line":125,"column":6},"end":{"line":143,"column":7}},{"start":{},"end":{}}],"line":125},"17":{"loc":{"start":{"line":125,"column":10},"end":{"line":125,"column":36}},"type":"binary-expr","locations":[{"start":{"line":125,"column":10},"end":{"line":125,"column":19}},{"start":{"line":125,"column":23},"end":{"line":125,"column":36}}],"line":125},"18":{"loc":{"start":{"line":134,"column":10},"end":{"line":139,"column":11}},"type":"if","locations":[{"start":{"line":134,"column":10},"end":{"line":139,"column":11}},{"start":{},"end":{}}],"line":134},"19":{"loc":{"start":{"line":136,"column":12},"end":{"line":138,"column":13}},"type":"if","locations":[{"start":{"line":136,"column":12},"end":{"line":138,"column":13}},{"start":{},"end":{}}],"line":136},"20":{"loc":{"start":{"line":157,"column":6},"end":{"line":164,"column":7}},"type":"if","locations":[{"start":{"line":157,"column":6},"end":{"line":164,"column":7}},{"start":{},"end":{}}],"line":157},"21":{"loc":{"start":{"line":188,"column":2},"end":{"line":190,"column":3}},"type":"if","locations":[{"start":{"line":188,"column":2},"end":{"line":190,"column":3}},{"start":{},"end":{}}],"line":188},"22":{"loc":{"start":{"line":188,"column":6},"end":{"line":188,"column":31}},"type":"binary-expr","locations":[{"start":{"line":188,"column":6},"end":{"line":188,"column":11}},{"start":{"line":188,"column":15},"end":{"line":188,"column":31}}],"line":188}},"s":{"0":32,"1":32,"2":32,"3":32,"4":32,"5":32,"6":32,"7":32,"8":32,"9":1,"10":1,"11":31,"12":31,"13":13,"14":13,"15":1,"16":1,"17":12,"18":30,"19":30,"20":9,"21":9,"22":9,"23":9,"24":7,"25":7,"26":7,"27":4,"28":4,"29":1,"30":3,"31":1,"32":2,"33":7,"34":9,"35":5,"36":5,"37":5,"38":4,"39":4,"40":5,"41":2,"42":2,"43":2,"44":1,"45":2,"46":2,"47":2,"48":2,"49":1,"50":2,"51":3,"52":3,"53":3,"54":1,"55":3,"56":5,"57":5,"58":5,"59":3,"60":3,"61":3,"62":2,"63":2,"64":2,"65":1,"66":5,"67":1,"68":1,"69":2,"70":2,"71":2,"72":1,"73":2,"74":30,"75":28,"76":28,"77":28,"78":28,"79":28,"80":28,"81":21,"82":7},"f":{"0":32,"1":32,"2":28},"b":{"0":[32,0],"1":[13,18],"2":[1,12],"3":[9,5,2,2,3,5,1,2],"4":[7,2],"5":[9,8],"6":[1,3],"7":[1,2],"8":[4,1],"9":[1,3],"10":[1,2],"11":[1,1],"12":[1,1],"13":[1,1],"14":[1,2],"15":[3,2],"16":[3,2],"17":[5,4],"18":[2,1],"19":[2,0],"20":[1,1],"21":[21,7],"22":[28,28]},"_coverageSchema":"1a1c01bbd47fc00a2c39e90264f33305004495a9","hash":"613e742b6a7c7f8e5cfe9b0b35f39deb41980d4f"}
,"C:\\Users\\porte\\ravenwingweb\\handlers\\lib\\auth.js": {"path":"C:\\Users\\porte\\ravenwingweb\\handlers\\lib\\auth.js","statementMap":{"0":{"start":{"line":2,"column":0},"end":{"line":22,"column":2}},"1":{"start":{"line":4,"column":19},"end":{"line":4,"column":64}},"2":{"start":{"line":5,"column":4},"end":{"line":5,"column":29}},"3":{"start":{"line":5,"column":17},"end":{"line":5,"column":29}},"4":{"start":{"line":6,"column":4},"end":{"line":9,"column":6}},"5":{"start":{"line":13,"column":17},"end":{"line":13,"column":36}},"6":{"start":{"line":14,"column":4},"end":{"line":14,"column":27}},"7":{"start":{"line":14,"column":15},"end":{"line":14,"column":27}},"8":{"start":{"line":16,"column":18},"end":{"line":16,"column":55}},"9":{"start":{"line":17,"column":4},"end":{"line":17,"column":40}},"10":{"start":{"line":17,"column":28},"end":{"line":17,"column":40}},"11":{"start":{"line":20,"column":4},"end":{"line":20,"column":51}}},"fnMap":{"0":{"name":"(anonymous_0)","decl":{"start":{"line":3,"column":2},"end":{"line":3,"column":3}},"loc":{"start":{"line":3,"column":17},"end":{"line":10,"column":3}},"line":3},"1":{"name":"(anonymous_1)","decl":{"start":{"line":12,"column":2},"end":{"line":12,"column":3}},"loc":{"start":{"line":12,"column":32},"end":{"line":21,"column":3}},"line":12}},"branchMap":{"0":{"loc":{"start":{"line":5,"column":4},"end":{"line":5,"column":29}},"type":"if","locations":[{"start":{"line":5,"column":4},"end":{"line":5,"column":29}},{"start":{},"end":{}}],"line":5},"1":{"loc":{"start":{"line":14,"column":4},"end":{"line":14,"column":27}},"type":"if","locations":[{"start":{"line":14,"column":4},"end":{"line":14,"column":27}},{"start":{},"end":{}}],"line":14},"2":{"loc":{"start":{"line":17,"column":4},"end":{"line":17,"column":40}},"type":"if","locations":[{"start":{"line":17,"column":4},"end":{"line":17,"column":40}},{"start":{},"end":{}}],"line":17}},"s":{"0":2,"1":14,"2":14,"3":8,"4":6,"5":6,"6":6,"7":2,"8":4,"9":4,"10":1,"11":3},"f":{"0":14,"1":6},"b":{"0":[8,6],"1":[2,4],"2":[1,3]},"_coverageSchema":"1a1c01bbd47fc00a2c39e90264f33305004495a9","hash":"e78e7a266393227eae95045f3b4c8bdc7b8a026b"}
,"C:\\Users\\porte\\ravenwingweb\\handlers\\lib\\dynamo.js": {"path":"C:\\Users\\porte\\ravenwingweb\\handlers\\lib\\dynamo.js","statementMap":{"0":{"start":{"line":1,"column":27},"end":{"line":1,"column":62}},"1":{"start":{"line":2,"column":103},"end":{"line":2,"column":135}},"2":{"start":{"line":4,"column":15},"end":{"line":4,"column":37}},"3":{"start":{"line":5,"column":12},"end":{"line":5,"column":47}},"4":{"start":{"line":6,"column":14},"end":{"line":6,"column":40}},"5":{"start":{"line":8,"column":0},"end":{"line":81,"column":2}},"6":{"start":{"line":10,"column":21},"end":{"line":10,"column":98}},"7":{"start":{"line":11,"column":4},"end":{"line":11,"column":16}},"8":{"start":{"line":15,"column":4},"end":{"line":15,"column":69}},"9":{"start":{"line":16,"column":4},"end":{"line":16,"column":16}},"10":{"start":{"line":20,"column":17},"end":{"line":20,"column":37}},"11":{"start":{"line":21,"column":17},"end":{"line":21,"column":65}},"12":{"start":{"line":21,"column":36},"end":{"line":21,"column":53}},"13":{"start":{"line":22,"column":18},"end":{"line":22,"column":20}},"14":{"start":{"line":23,"column":19},"end":{"line":23,"column":21}},"15":{"start":{"line":24,"column":4},"end":{"line":27,"column":7}},"16":{"start":{"line":25,"column":6},"end":{"line":25,"column":26}},"17":{"start":{"line":26,"column":6},"end":{"line":26,"column":36}},"18":{"start":{"line":29,"column":27},"end":{"line":36,"column":7}},"19":{"start":{"line":37,"column":4},"end":{"line":37,"column":22}},"20":{"start":{"line":41,"column":4},"end":{"line":41,"column":85}},"21":{"start":{"line":45,"column":19},"end":{"line":51,"column":5}},"22":{"start":{"line":52,"column":4},"end":{"line":63,"column":5}},"23":{"start":{"line":53,"column":6},"end":{"line":62,"column":7}},"24":{"start":{"line":54,"column":24},"end":{"line":54,"column":77}},"25":{"start":{"line":56,"column":8},"end":{"line":58,"column":9}},"26":{"start":{"line":57,"column":10},"end":{"line":57,"column":44}},"27":{"start":{"line":59,"column":8},"end":{"line":59,"column":43}},"28":{"start":{"line":65,"column":40},"end":{"line":65,"column":80}},"29":{"start":{"line":66,"column":4},"end":{"line":69,"column":6}},"30":{"start":{"line":73,"column":22},"end":{"line":78,"column":7}},"31":{"start":{"line":79,"column":4},"end":{"line":79,"column":23}}},"fnMap":{"0":{"name":"(anonymous_0)","decl":{"start":{"line":9,"column":2},"end":{"line":9,"column":3}},"loc":{"start":{"line":9,"column":20},"end":{"line":12,"column":3}},"line":9},"1":{"name":"(anonymous_1)","decl":{"start":{"line":14,"column":2},"end":{"line":14,"column":3}},"loc":{"start":{"line":14,"column":18},"end":{"line":17,"column":3}},"line":14},"2":{"name":"(anonymous_2)","decl":{"start":{"line":19,"column":2},"end":{"line":19,"column":3}},"loc":{"start":{"line":19,"column":32},"end":{"line":38,"column":3}},"line":19},"3":{"name":"(anonymous_3)","decl":{"start":{"line":21,"column":26},"end":{"line":21,"column":27}},"loc":{"start":{"line":21,"column":36},"end":{"line":21,"column":53}},"line":21},"4":{"name":"(anonymous_4)","decl":{"start":{"line":24,"column":17},"end":{"line":24,"column":18}},"loc":{"start":{"line":24,"column":27},"end":{"line":27,"column":5}},"line":24},"5":{"name":"(anonymous_5)","decl":{"start":{"line":40,"column":2},"end":{"line":40,"column":3}},"loc":{"start":{"line":40,"column":23},"end":{"line":42,"column":3}},"line":40},"6":{"name":"(anonymous_6)","decl":{"start":{"line":44,"column":2},"end":{"line":44,"column":3}},"loc":{"start":{"line":44,"column":49},"end":{"line":70,"column":3}},"line":44},"7":{"name":"(anonymous_7)","decl":{"start":{"line":72,"column":2},"end":{"line":72,"column":3}},"loc":{"start":{"line":72,"column":25},"end":{"line":80,"column":3}},"line":72}},"branchMap":{"0":{"loc":{"start":{"line":44,"column":28},"end":{"line":44,"column":38}},"type":"default-arg","locations":[{"start":{"line":44,"column":36},"end":{"line":44,"column":38}}],"line":44},"1":{"loc":{"start":{"line":52,"column":4},"end":{"line":63,"column":5}},"type":"if","locations":[{"start":{"line":52,"column":4},"end":{"line":63,"column":5}},{"start":{},"end":{}}],"line":52},"2":{"loc":{"start":{"line":56,"column":8},"end":{"line":58,"column":9}},"type":"if","locations":[{"start":{"line":56,"column":8},"end":{"line":58,"column":9}},{"start":{},"end":{}}],"line":56},"3":{"loc":{"start":{"line":56,"column":12},"end":{"line":56,"column":43}},"type":"binary-expr","locations":[{"start":{"line":56,"column":12},"end":{"line":56,"column":22}},{"start":{"line":56,"column":26},"end":{"line":56,"column":43}}],"line":56},"4":{"loc":{"start":{"line":67,"column":13},"end":{"line":67,"column":24}},"type":"binary-expr","locations":[{"start":{"line":67,"column":13},"end":{"line":67,"column":18}},{"start":{"line":67,"column":22},"end":{"line":67,"column":24}}],"line":67},"5":{"loc":{"start":{"line":68,"column":15},"end":{"line":68,"column":105}},"type":"cond-expr","locations":[{"start":{"line":68,"column":34},"end":{"line":68,"column":98}},{"start":{"line":68,"column":101},"end":{"line":68,"column":105}}],"line":68},"6":{"loc":{"start":{"line":79,"column":11},"end":{"line":79,"column":22}},"type":"binary-expr","locations":[{"start":{"line":79,"column":11},"end":{"line":79,"column":16}},{"start":{"line":79,"column":20},"end":{"line":79,"column":22}}],"line":79}},"s":{"0":9,"1":9,"2":9,"3":9,"4":9,"5":9,"6":0,"7":0,"8":17,"9":17,"10":1,"11":1,"12":3,"13":1,"14":1,"15":1,"16":3,"17":3,"18":1,"19":1,"20":0,"21":0,"22":0,"23":0,"24":0,"25":0,"26":0,"27":0,"28":0,"29":0,"30":2,"31":2},"f":{"0":0,"1":17,"2":1,"3":3,"4":3,"5":0,"6":0,"7":2},"b":{"0":[0],"1":[0,0],"2":[0,0],"3":[0,0],"4":[0,0],"5":[0,0],"6":[2,0]},"_coverageSchema":"1a1c01bbd47fc00a2c39e90264f33305004495a9","hash":"1bbe6ec426b870934e951fa024b898a642bab2cf"}
,"C:\\Users\\porte\\ravenwingweb\\handlers\\lib\\notify.js": {"path":"C:\\Users\\porte\\ravenwingweb\\handlers\\lib\\notify.js","statementMap":{"0":{"start":{"line":1,"column":15},"end":{"line":1,"column":32}},"1":{"start":{"line":8,"column":13},"end":{"line":8,"column":32}},"2":{"start":{"line":9,"column":14},"end":{"line":9,"column":38}},"3":{"start":{"line":10,"column":20},"end":{"line":10,"column":71}},"4":{"start":{"line":12,"column":15},"end":{"line":23,"column":3}},"5":{"start":{"line":25,"column":2},"end":{"line":25,"column":21}},"6":{"start":{"line":26,"column":2},"end":{"line":26,"column":14}},"7":{"start":{"line":29,"column":0},"end":{"line":29,"column":28}}},"fnMap":{"0":{"name":"notify","decl":{"start":{"line":7,"column":15},"end":{"line":7,"column":21}},"loc":{"start":{"line":7,"column":69},"end":{"line":27,"column":1}},"line":7}},"branchMap":{"0":{"loc":{"start":{"line":16,"column":10},"end":{"line":16,"column":24}},"type":"binary-expr","locations":[{"start":{"line":16,"column":10},"end":{"line":16,"column":14}},{"start":{"line":16,"column":18},"end":{"line":16,"column":24}}],"line":16},"1":{"loc":{"start":{"line":18,"column":13},"end":{"line":18,"column":26}},"type":"binary-expr","locations":[{"start":{"line":18,"column":13},"end":{"line":18,"column":20}},{"start":{"line":18,"column":24},"end":{"line":18,"column":26}}],"line":18},"2":{"loc":{"start":{"line":19,"column":10},"end":{"line":19,"column":20}},"type":"binary-expr","locations":[{"start":{"line":19,"column":10},"end":{"line":19,"column":14}},{"start":{"line":19,"column":18},"end":{"line":19,"column":20}}],"line":19}},"s":{"0":1,"1":6,"2":6,"3":6,"4":6,"5":6,"6":6,"7":1},"f":{"0":6},"b":{"0":[6,5],"1":[6,5],"2":[6,5]},"_coverageSchema":"1a1c01bbd47fc00a2c39e90264f33305004495a9","hash":"ae256884f8227d731ed52b51515287c2dacf0262"}
,"C:\\Users\\porte\\ravenwingweb\\handlers\\lib\\response.js": {"path":"C:\\Users\\porte\\ravenwingweb\\handlers\\lib\\response.js","statementMap":{"0":{"start":{"line":1,"column":0},"end":{"line":30,"column":2}},"1":{"start":{"line":3,"column":4},"end":{"line":7,"column":5}},"2":{"start":{"line":4,"column":6},"end":{"line":4,"column":44}},"3":{"start":{"line":6,"column":6},"end":{"line":6,"column":18}},"4":{"start":{"line":10,"column":4},"end":{"line":10,"column":59}},"5":{"start":{"line":13,"column":4},"end":{"line":13,"column":59}},"6":{"start":{"line":16,"column":4},"end":{"line":16,"column":69}},"7":{"start":{"line":19,"column":4},"end":{"line":19,"column":84}},"8":{"start":{"line":22,"column":4},"end":{"line":22,"column":84}},"9":{"start":{"line":25,"column":4},"end":{"line":25,"column":92}},"10":{"start":{"line":28,"column":4},"end":{"line":28,"column":89}}},"fnMap":{"0":{"name":"(anonymous_0)","decl":{"start":{"line":2,"column":2},"end":{"line":2,"column":3}},"loc":{"start":{"line":2,"column":19},"end":{"line":8,"column":3}},"line":2},"1":{"name":"(anonymous_1)","decl":{"start":{"line":9,"column":2},"end":{"line":9,"column":3}},"loc":{"start":{"line":9,"column":11},"end":{"line":11,"column":3}},"line":9},"2":{"name":"(anonymous_2)","decl":{"start":{"line":12,"column":2},"end":{"line":12,"column":3}},"loc":{"start":{"line":12,"column":16},"end":{"line":14,"column":3}},"line":12},"3":{"name":"(anonymous_3)","decl":{"start":{"line":15,"column":2},"end":{"line":15,"column":3}},"loc":{"start":{"line":15,"column":11},"end":{"line":17,"column":3}},"line":15},"4":{"name":"(anonymous_4)","decl":{"start":{"line":18,"column":2},"end":{"line":18,"column":3}},"loc":{"start":{"line":18,"column":17},"end":{"line":20,"column":3}},"line":18},"5":{"name":"(anonymous_5)","decl":{"start":{"line":21,"column":2},"end":{"line":21,"column":3}},"loc":{"start":{"line":21,"column":16},"end":{"line":23,"column":3}},"line":21},"6":{"name":"(anonymous_6)","decl":{"start":{"line":24,"column":2},"end":{"line":24,"column":3}},"loc":{"start":{"line":24,"column":15},"end":{"line":26,"column":3}},"line":24},"7":{"name":"(anonymous_7)","decl":{"start":{"line":27,"column":2},"end":{"line":27,"column":3}},"loc":{"start":{"line":27,"column":13},"end":{"line":29,"column":3}},"line":27}},"branchMap":{"0":{"loc":{"start":{"line":4,"column":24},"end":{"line":4,"column":42}},"type":"binary-expr","locations":[{"start":{"line":4,"column":24},"end":{"line":4,"column":34}},{"start":{"line":4,"column":38},"end":{"line":4,"column":42}}],"line":4},"1":{"loc":{"start":{"line":19,"column":60},"end":{"line":19,"column":78}},"type":"binary-expr","locations":[{"start":{"line":19,"column":60},"end":{"line":19,"column":63}},{"start":{"line":19,"column":67},"end":{"line":19,"column":78}}],"line":19},"2":{"loc":{"start":{"line":22,"column":60},"end":{"line":22,"column":78}},"type":"binary-expr","locations":[{"start":{"line":22,"column":60},"end":{"line":22,"column":63}},{"start":{"line":22,"column":67},"end":{"line":22,"column":78}}],"line":22},"3":{"loc":{"start":{"line":25,"column":60},"end":{"line":25,"column":86}},"type":"binary-expr","locations":[{"start":{"line":25,"column":60},"end":{"line":25,"column":63}},{"start":{"line":25,"column":67},"end":{"line":25,"column":86}}],"line":25},"4":{"loc":{"start":{"line":28,"column":60},"end":{"line":28,"column":83}},"type":"binary-expr","locations":[{"start":{"line":28,"column":60},"end":{"line":28,"column":63}},{"start":{"line":28,"column":67},"end":{"line":28,"column":83}}],"line":28}},"s":{"0":25,"1":147,"2":147,"3":0,"4":266,"5":46,"6":55,"7":56,"8":26,"9":4,"10":4},"f":{"0":147,"1":266,"2":46,"3":55,"4":56,"5":26,"6":4,"7":4},"b":{"0":[147,4],"1":[56,32],"2":[26,18],"3":[4,1],"4":[4,2]},"_coverageSchema":"1a1c01bbd47fc00a2c39e90264f33305004495a9","hash":"4437ea0b12dbe43c3955e725ca238719f91c1045"}
}
