TN:
SF:client\preview\js\bom.js
FN:135,calculateBOM
FN:150,p
FN:151,pe
FN:236,(anonymous_3)
FN:236,(anonymous_4)
FN:248,catmullRom
FN:259,getSplinePoints
FN:289,calculateFootage
FN:312,distBetween
FN:326,getPrice
FN:335,encodeEstimate
FN:342,decodeEstimate
FN:349,customItemsTotal
FN:350,(anonymous_13)
FN:371,calculatePolygonArea
FN:380,(anonymous_15)
FN:403,calculatePolygonPerimeter
FN:425,calculateMulchBOM
FN:438,mp
FN:500,(anonymous_19)
FN:500,(anonymous_20)
FNF:21
FNH:21
FNDA:82,calculateBOM
FNDA:218,p
FNDA:400,pe
FNDA:618,(anonymous_3)
FNDA:604,(anonymous_4)
FNDA:282,catmullRom
FNDA:11,getSplinePoints
FNDA:13,calculateFootage
FNDA:84,distBetween
FNDA:7,getPrice
FNDA:7,encodeEstimate
FNDA:7,decodeEstimate
FNDA:11,customItemsTotal
FNDA:1009,(anonymous_13)
FNDA:9,calculatePolygonArea
FNDA:23,(anonymous_15)
FNDA:3,calculatePolygonPerimeter
FNDA:31,calculateMulchBOM
FNDA:38,mp
FNDA:38,(anonymous_19)
FNDA:37,(anonymous_20)
DA:4,2
DA:136,82
DA:137,82
DA:138,82
DA:140,82
DA:141,82
DA:143,80
DA:144,80
DA:145,80
DA:146,80
DA:147,80
DA:148,80
DA:150,218
DA:151,400
DA:153,80
DA:154,26
DA:155,26
DA:156,26
DA:157,26
DA:158,26
DA:159,26
DA:161,26
DA:162,26
DA:163,26
DA:164,26
DA:165,26
DA:166,26
DA:167,26
DA:169,54
DA:170,13
DA:171,13
DA:172,13
DA:174,13
DA:175,13
DA:176,13
DA:177,13
DA:178,13
DA:179,13
DA:181,41
DA:182,16
DA:183,16
DA:184,16
DA:185,16
DA:186,16
DA:187,16
DA:188,16
DA:189,16
DA:190,16
DA:191,16
DA:192,16
DA:193,16
DA:194,16
DA:195,16
DA:197,16
DA:198,16
DA:199,16
DA:200,16
DA:201,16
DA:202,16
DA:203,16
DA:204,16
DA:205,16
DA:206,16
DA:207,16
DA:208,16
DA:209,16
DA:211,25
DA:212,13
DA:213,13
DA:214,13
DA:216,13
DA:217,13
DA:218,13
DA:219,13
DA:220,13
DA:221,13
DA:223,12
DA:224,12
DA:225,12
DA:226,12
DA:228,12
DA:229,12
DA:230,12
DA:231,12
DA:232,12
DA:233,12
DA:236,618
DA:237,604
DA:238,604
DA:239,604
DA:242,80
DA:249,282
DA:250,282
DA:260,11
DA:262,8
DA:263,8
DA:264,8
DA:266,8
DA:267,23
DA:268,23
DA:269,23
DA:270,23
DA:272,23
DA:273,276
DA:274,276
DA:277,8
DA:279,8
DA:290,13
DA:292,13
DA:293,2
DA:294,2
DA:295,60
DA:298,11
DA:299,13
DA:301,11
DA:302,1
DA:306,13
DA:313,84
DA:314,84
DA:315,84
DA:316,84
DA:319,84
DA:320,84
DA:327,7
DA:328,7
DA:329,4
DA:336,7
DA:343,7
DA:350,1009
DA:354,2
DA:372,9
DA:375,6
DA:376,6
DA:377,6
DA:378,6
DA:380,6
DA:381,23
DA:388,6
DA:389,6
DA:390,23
DA:391,23
DA:392,23
DA:394,6
DA:397,6
DA:404,3
DA:405,1
DA:406,1
DA:407,4
DA:408,4
DA:410,1
DA:426,31
DA:427,31
DA:428,31
DA:430,31
DA:431,31
DA:433,30
DA:434,30
DA:435,30
DA:436,30
DA:439,38
DA:440,38
DA:443,30
DA:444,3
DA:445,3
DA:452,27
DA:453,27
DA:461,30
DA:463,2
DA:464,2
DA:471,2
DA:472,2
DA:473,2
DA:481,30
DA:483,2
DA:484,2
DA:491,2
DA:492,2
DA:500,38
DA:501,37
DA:502,37
DA:503,37
DA:506,30
DA:509,2
LF:183
LH:183
BRDA:135,0,0,70
BRDA:136,1,0,82
BRDA:136,1,1,74
BRDA:137,2,0,82
BRDA:137,2,1,80
BRDA:138,3,0,82
BRDA:138,3,1,78
BRDA:141,4,0,2
BRDA:141,4,1,80
BRDA:141,5,0,82
BRDA:141,5,1,81
BRDA:150,6,0,3
BRDA:150,6,1,215
BRDA:151,7,0,4
BRDA:151,7,1,396
BRDA:153,8,0,26
BRDA:153,8,1,54
BRDA:169,9,0,13
BRDA:169,9,1,41
BRDA:181,10,0,16
BRDA:181,10,1,25
BRDA:182,11,0,2
BRDA:182,11,1,14
BRDA:211,12,0,13
BRDA:211,12,1,12
BRDA:223,13,0,12
BRDA:223,13,1,0
BRDA:260,14,0,3
BRDA:260,14,1,8
BRDA:262,15,0,2
BRDA:262,15,1,6
BRDA:277,16,0,6
BRDA:277,16,1,2
BRDA:292,17,0,2
BRDA:292,17,1,11
BRDA:292,18,0,13
BRDA:292,18,1,3
BRDA:301,19,0,1
BRDA:301,19,1,10
BRDA:301,20,0,11
BRDA:301,20,1,2
BRDA:328,21,0,3
BRDA:328,21,1,4
BRDA:328,22,0,7
BRDA:328,22,1,5
BRDA:372,23,0,3
BRDA:372,23,1,6
BRDA:404,24,0,2
BRDA:404,24,1,1
BRDA:426,25,0,31
BRDA:426,25,1,22
BRDA:427,26,0,31
BRDA:427,26,1,28
BRDA:428,27,0,31
BRDA:428,27,1,29
BRDA:431,28,0,1
BRDA:431,28,1,30
BRDA:440,29,0,2
BRDA:440,29,1,36
BRDA:443,30,0,3
BRDA:443,30,1,27
BRDA:461,31,0,2
BRDA:461,31,1,28
BRDA:481,32,0,2
BRDA:481,32,1,28
BRDA:481,33,0,30
BRDA:481,33,1,3
BRF:67
BRH:66
end_of_record
TN:
SF:handlers\approval.js
FN:7,(anonymous_0)
FN:13,(anonymous_1)
FN:44,(anonymous_2)
FN:73,(anonymous_3)
FN:87,(anonymous_4)
FNF:5
FNH:5
FNDA:12,(anonymous_0)
FNDA:10,(anonymous_1)
FNDA:11,(anonymous_2)
FNDA:3,(anonymous_3)
FNDA:13,(anonymous_4)
DA:1,3
DA:2,3
DA:3,3
DA:4,3
DA:7,3
DA:8,12
DA:9,12
DA:11,11
DA:12,11
DA:13,11
DA:14,11
DA:17,10
DA:19,10
DA:28,10
DA:29,7
DA:35,10
DA:37,10
DA:38,10
DA:40,10
DA:44,3
DA:45,11
DA:46,11
DA:48,11
DA:49,11
DA:51,10
DA:54,10
DA:55,10
DA:56,10
DA:57,9
DA:58,9
DA:62,10
DA:73,3
DA:87,3
DA:88,13
DA:89,13
DA:91,13
DA:92,13
DA:93,13
DA:94,13
DA:96,13
DA:97,3
DA:100,10
DA:101,10
DA:103,9
DA:105,9
DA:111,9
DA:112,9
DA:114,9
DA:120,9
LF:49
LH:49
BRDA:9,0,0,1
BRDA:9,0,1,11
BRDA:14,1,0,1
BRDA:14,1,1,10
BRDA:17,2,0,10
BRDA:17,2,1,8
BRDA:28,3,0,7
BRDA:28,3,1,3
BRDA:37,4,0,10
BRDA:37,4,1,2
BRDA:37,4,2,1
BRDA:46,5,0,0
BRDA:46,5,1,11
BRDA:49,6,0,1
BRDA:49,6,1,10
BRDA:54,7,0,10
BRDA:54,7,1,1
BRDA:56,8,0,9
BRDA:56,8,1,1
BRDA:58,9,0,8
BRDA:58,9,1,1
BRDA:58,10,0,8
BRDA:58,10,1,7
BRDA:58,10,2,0
BRDA:63,11,0,10
BRDA:63,11,1,1
BRDA:64,12,0,10
BRDA:64,12,1,6
BRDA:65,13,0,10
BRDA:65,13,1,6
BRDA:66,14,0,10
BRDA:66,14,1,1
BRDA:67,15,0,10
BRDA:67,15,1,6
BRDA:68,16,0,10
BRDA:68,16,1,7
BRDA:69,17,0,10
BRDA:69,17,1,6
BRDA:70,18,0,10
BRDA:70,18,1,1
BRDA:71,19,0,10
BRDA:71,19,1,6
BRDA:72,20,0,10
BRDA:72,20,1,1
BRDA:73,21,0,10
BRDA:73,21,1,5
BRDA:74,22,0,10
BRDA:74,22,1,7
BRDA:75,23,0,10
BRDA:75,23,1,7
BRDA:76,24,0,10
BRDA:76,24,1,7
BRDA:77,25,0,10
BRDA:77,25,1,7
BRDA:78,26,0,10
BRDA:78,26,1,6
BRDA:79,27,0,10
BRDA:79,27,1,1
BRDA:80,28,0,10
BRDA:80,28,1,6
BRDA:82,29,0,10
BRDA:82,29,1,7
BRDA:89,30,0,0
BRDA:89,30,1,13
BRDA:92,31,0,0
BRDA:92,31,1,13
BRDA:94,32,0,13
BRDA:94,32,1,6
BRDA:96,33,0,3
BRDA:96,33,1,10
BRDA:101,34,0,1
BRDA:101,34,1,9
BRDA:111,35,0,9
BRDA:111,35,1,2
BRF:74
BRH:70
end_of_record
TN:
SF:handlers\auth.js
FN:4,(anonymous_0)
FNF:1
FNH:1
FNDA:9,(anonymous_0)
DA:1,9
DA:2,9
DA:4,9
DA:5,9
DA:6,9
DA:7,9
DA:8,9
DA:11,9
DA:12,2
DA:13,2
DA:14,1
DA:15,1
DA:18,1
DA:30,1
DA:36,1
DA:41,8
DA:42,8
DA:45,8
DA:63,8
DA:74,8
LF:20
LH:20
BRDA:6,0,0,9
BRDA:6,0,1,1
BRDA:7,1,0,9
BRDA:7,1,1,7
BRDA:11,2,0,2
BRDA:11,2,1,7
BRDA:13,3,0,1
BRDA:13,3,1,1
BRDA:13,4,0,2
BRDA:13,4,1,1
BRF:10
BRH:10
end_of_record
TN:
SF:handlers\billing.js
FN:6,getStripe
FN:24,sanitizeReturnUrl
FN:28,(anonymous_2)
FN:37,(anonymous_3)
FN:104,(anonymous_4)
FN:124,(anonymous_5)
FN:173,(anonymous_6)
FN:185,(anonymous_7)
FNF:8
FNH:8
FNDA:29,getStripe
FNDA:25,sanitizeReturnUrl
FNDA:14,(anonymous_2)
FNDA:28,(anonymous_3)
FNDA:5,(anonymous_4)
FNDA:19,(anonymous_5)
FNDA:7,(anonymous_6)
FNDA:5,(anonymous_7)
DA:1,2
DA:2,2
DA:3,2
DA:7,29
DA:8,29
DA:12,2
DA:13,2
DA:16,2
DA:22,2
DA:25,25
DA:26,5
DA:27,5
DA:28,4
DA:29,14
DA:31,4
DA:33,1
DA:37,2
DA:38,28
DA:39,28
DA:42,27
DA:43,27
DA:44,1
DA:46,26
DA:48,26
DA:49,26
DA:52,25
DA:53,1
DA:56,24
DA:57,24
DA:58,24
DA:59,24
DA:62,24
DA:67,24
DA:68,24
DA:70,24
DA:73,23
DA:74,23
DA:75,2
DA:79,2
DA:80,2
DA:83,23
DA:85,23
DA:101,23
DA:104,2
DA:105,5
DA:106,5
DA:108,4
DA:109,4
DA:111,1
DA:112,1
DA:113,1
DA:115,1
DA:116,1
DA:121,1
DA:124,2
DA:125,19
DA:126,19
DA:128,18
DA:129,18
DA:131,17
DA:132,17
DA:135,17
DA:136,17
DA:137,17
DA:138,17
DA:139,4
DA:140,4
DA:141,4
DA:142,3
DA:143,3
DA:145,3
DA:146,3
DA:147,2
DA:148,1
DA:155,17
DA:156,17
DA:158,17
DA:173,2
DA:174,7
DA:175,7
DA:177,6
DA:178,6
DA:181,5
DA:182,5
DA:183,5
DA:184,6
DA:185,6
DA:186,5
DA:187,5
DA:189,6
DA:192,5
DA:206,2
LF:92
LH:92
BRDA:7,0,0,2
BRDA:7,0,1,27
BRDA:25,1,0,20
BRDA:25,1,1,5
BRDA:25,2,0,25
BRDA:25,2,1,5
BRDA:31,3,0,2
BRDA:31,3,1,2
BRDA:39,4,0,1
BRDA:39,4,1,27
BRDA:43,5,0,1
BRDA:43,5,1,26
BRDA:43,6,0,27
BRDA:43,6,1,2
BRDA:49,7,0,1
BRDA:49,7,1,25
BRDA:52,8,0,1
BRDA:52,8,1,24
BRDA:52,9,0,25
BRDA:52,9,1,18
BRDA:58,10,0,0
BRDA:58,10,1,24
BRDA:67,11,0,24
BRDA:67,11,1,19
BRDA:68,12,0,24
BRDA:68,12,1,19
BRDA:68,12,2,19
BRDA:70,13,0,1
BRDA:70,13,1,23
BRDA:74,14,0,2
BRDA:74,14,1,21
BRDA:106,15,0,1
BRDA:106,15,1,4
BRDA:109,16,0,3
BRDA:109,16,1,1
BRDA:109,17,0,4
BRDA:109,17,1,2
BRDA:112,18,0,0
BRDA:112,18,1,1
BRDA:126,19,0,1
BRDA:126,19,1,18
BRDA:129,20,0,1
BRDA:129,20,1,17
BRDA:131,21,0,17
BRDA:131,21,1,4
BRDA:132,22,0,3
BRDA:132,22,1,14
BRDA:137,23,0,17
BRDA:137,23,1,15
BRDA:138,24,0,4
BRDA:138,24,1,13
BRDA:138,25,0,17
BRDA:138,25,1,5
BRDA:146,26,0,1
BRDA:146,26,1,2
BRDA:147,27,0,1
BRDA:147,27,1,1
BRDA:156,28,0,17
BRDA:156,28,1,9
BRDA:156,28,2,6
BRDA:168,29,0,17
BRDA:168,29,1,9
BRDA:175,30,0,1
BRDA:175,30,1,6
BRDA:178,31,0,1
BRDA:178,31,1,5
BRF:66
BRH:64
end_of_record
TN:
SF:handlers\company.js
FN:5,(anonymous_0)
FN:29,(anonymous_1)
FNF:2
FNH:2
FNDA:10,(anonymous_0)
FNDA:13,(anonymous_1)
DA:1,4
DA:2,4
DA:3,4
DA:5,4
DA:6,10
DA:7,10
DA:9,9
DA:10,9
DA:12,8
DA:29,4
DA:30,13
DA:31,13
DA:33,12
DA:34,12
DA:35,12
DA:36,12
DA:38,12
DA:39,108
DA:42,12
DA:44,10
DA:45,10
DA:47,10
LF:22
LH:22
BRDA:7,0,0,1
BRDA:7,0,1,9
BRDA:10,1,0,1
BRDA:10,1,1,8
BRDA:23,2,0,8
BRDA:23,2,1,7
BRDA:24,3,0,8
BRDA:24,3,1,7
BRDA:25,4,0,8
BRDA:25,4,1,7
BRDA:31,5,0,1
BRDA:31,5,1,12
BRDA:34,6,0,0
BRDA:34,6,1,12
BRDA:39,7,0,11
BRDA:39,7,1,97
BRDA:42,8,0,2
BRDA:42,8,1,10
BRF:18
BRH:17
end_of_record
TN:
SF:handlers\email-forwarder.js
FN:10,(anonymous_0)
FNF:1
FNH:1
FNDA:8,(anonymous_0)
DA:1,1
DA:2,1
DA:4,1
DA:5,1
DA:7,1
DA:8,1
DA:10,1
DA:11,8
DA:12,9
DA:13,9
DA:14,9
DA:15,9
DA:16,9
DA:18,9
DA:20,9
DA:22,9
DA:27,8
DA:31,8
DA:37,8
DA:43,8
DA:44,7
DA:50,8
DA:56,7
DA:58,2
LF:24
LH:24
BRDA:14,0,0,9
BRDA:14,0,1,1
BRDA:15,1,0,9
BRDA:15,1,1,0
BRDA:16,2,0,9
BRDA:16,2,1,1
BRDA:43,3,0,7
BRDA:43,3,1,1
BRF:8
BRH:7
end_of_record
TN:
SF:handlers\estimates.js
FN:6,(anonymous_0)
FN:16,(anonymous_1)
FN:21,(anonymous_2)
FN:72,(anonymous_3)
FN:78,(anonymous_4)
FN:84,(anonymous_5)
FN:90,(anonymous_6)
FN:116,(anonymous_7)
FN:122,(anonymous_8)
FN:134,(anonymous_9)
FN:140,(anonymous_10)
FN:148,(anonymous_11)
FN:154,(anonymous_12)
FN:165,(anonymous_13)
FN:170,(anonymous_14)
FN:177,stripKeys
FN:187,validateInput
FN:212,canCreate
FNF:18
FNH:18
FNDA:19,(anonymous_0)
FNDA:26,(anonymous_1)
FNDA:36,(anonymous_2)
FNDA:9,(anonymous_3)
FNDA:6,(anonymous_4)
FNDA:17,(anonymous_5)
FNDA:23,(anonymous_6)
FNDA:9,(anonymous_7)
FNDA:9,(anonymous_8)
FNDA:4,(anonymous_9)
FNDA:2,(anonymous_10)
FNDA:5,(anonymous_11)
FNDA:3,(anonymous_12)
FNDA:9,(anonymous_13)
FNDA:8,(anonymous_14)
FNDA:72,stripKeys
FNDA:38,validateInput
FNDA:34,canCreate
DA:1,7
DA:2,7
DA:3,7
DA:4,7
DA:6,7
DA:7,19
DA:8,19
DA:10,17
DA:11,17
DA:13,17
DA:15,17
DA:16,26
DA:21,7
DA:22,36
DA:23,36
DA:26,34
DA:27,34
DA:29,24
DA:30,24
DA:31,24
DA:32,24
DA:33,24
DA:34,24
DA:36,24
DA:68,24
DA:69,24
DA:72,7
DA:73,9
DA:74,9
DA:76,8
DA:77,8
DA:78,8
DA:80,8
DA:81,4
DA:84,7
DA:85,17
DA:86,17
DA:88,16
DA:89,16
DA:90,23
DA:91,16
DA:93,14
DA:94,14
DA:95,14
DA:96,14
DA:97,14
DA:106,14
DA:107,14
DA:108,364
DA:110,14
DA:112,14
DA:113,14
DA:116,7
DA:117,9
DA:118,9
DA:120,8
DA:121,8
DA:122,9
DA:123,8
DA:126,6
DA:130,6
DA:134,7
DA:135,4
DA:136,4
DA:138,3
DA:139,3
DA:140,3
DA:141,3
DA:143,2
DA:144,2
DA:148,7
DA:149,5
DA:150,5
DA:152,4
DA:153,4
DA:154,4
DA:155,4
DA:157,3
DA:161,3
DA:165,7
DA:166,9
DA:167,9
DA:169,8
DA:170,8
DA:172,8
DA:178,72
DA:179,72
DA:183,7
DA:184,7
DA:185,7
DA:188,38
DA:189,38
DA:190,266
DA:191,0
DA:194,38
DA:195,0
DA:197,38
DA:198,0
DA:200,38
DA:201,0
DA:203,38
DA:204,0
DA:206,38
DA:207,0
DA:209,38
DA:213,34
DA:214,32
DA:215,11
DA:216,6
DA:218,5
LF:110
LH:104
BRDA:8,0,0,2
BRDA:8,0,1,17
BRDA:10,1,0,17
BRDA:10,1,1,14
BRDA:23,2,0,2
BRDA:23,2,1,34
BRDA:27,3,0,10
BRDA:27,3,1,24
BRDA:30,4,0,0
BRDA:30,4,1,24
BRDA:32,5,0,0
BRDA:32,5,1,24
BRDA:40,6,0,24
BRDA:40,6,1,9
BRDA:41,7,0,24
BRDA:41,7,1,23
BRDA:42,8,0,24
BRDA:42,8,1,23
BRDA:43,9,0,24
BRDA:43,9,1,10
BRDA:44,10,0,24
BRDA:44,10,1,22
BRDA:45,11,0,24
BRDA:45,11,1,20
BRDA:46,12,0,24
BRDA:46,12,1,23
BRDA:47,13,0,24
BRDA:47,13,1,24
BRDA:48,14,0,24
BRDA:48,14,1,24
BRDA:49,15,0,24
BRDA:49,15,1,24
BRDA:50,16,0,24
BRDA:50,16,1,24
BRDA:51,17,0,24
BRDA:51,17,1,23
BRDA:52,18,0,24
BRDA:52,18,1,22
BRDA:53,19,0,24
BRDA:53,19,1,14
BRDA:54,20,0,24
BRDA:54,20,1,22
BRDA:55,21,0,24
BRDA:55,21,1,24
BRDA:56,22,0,24
BRDA:56,22,1,24
BRDA:57,23,0,24
BRDA:57,23,1,24
BRDA:58,24,0,24
BRDA:58,24,1,24
BRDA:59,25,0,24
BRDA:59,25,1,24
BRDA:60,26,0,24
BRDA:60,26,1,24
BRDA:63,27,0,24
BRDA:63,27,1,22
BRDA:74,28,0,1
BRDA:74,28,1,8
BRDA:80,29,0,4
BRDA:80,29,1,4
BRDA:86,30,0,1
BRDA:86,30,1,16
BRDA:91,31,0,2
BRDA:91,31,1,14
BRDA:94,32,0,0
BRDA:94,32,1,14
BRDA:96,33,0,0
BRDA:96,33,1,14
BRDA:108,34,0,27
BRDA:108,34,1,337
BRDA:118,35,0,1
BRDA:118,35,1,8
BRDA:123,36,0,2
BRDA:123,36,1,6
BRDA:136,37,0,1
BRDA:136,37,1,3
BRDA:141,38,0,1
BRDA:141,38,1,2
BRDA:150,39,0,1
BRDA:150,39,1,4
BRDA:155,40,0,1
BRDA:155,40,1,3
BRDA:167,41,0,1
BRDA:167,41,1,8
BRDA:190,42,0,0
BRDA:190,42,1,266
BRDA:190,43,0,266
BRDA:190,43,1,40
BRDA:190,43,2,40
BRDA:194,44,0,0
BRDA:194,44,1,38
BRDA:194,45,0,38
BRDA:194,45,1,1
BRDA:194,45,2,1
BRDA:197,46,0,0
BRDA:197,46,1,38
BRDA:197,47,0,38
BRDA:197,47,1,1
BRDA:197,47,2,1
BRDA:200,48,0,0
BRDA:200,48,1,38
BRDA:200,49,0,38
BRDA:200,49,1,1
BRDA:200,49,2,1
BRDA:203,50,0,0
BRDA:203,50,1,38
BRDA:203,51,0,38
BRDA:203,51,1,1
BRDA:203,51,2,1
BRDA:206,52,0,0
BRDA:206,52,1,38
BRDA:206,53,0,38
BRDA:206,53,1,0
BRDA:206,53,2,0
BRDA:213,54,0,2
BRDA:213,54,1,32
BRDA:214,55,0,21
BRDA:214,55,1,11
BRDA:215,56,0,6
BRDA:215,56,1,5
BRF:120
BRH:108
end_of_record
TN:
SF:handlers\notifications.js
FN:5,(anonymous_0)
FN:12,(anonymous_1)
FN:20,(anonymous_2)
FN:30,(anonymous_3)
FN:53,stripKeys
FNF:5
FNH:5
FNDA:4,(anonymous_0)
FNDA:4,(anonymous_1)
FNDA:10,(anonymous_2)
FNDA:5,(anonymous_3)
FNDA:4,stripKeys
DA:1,2
DA:2,2
DA:3,2
DA:5,2
DA:6,4
DA:7,4
DA:9,3
DA:11,3
DA:12,4
DA:14,3
DA:20,2
DA:21,10
DA:22,10
DA:24,9
DA:25,9
DA:27,9
DA:29,3
DA:30,5
DA:31,3
DA:32,2
DA:34,3
DA:37,6
DA:39,4
DA:40,4
DA:41,4
DA:42,7
DA:43,2
DA:44,2
DA:47,4
DA:50,2
DA:54,4
DA:55,4
LF:32
LH:32
BRDA:7,0,0,1
BRDA:7,0,1,3
BRDA:22,1,0,1
BRDA:22,1,1,9
BRDA:25,2,0,0
BRDA:25,2,1,9
BRDA:27,3,0,3
BRDA:27,3,1,6
BRDA:37,4,0,4
BRDA:37,4,1,2
BRDA:37,5,0,6
BRDA:37,5,1,4
BRDA:42,6,0,2
BRDA:42,6,1,5
BRDA:42,7,0,7
BRDA:42,7,1,4
BRF:16
BRH:15
end_of_record
TN:
SF:handlers\photos.js
FN:22,sanitizeFilename
FN:30,(anonymous_1)
FN:38,(anonymous_2)
FN:75,(anonymous_3)
FN:84,(anonymous_4)
FN:99,(anonymous_5)
FNF:6
FNH:6
FNDA:15,sanitizeFilename
FNDA:27,(anonymous_1)
FNDA:25,(anonymous_2)
FNDA:9,(anonymous_3)
FNDA:7,(anonymous_4)
FNDA:4,(anonymous_5)
DA:1,2
DA:2,2
DA:3,2
DA:4,2
DA:5,2
DA:6,2
DA:8,2
DA:9,2
DA:12,2
DA:19,2
DA:20,2
DA:24,15
DA:30,2
DA:31,27
DA:32,27
DA:34,26
DA:37,26
DA:38,26
DA:39,26
DA:41,25
DA:42,25
DA:43,3
DA:47,22
DA:48,5
DA:52,17
DA:53,2
DA:56,15
DA:57,15
DA:59,15
DA:67,15
DA:72,15
DA:75,2
DA:76,9
DA:77,9
DA:79,8
DA:80,8
DA:83,8
DA:84,8
DA:85,8
DA:88,7
DA:89,3
DA:93,4
DA:99,4
DA:100,4
DA:102,4
LF:45
LH:45
BRDA:32,0,0,1
BRDA:32,0,1,26
BRDA:39,1,0,1
BRDA:39,1,1,25
BRDA:41,2,0,25
BRDA:41,2,1,1
BRDA:42,3,0,3
BRDA:42,3,1,22
BRDA:42,4,0,25
BRDA:42,4,1,23
BRDA:47,5,0,5
BRDA:47,5,1,17
BRDA:52,6,0,2
BRDA:52,6,1,15
BRDA:52,7,0,17
BRDA:52,7,1,15
BRDA:77,8,0,1
BRDA:77,8,1,8
BRDA:85,9,0,1
BRDA:85,9,1,7
BRDA:88,10,0,3
BRDA:88,10,1,4
BRDA:99,11,0,4
BRDA:99,11,1,1
BRF:24
BRH:24
end_of_record
TN:
SF:handlers\reports.js
FN:5,(anonymous_0)
FN:21,(anonymous_1)
FN:26,(anonymous_2)
FN:32,(anonymous_3)
FN:33,(anonymous_4)
FN:34,(anonymous_5)
FN:37,(anonymous_6)
FN:38,(anonymous_7)
FN:42,(anonymous_8)
FN:49,(anonymous_9)
FN:58,(anonymous_10)
FN:62,(anonymous_11)
FN:67,(anonymous_12)
FN:68,(anonymous_13)
FN:81,getCutoff
FNF:15
FNH:15
FNDA:41,(anonymous_0)
FNDA:106,(anonymous_1)
FNDA:8,(anonymous_2)
FNDA:99,(anonymous_3)
FNDA:99,(anonymous_4)
FNDA:27,(anonymous_5)
FNDA:99,(anonymous_6)
FNDA:99,(anonymous_7)
FNDA:99,(anonymous_8)
FNDA:99,(anonymous_9)
FNDA:4,(anonymous_10)
FNDA:99,(anonymous_11)
FNDA:63,(anonymous_12)
FNDA:29,(anonymous_13)
FNDA:39,getCutoff
DA:1,6
DA:2,6
DA:3,6
DA:5,6
DA:6,41
DA:7,41
DA:9,39
DA:12,39
DA:13,39
DA:14,39
DA:15,40
DA:16,40
DA:17,40
DA:21,106
DA:24,39
DA:25,39
DA:26,8
DA:30,39
DA:32,99
DA:33,99
DA:34,39
DA:35,39
DA:37,99
DA:38,99
DA:41,39
DA:42,39
DA:43,99
DA:44,99
DA:48,39
DA:49,39
DA:50,99
DA:51,99
DA:52,99
DA:53,99
DA:54,99
DA:55,27
DA:58,39
DA:61,39
DA:62,39
DA:63,99
DA:64,99
DA:66,39
DA:67,63
DA:68,29
DA:70,39
DA:82,39
DA:83,39
DA:84,1
DA:85,1
DA:86,2
DA:87,35
LF:51
LH:51
BRDA:7,0,0,2
BRDA:7,0,1,39
BRDA:9,1,0,39
BRDA:9,1,1,34
BRDA:25,2,0,4
BRDA:25,2,1,35
BRDA:33,3,0,99
BRDA:33,3,1,90
BRDA:33,3,2,63
BRDA:34,4,0,27
BRDA:34,4,1,2
BRDA:35,5,0,16
BRDA:35,5,1,23
BRDA:37,6,0,99
BRDA:37,6,1,2
BRDA:38,7,0,36
BRDA:38,7,1,3
BRDA:43,8,0,99
BRDA:43,8,1,1
BRDA:44,9,0,99
BRDA:44,9,1,61
BRDA:52,10,0,40
BRDA:52,10,1,59
BRDA:54,11,0,27
BRDA:54,11,1,72
BRDA:55,12,0,27
BRDA:55,12,1,2
BRDA:63,13,0,99
BRDA:63,13,1,3
BRDA:64,14,0,99
BRDA:64,14,1,63
BRDA:83,15,0,1
BRDA:83,15,1,1
BRDA:83,15,2,2
BRDA:83,15,3,35
BRF:35
BRH:35
end_of_record
TN:
SF:handlers\roles.js
FN:36,(anonymous_0)
FN:44,(anonymous_1)
FN:59,(anonymous_2)
FN:73,(anonymous_3)
FN:89,(anonymous_4)
FN:104,(anonymous_5)
FN:122,(anonymous_6)
FN:145,(anonymous_7)
FN:161,(anonymous_8)
FN:170,checkPermission
FNF:10
FNH:10
FNDA:7,(anonymous_0)
FNDA:7,(anonymous_1)
FNDA:27,(anonymous_2)
FNDA:16,(anonymous_3)
FNDA:10,(anonymous_4)
FNDA:9,(anonymous_5)
FNDA:9,(anonymous_6)
FNDA:13,(anonymous_7)
FNDA:7,(anonymous_8)
FNDA:55,checkPermission
DA:1,3
DA:2,3
DA:3,3
DA:6,3
DA:20,3
DA:28,3
DA:36,3
DA:37,7
DA:38,7
DA:40,6
DA:43,6
DA:44,6
DA:45,7
DA:46,5
DA:55,6
DA:59,3
DA:60,27
DA:61,27
DA:64,26
DA:65,26
DA:67,19
DA:68,19
DA:69,19
DA:70,19
DA:71,15
DA:73,16
DA:74,13
DA:76,13
DA:85,13
DA:89,3
DA:90,10
DA:91,10
DA:93,9
DA:94,9
DA:96,9
DA:97,9
DA:99,7
DA:100,7
DA:101,7
DA:103,7
DA:104,9
DA:106,7
DA:107,7
DA:109,6
DA:111,6
DA:113,1
DA:115,5
DA:118,6
DA:122,3
DA:123,9
DA:124,9
DA:126,8
DA:127,8
DA:129,8
DA:130,8
DA:133,4
DA:134,4
DA:135,9
DA:136,4
DA:140,4
DA:141,4
DA:145,3
DA:146,13
DA:147,13
DA:149,12
DA:150,12
DA:152,12
DA:153,12
DA:154,12
DA:155,12
DA:157,12
DA:158,9
DA:160,7
DA:161,7
DA:162,7
DA:163,6
DA:165,4
DA:166,4
DA:171,55
DA:172,55
DA:174,54
DA:175,54
DA:177,53
DA:178,53
DA:181,53
DA:184,8
DA:185,1
DA:189,7
DA:190,7
DA:192,6
DA:195,3
DA:196,3
LF:92
LH:92
BRDA:38,0,0,1
BRDA:38,0,1,6
BRDA:45,1,0,5
BRDA:45,1,1,2
BRDA:45,2,0,7
BRDA:45,2,1,6
BRDA:48,3,0,5
BRDA:48,3,1,2
BRDA:49,4,0,5
BRDA:49,4,1,0
BRDA:61,5,0,1
BRDA:61,5,1,26
BRDA:65,6,0,7
BRDA:65,6,1,19
BRDA:68,7,0,0
BRDA:68,7,1,19
BRDA:69,8,0,19
BRDA:69,8,1,1
BRDA:70,9,0,4
BRDA:70,9,1,15
BRDA:70,10,0,19
BRDA:70,10,1,17
BRDA:71,11,0,2
BRDA:71,11,1,13
BRDA:71,12,0,15
BRDA:71,12,1,14
BRDA:73,13,0,13
BRDA:73,13,1,0
BRDA:74,14,0,13
BRDA:74,14,1,10
BRDA:91,15,0,1
BRDA:91,15,1,9
BRDA:94,16,0,0
BRDA:94,16,1,9
BRDA:97,17,0,2
BRDA:97,17,1,7
BRDA:100,18,0,0
BRDA:100,18,1,7
BRDA:103,19,0,4
BRDA:103,19,1,3
BRDA:106,20,0,2
BRDA:106,20,1,5
BRDA:107,21,0,1
BRDA:107,21,1,6
BRDA:111,22,0,1
BRDA:111,22,1,5
BRDA:113,23,0,1
BRDA:113,23,1,0
BRDA:124,24,0,1
BRDA:124,24,1,8
BRDA:127,25,0,0
BRDA:127,25,1,8
BRDA:130,26,0,4
BRDA:130,26,1,4
BRDA:130,27,0,8
BRDA:130,27,1,6
BRDA:135,28,0,4
BRDA:135,28,1,5
BRDA:147,29,0,1
BRDA:147,29,1,12
BRDA:150,30,0,0
BRDA:150,30,1,12
BRDA:153,31,0,0
BRDA:153,31,1,12
BRDA:154,32,0,12
BRDA:154,32,1,1
BRDA:155,33,0,12
BRDA:155,33,1,3
BRDA:157,34,0,3
BRDA:157,34,1,9
BRDA:157,35,0,12
BRDA:157,35,1,11
BRDA:158,36,0,2
BRDA:158,36,1,7
BRDA:162,37,0,1
BRDA:162,37,1,6
BRDA:163,38,0,2
BRDA:163,38,1,4
BRDA:172,39,0,1
BRDA:172,39,1,54
BRDA:175,40,0,1
BRDA:175,40,1,53
BRDA:178,41,0,53
BRDA:178,41,1,0
BRDA:181,42,0,45
BRDA:181,42,1,8
BRDA:184,43,0,1
BRDA:184,43,1,7
BRDA:190,44,0,1
BRDA:190,44,1,6
BRDA:192,45,0,6
BRDA:192,45,1,1
BRF:92
BRH:82
end_of_record
TN:
SF:handlers\team.js
FN:7,(anonymous_0)
FN:15,(anonymous_1)
FN:22,(anonymous_2)
FN:23,(anonymous_3)
FN:32,(anonymous_4)
FN:43,(anonymous_5)
FN:64,(anonymous_6)
FN:75,(anonymous_7)
FN:83,(anonymous_8)
FN:95,(anonymous_9)
FNF:10
FNH:10
FNDA:11,(anonymous_0)
FNDA:12,(anonymous_1)
FNDA:9,(anonymous_2)
FNDA:5,(anonymous_3)
FNDA:13,(anonymous_4)
FNDA:4,(anonymous_5)
FNDA:3,(anonymous_6)
FNDA:6,(anonymous_7)
FNDA:5,(anonymous_8)
FNDA:5,(anonymous_9)
DA:1,3
DA:2,3
DA:3,3
DA:4,3
DA:7,3
DA:8,11
DA:9,11
DA:11,10
DA:12,10
DA:14,10
DA:15,12
DA:22,9
DA:23,5
DA:32,3
DA:33,13
DA:34,13
DA:36,12
DA:37,12
DA:38,12
DA:39,12
DA:42,8
DA:43,8
DA:44,8
DA:46,6
DA:47,6
DA:49,6
DA:60,6
DA:64,3
DA:65,3
DA:66,3
DA:68,2
DA:69,2
DA:71,2
DA:75,3
DA:76,6
DA:77,6
DA:79,5
DA:82,5
DA:83,5
DA:84,5
DA:87,4
DA:88,4
DA:90,3
DA:91,3
DA:95,3
DA:96,5
DA:98,5
DA:99,5
DA:101,4
DA:102,4
DA:104,3
DA:105,3
DA:107,3
LF:53
LH:53
BRDA:9,0,0,1
BRDA:9,0,1,10
BRDA:34,1,0,1
BRDA:34,1,1,12
BRDA:37,2,0,0
BRDA:37,2,1,12
BRDA:38,3,0,12
BRDA:38,3,1,2
BRDA:39,4,0,4
BRDA:39,4,1,8
BRDA:39,5,0,12
BRDA:39,5,1,10
BRDA:44,6,0,2
BRDA:44,6,1,6
BRDA:66,7,0,1
BRDA:66,7,1,2
BRDA:77,8,0,1
BRDA:77,8,1,5
BRDA:84,9,0,1
BRDA:84,9,1,4
BRDA:88,10,0,1
BRDA:88,10,1,3
BRDA:99,11,0,1
BRDA:99,11,1,4
BRDA:102,12,0,1
BRDA:102,12,1,3
BRDA:109,13,0,2
BRDA:109,13,1,1
BRF:28
BRH:27
end_of_record
TN:
SF:handlers\webhook.js
FN:4,getStripe
FN:9,(anonymous_1)
FN:172,findCompanyByStripeId
FNF:3
FNH:3
FNDA:32,getStripe
FNDA:32,(anonymous_1)
FNDA:28,findCompanyByStripeId
DA:1,32
DA:5,32
DA:6,32
DA:9,32
DA:10,32
DA:11,32
DA:14,32
DA:15,32
DA:21,1
DA:22,1
DA:26,31
DA:27,31
DA:28,13
DA:29,13
DA:30,1
DA:31,1
DA:34,12
DA:42,30
DA:44,30
DA:46,9
DA:47,9
DA:48,9
DA:49,9
DA:51,7
DA:52,7
DA:53,7
DA:54,4
DA:55,4
DA:56,3
DA:57,2
DA:59,7
DA:65,9
DA:69,5
DA:70,5
DA:71,5
DA:72,4
DA:76,4
DA:81,5
DA:85,2
DA:86,2
DA:87,2
DA:88,1
DA:93,2
DA:97,2
DA:98,2
DA:99,2
DA:100,1
DA:104,2
DA:109,3
DA:110,3
DA:111,3
DA:112,1
DA:118,3
DA:123,5
DA:124,5
DA:125,5
DA:126,3
DA:133,3
DA:134,3
DA:135,2
DA:136,2
DA:137,2
DA:141,1
DA:144,5
DA:149,1
DA:150,1
DA:155,2
DA:156,2
DA:157,2
DA:158,1
DA:165,2
DA:169,30
DA:174,28
DA:175,28
DA:176,28
DA:177,28
DA:179,28
DA:188,28
DA:189,21
DA:191,7
LF:80
LH:80
BRDA:5,0,0,32
BRDA:5,0,1,0
BRDA:27,1,0,13
BRDA:27,1,1,18
BRDA:29,2,0,1
BRDA:29,2,1,12
BRDA:44,3,0,9
BRDA:44,3,1,5
BRDA:44,3,2,2
BRDA:44,3,3,2
BRDA:44,3,4,3
BRDA:44,3,5,5
BRDA:44,3,6,1
BRDA:44,3,7,2
BRDA:49,4,0,7
BRDA:49,4,1,2
BRDA:49,5,0,9
BRDA:49,5,1,8
BRDA:55,6,0,1
BRDA:55,6,1,3
BRDA:56,7,0,1
BRDA:56,7,1,2
BRDA:71,8,0,4
BRDA:71,8,1,1
BRDA:72,9,0,1
BRDA:72,9,1,3
BRDA:73,10,0,1
BRDA:73,10,1,2
BRDA:74,11,0,1
BRDA:74,11,1,1
BRDA:87,12,0,1
BRDA:87,12,1,1
BRDA:99,13,0,1
BRDA:99,13,1,1
BRDA:111,14,0,1
BRDA:111,14,1,2
BRDA:111,15,0,3
BRDA:111,15,1,2
BRDA:125,16,0,3
BRDA:125,16,1,2
BRDA:125,17,0,5
BRDA:125,17,1,4
BRDA:134,18,0,2
BRDA:134,18,1,1
BRDA:136,19,0,2
BRDA:136,19,1,0
BRDA:157,20,0,1
BRDA:157,20,1,1
BRDA:188,21,0,21
BRDA:188,21,1,7
BRDA:188,22,0,28
BRDA:188,22,1,28
BRF:52
BRH:50
end_of_record
TN:
SF:handlers\lib\auth.js
FN:3,(anonymous_0)
FN:12,(anonymous_1)
FNF:2
FNH:2
FNDA:14,(anonymous_0)
FNDA:6,(anonymous_1)
DA:2,2
DA:4,14
DA:5,14
DA:6,6
DA:13,6
DA:14,6
DA:16,4
DA:17,4
DA:20,3
LF:9
LH:9
BRDA:5,0,0,8
BRDA:5,0,1,6
BRDA:14,1,0,2
BRDA:14,1,1,4
BRDA:17,2,0,1
BRDA:17,2,1,3
BRF:6
BRH:6
end_of_record
TN:
SF:handlers\lib\dynamo.js
FN:9,(anonymous_0)
FN:14,(anonymous_1)
FN:19,(anonymous_2)
FN:21,(anonymous_3)
FN:24,(anonymous_4)
FN:40,(anonymous_5)
FN:44,(anonymous_6)
FN:72,(anonymous_7)
FNF:8
FNH:5
FNDA:0,(anonymous_0)
FNDA:17,(anonymous_1)
FNDA:1,(anonymous_2)
FNDA:3,(anonymous_3)
FNDA:3,(anonymous_4)
FNDA:0,(anonymous_5)
FNDA:0,(anonymous_6)
FNDA:2,(anonymous_7)
DA:1,9
DA:2,9
DA:4,9
DA:5,9
DA:6,9
DA:8,9
DA:10,0
DA:11,0
DA:15,17
DA:16,17
DA:20,1
DA:21,3
DA:22,1
DA:23,1
DA:24,1
DA:25,3
DA:26,3
DA:29,1
DA:37,1
DA:41,0
DA:45,0
DA:52,0
DA:53,0
DA:54,0
DA:56,0
DA:57,0
DA:59,0
DA:65,0
DA:66,0
DA:73,2
DA:79,2
LF:31
LH:19
BRDA:44,0,0,0
BRDA:52,1,0,0
BRDA:52,1,1,0
BRDA:56,2,0,0
BRDA:56,2,1,0
BRDA:56,3,0,0
BRDA:56,3,1,0
BRDA:67,4,0,0
BRDA:67,4,1,0
BRDA:68,5,0,0
BRDA:68,5,1,0
BRDA:79,6,0,2
BRDA:79,6,1,0
BRF:13
BRH:1
end_of_record
TN:
SF:handlers\lib\notify.js
FN:7,notify
FNF:1
FNH:1
FNDA:6,notify
DA:1,1
DA:8,6
DA:9,6
DA:10,6
DA:12,6
DA:25,6
DA:26,6
DA:29,1
LF:8
LH:8
BRDA:16,0,0,6
BRDA:16,0,1,5
BRDA:18,1,0,6
BRDA:18,1,1,5
BRDA:19,2,0,6
BRDA:19,2,1,5
BRF:6
BRH:6
end_of_record
TN:
SF:handlers\lib\response.js
FN:2,(anonymous_0)
FN:9,(anonymous_1)
FN:12,(anonymous_2)
FN:15,(anonymous_3)
FN:18,(anonymous_4)
FN:21,(anonymous_5)
FN:24,(anonymous_6)
FN:27,(anonymous_7)
FNF:8
FNH:8
FNDA:147,(anonymous_0)
FNDA:266,(anonymous_1)
FNDA:46,(anonymous_2)
FNDA:55,(anonymous_3)
FNDA:56,(anonymous_4)
FNDA:26,(anonymous_5)
FNDA:4,(anonymous_6)
FNDA:4,(anonymous_7)
DA:1,25
DA:3,147
DA:4,147
DA:6,0
DA:10,266
DA:13,46
DA:16,55
DA:19,56
DA:22,26
DA:25,4
DA:28,4
LF:11
LH:10
BRDA:4,0,0,147
BRDA:4,0,1,4
BRDA:19,1,0,56
BRDA:19,1,1,32
BRDA:22,2,0,26
BRDA:22,2,1,18
BRDA:25,3,0,4
BRDA:25,3,1,1
BRDA:28,4,0,4
BRDA:28,4,1,2
BRF:10
BRH:10
end_of_record
