TN:
SF:client\preview\js\bom.js
FN:135,calculateBOM
FN:150,p
FN:151,pe
FN:236,(anonymous_3)
FN:236,(anonymous_4)
FN:248,catmullRom
FN:259,getSplinePoints
FN:289,calculateFootage
FN:312,distBetween
FN:326,getPrice
FN:335,encodeEstimate
FN:342,decodeEstimate
FN:349,customItemsTotal
FN:350,(anonymous_13)
FN:371,calculatePolygonArea
FN:380,(anonymous_15)
FN:403,calculatePolygonPerimeter
FN:425,calculateMulchBOM
FN:438,mp
FN:500,(anonymous_19)
FN:500,(anonymous_20)
FNF:21
FNH:21
FNDA:64,calculateBOM
FNDA:170,p
FNDA:313,pe
FNDA:483,(anonymous_3)
FNDA:475,(anonymous_4)
FNDA:196,catmullRom
FNDA:7,getSplinePoints
FNDA:9,calculateFootage
FNDA:41,distBetween
FNDA:4,getPrice
FNDA:4,encodeEstimate
FNDA:4,decodeEstimate
FNDA:6,customItemsTotal
FNDA:7,(anonymous_13)
FNDA:7,calculatePolygonArea
FNDA:15,(anonymous_15)
FNDA:3,calculatePolygonPerimeter
FNDA:24,calculateMulchBOM
FNDA:27,mp
FNDA:27,(anonymous_19)
FNDA:26,(anonymous_20)
DA:4,1
DA:136,64
DA:137,64
DA:138,64
DA:140,64
DA:141,64
DA:143,62
DA:144,62
DA:145,62
DA:146,62
DA:147,62
DA:148,62
DA:150,170
DA:151,313
DA:153,62
DA:154,20
DA:155,20
DA:156,20
DA:157,20
DA:158,20
DA:159,20
DA:161,20
DA:162,20
DA:163,20
DA:164,20
DA:165,20
DA:166,20
DA:167,20
DA:169,42
DA:170,10
DA:171,10
DA:172,10
DA:174,10
DA:175,10
DA:176,10
DA:177,10
DA:178,10
DA:179,10
DA:181,32
DA:182,13
DA:183,13
DA:184,13
DA:185,13
DA:186,13
DA:187,13
DA:188,13
DA:189,13
DA:190,13
DA:191,13
DA:192,13
DA:193,13
DA:194,13
DA:195,13
DA:197,13
DA:198,13
DA:199,13
DA:200,13
DA:201,13
DA:202,13
DA:203,13
DA:204,13
DA:205,13
DA:206,13
DA:207,13
DA:208,13
DA:209,13
DA:211,19
DA:212,10
DA:213,10
DA:214,10
DA:216,10
DA:217,10
DA:218,10
DA:219,10
DA:220,10
DA:221,10
DA:223,9
DA:224,9
DA:225,9
DA:226,9
DA:228,9
DA:229,9
DA:230,9
DA:231,9
DA:232,9
DA:233,9
DA:236,483
DA:237,475
DA:238,475
DA:239,475
DA:242,62
DA:249,196
DA:250,196
DA:260,7
DA:262,6
DA:263,6
DA:264,6
DA:266,6
DA:267,16
DA:268,16
DA:269,16
DA:270,16
DA:272,16
DA:273,192
DA:274,192
DA:277,6
DA:279,6
DA:290,9
DA:292,9
DA:293,1
DA:294,1
DA:295,24
DA:298,8
DA:299,9
DA:301,8
DA:302,1
DA:306,9
DA:313,41
DA:314,41
DA:315,41
DA:316,41
DA:319,41
DA:320,41
DA:327,4
DA:328,4
DA:329,2
DA:336,4
DA:343,4
DA:350,7
DA:354,1
DA:372,7
DA:375,4
DA:376,4
DA:377,4
DA:378,4
DA:380,4
DA:381,15
DA:388,4
DA:389,4
DA:390,15
DA:391,15
DA:392,15
DA:394,4
DA:397,4
DA:404,3
DA:405,1
DA:406,1
DA:407,4
DA:408,4
DA:410,1
DA:426,24
DA:427,24
DA:428,24
DA:430,24
DA:431,24
DA:433,23
DA:434,23
DA:435,23
DA:436,23
DA:439,27
DA:440,27
DA:443,23
DA:444,2
DA:445,2
DA:452,21
DA:453,21
DA:461,23
DA:463,1
DA:464,1
DA:471,1
DA:472,1
DA:473,1
DA:481,23
DA:483,1
DA:484,1
DA:491,1
DA:492,1
DA:500,27
DA:501,26
DA:502,26
DA:503,26
DA:506,23
DA:509,1
LF:183
LH:183
BRDA:135,0,0,56
BRDA:136,1,0,64
BRDA:136,1,1,59
BRDA:137,2,0,64
BRDA:137,2,1,63
BRDA:138,3,0,64
BRDA:138,3,1,61
BRDA:141,4,0,2
BRDA:141,4,1,62
BRDA:141,5,0,64
BRDA:141,5,1,63
BRDA:150,6,0,3
BRDA:150,6,1,167
BRDA:151,7,0,1
BRDA:151,7,1,312
BRDA:153,8,0,20
BRDA:153,8,1,42
BRDA:169,9,0,10
BRDA:169,9,1,32
BRDA:181,10,0,13
BRDA:181,10,1,19
BRDA:182,11,0,1
BRDA:182,11,1,12
BRDA:211,12,0,10
BRDA:211,12,1,9
BRDA:223,13,0,9
BRDA:223,13,1,0
BRDA:260,14,0,1
BRDA:260,14,1,6
BRDA:262,15,0,1
BRDA:262,15,1,5
BRDA:277,16,0,5
BRDA:277,16,1,1
BRDA:292,17,0,1
BRDA:292,17,1,8
BRDA:292,18,0,9
BRDA:292,18,1,2
BRDA:301,19,0,1
BRDA:301,19,1,7
BRDA:301,20,0,8
BRDA:301,20,1,1
BRDA:328,21,0,2
BRDA:328,21,1,2
BRDA:328,22,0,4
BRDA:328,22,1,3
BRDA:372,23,0,3
BRDA:372,23,1,4
BRDA:404,24,0,2
BRDA:404,24,1,1
BRDA:426,25,0,24
BRDA:426,25,1,18
BRDA:427,26,0,24
BRDA:427,26,1,22
BRDA:428,27,0,24
BRDA:428,27,1,22
BRDA:431,28,0,1
BRDA:431,28,1,23
BRDA:440,29,0,2
BRDA:440,29,1,25
BRDA:443,30,0,2
BRDA:443,30,1,21
BRDA:461,31,0,1
BRDA:461,31,1,22
BRDA:481,32,0,1
BRDA:481,32,1,22
BRDA:481,33,0,23
BRDA:481,33,1,2
BRF:67
BRH:66
end_of_record
TN:
SF:handlers\approval.js
FN:7,(anonymous_0)
FN:13,(anonymous_1)
FN:44,(anonymous_2)
FN:73,(anonymous_3)
FN:83,(anonymous_4)
FNF:5
FNH:4
FNDA:4,(anonymous_0)
FNDA:2,(anonymous_1)
FNDA:2,(anonymous_2)
FNDA:0,(anonymous_3)
FNDA:4,(anonymous_4)
DA:1,1
DA:2,1
DA:3,1
DA:4,1
DA:7,1
DA:8,4
DA:9,4
DA:11,3
DA:12,3
DA:13,3
DA:14,3
DA:17,2
DA:19,2
DA:28,2
DA:29,2
DA:35,2
DA:37,2
DA:38,2
DA:40,2
DA:44,1
DA:45,2
DA:46,2
DA:48,2
DA:49,2
DA:51,1
DA:54,1
DA:55,1
DA:56,1
DA:57,1
DA:58,1
DA:62,1
DA:73,0
DA:83,1
DA:84,4
DA:85,4
DA:87,4
DA:88,4
DA:89,4
DA:91,4
DA:92,1
DA:95,3
DA:96,3
DA:98,2
DA:100,2
DA:106,2
DA:107,2
DA:109,2
DA:115,2
LF:48
LH:47
BRDA:9,0,0,1
BRDA:9,0,1,3
BRDA:14,1,0,1
BRDA:14,1,1,2
BRDA:17,2,0,2
BRDA:17,2,1,1
BRDA:28,3,0,2
BRDA:28,3,1,0
BRDA:37,4,0,2
BRDA:37,4,1,0
BRDA:37,4,2,0
BRDA:46,5,0,0
BRDA:46,5,1,2
BRDA:49,6,0,1
BRDA:49,6,1,1
BRDA:54,7,0,1
BRDA:54,7,1,0
BRDA:56,8,0,1
BRDA:56,8,1,0
BRDA:58,9,0,1
BRDA:58,9,1,0
BRDA:58,10,0,1
BRDA:58,10,1,1
BRDA:58,10,2,0
BRDA:63,11,0,1
BRDA:63,11,1,0
BRDA:64,12,0,1
BRDA:64,12,1,1
BRDA:65,13,0,1
BRDA:65,13,1,1
BRDA:66,14,0,1
BRDA:66,14,1,0
BRDA:67,15,0,1
BRDA:67,15,1,1
BRDA:68,16,0,1
BRDA:68,16,1,1
BRDA:69,17,0,1
BRDA:69,17,1,1
BRDA:70,18,0,1
BRDA:70,18,1,0
BRDA:71,19,0,1
BRDA:71,19,1,1
BRDA:72,20,0,1
BRDA:72,20,1,0
BRDA:73,21,0,1
BRDA:73,21,1,1
BRDA:74,22,0,1
BRDA:74,22,1,1
BRDA:75,23,0,1
BRDA:75,23,1,0
BRDA:76,24,0,1
BRDA:76,24,1,1
BRDA:78,25,0,1
BRDA:78,25,1,1
BRDA:85,26,0,0
BRDA:85,26,1,4
BRDA:87,27,0,4
BRDA:87,27,1,0
BRDA:89,28,0,4
BRDA:89,28,1,2
BRDA:91,29,0,1
BRDA:91,29,1,3
BRDA:96,30,0,1
BRDA:96,30,1,2
BRDA:106,31,0,2
BRDA:106,31,1,0
BRF:66
BRH:50
end_of_record
TN:
SF:handlers\auth.js
FN:4,(anonymous_0)
FNF:1
FNH:1
FNDA:9,(anonymous_0)
DA:1,9
DA:2,9
DA:4,9
DA:5,9
DA:6,9
DA:7,9
DA:8,9
DA:11,9
DA:12,2
DA:13,2
DA:14,1
DA:15,1
DA:18,1
DA:30,1
DA:36,1
DA:41,8
DA:42,8
DA:45,8
DA:63,8
DA:74,8
LF:20
LH:20
BRDA:6,0,0,9
BRDA:6,0,1,1
BRDA:7,1,0,9
BRDA:7,1,1,7
BRDA:11,2,0,2
BRDA:11,2,1,7
BRDA:13,3,0,1
BRDA:13,3,1,1
BRDA:13,4,0,2
BRDA:13,4,1,1
BRF:10
BRH:10
end_of_record
TN:
SF:handlers\billing.js
FN:6,getStripe
FN:19,sanitizeReturnUrl
FN:23,(anonymous_2)
FN:32,(anonymous_3)
FN:83,(anonymous_4)
FN:102,(anonymous_5)
FN:146,(anonymous_6)
FN:158,(anonymous_7)
FNF:8
FNH:8
FNDA:11,getStripe
FNDA:7,sanitizeReturnUrl
FNDA:6,(anonymous_2)
FNDA:8,(anonymous_3)
FNDA:4,(anonymous_4)
FNDA:10,(anonymous_5)
FNDA:4,(anonymous_6)
FNDA:4,(anonymous_7)
DA:1,1
DA:2,1
DA:3,1
DA:7,11
DA:8,11
DA:12,1
DA:17,1
DA:20,7
DA:21,3
DA:22,3
DA:23,2
DA:24,6
DA:26,2
DA:28,1
DA:32,1
DA:33,8
DA:34,8
DA:36,7
DA:37,7
DA:39,6
DA:40,6
DA:41,6
DA:44,6
DA:49,6
DA:50,6
DA:52,6
DA:55,5
DA:56,5
DA:57,1
DA:61,1
DA:62,1
DA:65,5
DA:80,5
DA:83,1
DA:84,4
DA:85,4
DA:87,3
DA:88,3
DA:90,1
DA:91,1
DA:93,1
DA:94,1
DA:99,1
DA:102,1
DA:103,10
DA:104,10
DA:106,9
DA:107,9
DA:109,8
DA:110,8
DA:113,8
DA:114,8
DA:115,8
DA:116,8
DA:117,4
DA:118,4
DA:119,4
DA:120,3
DA:121,3
DA:123,3
DA:124,3
DA:125,2
DA:126,1
DA:132,8
DA:146,1
DA:147,4
DA:148,4
DA:150,3
DA:151,3
DA:154,2
DA:155,2
DA:156,2
DA:157,3
DA:158,3
DA:159,4
DA:160,4
DA:162,3
DA:165,2
LF:78
LH:78
BRDA:7,0,0,1
BRDA:7,0,1,10
BRDA:20,1,0,4
BRDA:20,1,1,3
BRDA:20,2,0,7
BRDA:20,2,1,3
BRDA:26,3,0,2
BRDA:26,3,1,0
BRDA:34,4,0,1
BRDA:34,4,1,7
BRDA:37,5,0,1
BRDA:37,5,1,6
BRDA:40,6,0,6
BRDA:40,6,1,0
BRDA:49,7,0,6
BRDA:49,7,1,5
BRDA:50,8,0,6
BRDA:50,8,1,6
BRDA:50,8,2,6
BRDA:52,9,0,1
BRDA:52,9,1,5
BRDA:56,10,0,1
BRDA:56,10,1,4
BRDA:85,11,0,1
BRDA:85,11,1,3
BRDA:88,12,0,2
BRDA:88,12,1,1
BRDA:88,13,0,3
BRDA:88,13,1,2
BRDA:90,14,0,1
BRDA:90,14,1,0
BRDA:104,15,0,1
BRDA:104,15,1,9
BRDA:107,16,0,1
BRDA:107,16,1,8
BRDA:109,17,0,8
BRDA:109,17,1,2
BRDA:110,18,0,1
BRDA:110,18,1,7
BRDA:115,19,0,8
BRDA:115,19,1,7
BRDA:116,20,0,4
BRDA:116,20,1,4
BRDA:116,21,0,8
BRDA:116,21,1,4
BRDA:124,22,0,1
BRDA:124,22,1,2
BRDA:125,23,0,1
BRDA:125,23,1,1
BRDA:137,24,0,8
BRDA:137,24,1,3
BRDA:148,25,0,1
BRDA:148,25,1,3
BRDA:151,26,0,1
BRDA:151,26,1,2
BRF:55
BRH:52
end_of_record
TN:
SF:handlers\company.js
FN:5,(anonymous_0)
FN:29,(anonymous_1)
FNF:2
FNH:2
FNDA:6,(anonymous_0)
FNDA:9,(anonymous_1)
DA:1,1
DA:2,1
DA:3,1
DA:5,1
DA:6,6
DA:7,6
DA:9,5
DA:10,5
DA:12,4
DA:29,1
DA:30,9
DA:31,9
DA:33,8
DA:34,8
DA:35,8
DA:37,8
DA:38,72
DA:41,8
DA:43,6
DA:44,6
DA:46,6
LF:21
LH:21
BRDA:7,0,0,1
BRDA:7,0,1,5
BRDA:10,1,0,1
BRDA:10,1,1,4
BRDA:23,2,0,4
BRDA:23,2,1,3
BRDA:24,3,0,4
BRDA:24,3,1,3
BRDA:25,4,0,4
BRDA:25,4,1,4
BRDA:31,5,0,1
BRDA:31,5,1,8
BRDA:33,6,0,8
BRDA:33,6,1,1
BRDA:38,7,0,7
BRDA:38,7,1,65
BRDA:41,8,0,2
BRDA:41,8,1,6
BRF:18
BRH:18
end_of_record
TN:
SF:handlers\email-forwarder.js
FN:10,(anonymous_0)
FNF:1
FNH:1
FNDA:8,(anonymous_0)
DA:1,1
DA:2,1
DA:4,1
DA:5,1
DA:7,1
DA:8,1
DA:10,1
DA:11,8
DA:12,9
DA:13,9
DA:14,9
DA:15,9
DA:16,9
DA:18,9
DA:20,9
DA:22,9
DA:27,8
DA:31,8
DA:37,8
DA:43,8
DA:44,7
DA:50,8
DA:56,7
DA:58,2
LF:24
LH:24
BRDA:14,0,0,9
BRDA:14,0,1,1
BRDA:15,1,0,9
BRDA:15,1,1,0
BRDA:16,2,0,9
BRDA:16,2,1,1
BRDA:43,3,0,7
BRDA:43,3,1,1
BRF:8
BRH:7
end_of_record
TN:
SF:handlers\estimates.js
FN:6,(anonymous_0)
FN:16,(anonymous_1)
FN:21,(anonymous_2)
FN:65,(anonymous_3)
FN:71,(anonymous_4)
FN:77,(anonymous_5)
FN:83,(anonymous_6)
FN:105,(anonymous_7)
FN:111,(anonymous_8)
FN:123,(anonymous_9)
FN:129,(anonymous_10)
FN:137,(anonymous_11)
FN:143,(anonymous_12)
FN:154,(anonymous_13)
FN:159,(anonymous_14)
FN:166,stripKeys
FN:171,canCreate
FNF:17
FNH:17
FNDA:5,(anonymous_0)
FNDA:1,(anonymous_1)
FNDA:14,(anonymous_2)
FNDA:3,(anonymous_3)
FNDA:1,(anonymous_4)
FNDA:6,(anonymous_5)
FNDA:4,(anonymous_6)
FNDA:3,(anonymous_7)
FNDA:1,(anonymous_8)
FNDA:3,(anonymous_9)
FNDA:1,(anonymous_10)
FNDA:3,(anonymous_11)
FNDA:1,(anonymous_12)
FNDA:3,(anonymous_13)
FNDA:3,(anonymous_14)
FNDA:14,stripKeys
FNDA:13,canCreate
DA:1,1
DA:2,1
DA:3,1
DA:4,1
DA:6,1
DA:7,5
DA:8,5
DA:10,4
DA:11,4
DA:13,4
DA:15,4
DA:16,1
DA:21,1
DA:22,14
DA:23,14
DA:26,13
DA:27,13
DA:29,6
DA:30,6
DA:31,6
DA:33,6
DA:61,6
DA:62,6
DA:65,1
DA:66,3
DA:67,3
DA:69,2
DA:70,2
DA:71,2
DA:73,2
DA:74,1
DA:77,1
DA:78,6
DA:79,6
DA:81,5
DA:82,5
DA:83,5
DA:84,5
DA:86,4
DA:87,4
DA:95,4
DA:96,4
DA:97,88
DA:99,4
DA:101,4
DA:102,4
DA:105,1
DA:106,3
DA:107,3
DA:109,2
DA:110,2
DA:111,2
DA:112,2
DA:115,1
DA:119,1
DA:123,1
DA:124,3
DA:125,3
DA:127,2
DA:128,2
DA:129,2
DA:130,2
DA:132,1
DA:133,1
DA:137,1
DA:138,3
DA:139,3
DA:141,2
DA:142,2
DA:143,2
DA:144,2
DA:146,1
DA:150,1
DA:154,1
DA:155,3
DA:156,3
DA:158,2
DA:159,3
DA:161,2
DA:167,14
DA:168,14
DA:172,13
DA:173,11
DA:174,7
DA:175,4
DA:177,3
LF:86
LH:86
BRDA:8,0,0,1
BRDA:8,0,1,4
BRDA:10,1,0,4
BRDA:10,1,1,2
BRDA:23,2,0,1
BRDA:23,2,1,13
BRDA:27,3,0,7
BRDA:27,3,1,6
BRDA:29,4,0,6
BRDA:29,4,1,0
BRDA:37,5,0,6
BRDA:37,5,1,4
BRDA:38,6,0,6
BRDA:38,6,1,6
BRDA:39,7,0,6
BRDA:39,7,1,6
BRDA:40,8,0,6
BRDA:40,8,1,5
BRDA:41,9,0,6
BRDA:41,9,1,6
BRDA:42,10,0,6
BRDA:42,10,1,5
BRDA:43,11,0,6
BRDA:43,11,1,6
BRDA:44,12,0,6
BRDA:44,12,1,6
BRDA:45,13,0,6
BRDA:45,13,1,6
BRDA:46,14,0,6
BRDA:46,14,1,6
BRDA:47,15,0,6
BRDA:47,15,1,6
BRDA:48,16,0,6
BRDA:48,16,1,6
BRDA:49,17,0,6
BRDA:49,17,1,6
BRDA:50,18,0,6
BRDA:50,18,1,6
BRDA:51,19,0,6
BRDA:51,19,1,6
BRDA:52,20,0,6
BRDA:52,20,1,6
BRDA:53,21,0,6
BRDA:53,21,1,6
BRDA:56,22,0,6
BRDA:56,22,1,6
BRDA:67,23,0,1
BRDA:67,23,1,2
BRDA:73,24,0,1
BRDA:73,24,1,1
BRDA:79,25,0,1
BRDA:79,25,1,5
BRDA:84,26,0,1
BRDA:84,26,1,4
BRDA:86,27,0,4
BRDA:86,27,1,0
BRDA:97,28,0,10
BRDA:97,28,1,78
BRDA:107,29,0,1
BRDA:107,29,1,2
BRDA:112,30,0,1
BRDA:112,30,1,1
BRDA:125,31,0,1
BRDA:125,31,1,2
BRDA:130,32,0,1
BRDA:130,32,1,1
BRDA:139,33,0,1
BRDA:139,33,1,2
BRDA:144,34,0,1
BRDA:144,34,1,1
BRDA:156,35,0,1
BRDA:156,35,1,2
BRDA:172,36,0,2
BRDA:172,36,1,11
BRDA:173,37,0,4
BRDA:173,37,1,7
BRDA:174,38,0,4
BRDA:174,38,1,3
BRF:78
BRH:76
end_of_record
TN:
SF:handlers\notifications.js
FN:5,(anonymous_0)
FN:12,(anonymous_1)
FN:20,(anonymous_2)
FN:29,(anonymous_3)
FN:52,stripKeys
FNF:5
FNH:5
FNDA:3,(anonymous_0)
FNDA:3,(anonymous_1)
FNDA:4,(anonymous_2)
FNDA:3,(anonymous_3)
FNDA:3,stripKeys
DA:1,1
DA:2,1
DA:3,1
DA:5,1
DA:6,3
DA:7,3
DA:9,2
DA:11,2
DA:12,3
DA:14,2
DA:20,1
DA:21,4
DA:22,4
DA:24,3
DA:26,3
DA:28,1
DA:29,3
DA:30,1
DA:31,2
DA:33,1
DA:36,2
DA:38,1
DA:39,1
DA:40,1
DA:41,2
DA:42,1
DA:43,1
DA:46,1
DA:49,1
DA:53,3
DA:54,3
LF:31
LH:31
BRDA:7,0,0,1
BRDA:7,0,1,2
BRDA:22,1,0,1
BRDA:22,1,1,3
BRDA:24,2,0,3
BRDA:24,2,1,0
BRDA:26,3,0,1
BRDA:26,3,1,2
BRDA:36,4,0,1
BRDA:36,4,1,1
BRDA:36,5,0,2
BRDA:36,5,1,1
BRDA:41,6,0,1
BRDA:41,6,1,1
BRDA:41,7,0,2
BRDA:41,7,1,1
BRF:16
BRH:15
end_of_record
TN:
SF:handlers\photos.js
FN:22,sanitizeFilename
FN:30,(anonymous_1)
FN:38,(anonymous_2)
FN:75,(anonymous_3)
FN:84,(anonymous_4)
FN:99,(anonymous_5)
FNF:6
FNH:6
FNDA:8,sanitizeFilename
FNDA:17,(anonymous_1)
FNDA:15,(anonymous_2)
FNDA:3,(anonymous_3)
FNDA:2,(anonymous_4)
FNDA:1,(anonymous_5)
DA:1,1
DA:2,1
DA:3,1
DA:4,1
DA:5,1
DA:6,1
DA:8,1
DA:9,1
DA:12,1
DA:19,1
DA:20,1
DA:24,8
DA:30,1
DA:31,17
DA:32,17
DA:34,16
DA:37,16
DA:38,16
DA:39,16
DA:41,15
DA:42,15
DA:43,1
DA:47,14
DA:48,5
DA:52,9
DA:53,1
DA:56,8
DA:57,8
DA:59,8
DA:67,8
DA:72,8
DA:75,1
DA:76,3
DA:77,3
DA:79,3
DA:80,3
DA:83,3
DA:84,3
DA:85,3
DA:88,2
DA:89,1
DA:93,1
DA:99,1
DA:100,1
DA:102,1
LF:45
LH:45
BRDA:32,0,0,1
BRDA:32,0,1,16
BRDA:39,1,0,1
BRDA:39,1,1,15
BRDA:41,2,0,15
BRDA:41,2,1,0
BRDA:42,3,0,1
BRDA:42,3,1,14
BRDA:42,4,0,15
BRDA:42,4,1,14
BRDA:47,5,0,5
BRDA:47,5,1,9
BRDA:52,6,0,1
BRDA:52,6,1,8
BRDA:52,7,0,9
BRDA:52,7,1,9
BRDA:77,8,0,0
BRDA:77,8,1,3
BRDA:85,9,0,1
BRDA:85,9,1,2
BRDA:88,10,0,1
BRDA:88,10,1,1
BRDA:99,11,0,1
BRDA:99,11,1,0
BRF:24
BRH:21
end_of_record
TN:
SF:handlers\reports.js
FN:5,(anonymous_0)
FN:21,(anonymous_1)
FN:26,(anonymous_2)
FN:32,(anonymous_3)
FN:33,(anonymous_4)
FN:34,(anonymous_5)
FN:37,(anonymous_6)
FN:38,(anonymous_7)
FN:42,(anonymous_8)
FN:49,(anonymous_9)
FN:58,(anonymous_10)
FN:62,(anonymous_11)
FN:67,(anonymous_12)
FN:68,(anonymous_13)
FN:81,getCutoff
FNF:15
FNH:14
FNDA:6,(anonymous_0)
FNDA:15,(anonymous_1)
FNDA:0,(anonymous_2)
FNDA:14,(anonymous_3)
FNDA:14,(anonymous_4)
FNDA:2,(anonymous_5)
FNDA:14,(anonymous_6)
FNDA:14,(anonymous_7)
FNDA:14,(anonymous_8)
FNDA:14,(anonymous_9)
FNDA:1,(anonymous_10)
FNDA:14,(anonymous_11)
FNDA:6,(anonymous_12)
FNDA:4,(anonymous_13)
FNDA:5,getCutoff
DA:1,1
DA:2,1
DA:3,1
DA:5,1
DA:6,6
DA:7,6
DA:9,5
DA:12,5
DA:13,5
DA:14,5
DA:15,5
DA:16,5
DA:17,5
DA:21,15
DA:24,5
DA:25,5
DA:26,0
DA:30,5
DA:32,14
DA:33,14
DA:34,5
DA:35,5
DA:37,14
DA:38,14
DA:41,5
DA:42,5
DA:43,14
DA:44,14
DA:48,5
DA:49,5
DA:50,14
DA:51,14
DA:52,14
DA:53,14
DA:54,14
DA:55,2
DA:58,5
DA:61,5
DA:62,5
DA:63,14
DA:64,14
DA:66,5
DA:67,6
DA:68,4
DA:70,5
DA:82,5
DA:83,5
DA:84,0
DA:85,0
DA:86,0
DA:87,5
LF:51
LH:47
BRDA:7,0,0,1
BRDA:7,0,1,5
BRDA:9,1,0,5
BRDA:9,1,1,5
BRDA:25,2,0,0
BRDA:25,2,1,5
BRDA:33,3,0,14
BRDA:33,3,1,13
BRDA:33,3,2,11
BRDA:34,4,0,2
BRDA:34,4,1,0
BRDA:35,5,0,1
BRDA:35,5,1,4
BRDA:37,6,0,14
BRDA:37,6,1,0
BRDA:38,7,0,4
BRDA:38,7,1,1
BRDA:43,8,0,14
BRDA:43,8,1,0
BRDA:44,9,0,14
BRDA:44,9,1,6
BRDA:52,10,0,5
BRDA:52,10,1,9
BRDA:54,11,0,2
BRDA:54,11,1,12
BRDA:55,12,0,2
BRDA:55,12,1,0
BRDA:63,13,0,14
BRDA:63,13,1,0
BRDA:64,14,0,14
BRDA:64,14,1,6
BRDA:83,15,0,0
BRDA:83,15,1,0
BRDA:83,15,2,0
BRDA:83,15,3,5
BRF:35
BRH:26
end_of_record
TN:
SF:handlers\roles.js
FN:36,(anonymous_0)
FN:44,(anonymous_1)
FN:59,(anonymous_2)
FN:72,(anonymous_3)
FN:88,(anonymous_4)
FN:102,(anonymous_5)
FN:120,(anonymous_6)
FN:143,(anonymous_7)
FN:158,(anonymous_8)
FN:167,checkPermission
FNF:10
FNH:10
FNDA:2,(anonymous_0)
FNDA:1,(anonymous_1)
FNDA:4,(anonymous_2)
FNDA:5,(anonymous_3)
FNDA:2,(anonymous_4)
FNDA:1,(anonymous_5)
FNDA:3,(anonymous_6)
FNDA:4,(anonymous_7)
FNDA:2,(anonymous_8)
FNDA:13,checkPermission
DA:1,1
DA:2,1
DA:3,1
DA:6,1
DA:20,1
DA:28,1
DA:36,1
DA:37,2
DA:38,2
DA:40,1
DA:43,1
DA:44,1
DA:45,1
DA:46,1
DA:55,1
DA:59,1
DA:60,4
DA:61,4
DA:64,4
DA:65,4
DA:67,4
DA:68,4
DA:69,4
DA:70,3
DA:72,5
DA:73,2
DA:75,2
DA:84,2
DA:88,1
DA:89,2
DA:90,2
DA:92,2
DA:93,2
DA:95,2
DA:96,2
DA:98,1
DA:99,1
DA:101,1
DA:102,1
DA:104,1
DA:105,1
DA:107,1
DA:109,1
DA:111,0
DA:113,1
DA:116,1
DA:120,1
DA:121,3
DA:122,3
DA:124,3
DA:125,3
DA:127,3
DA:128,3
DA:131,1
DA:132,1
DA:133,2
DA:134,1
DA:138,1
DA:139,1
DA:143,1
DA:144,4
DA:145,4
DA:147,4
DA:148,4
DA:150,4
DA:151,4
DA:152,4
DA:154,4
DA:155,4
DA:157,3
DA:158,3
DA:159,3
DA:160,2
DA:162,1
DA:163,1
DA:168,13
DA:169,13
DA:171,13
DA:172,13
DA:174,13
DA:175,13
DA:178,13
DA:181,0
DA:182,0
DA:186,0
DA:187,0
DA:189,0
DA:192,1
DA:193,1
LF:89
LH:83
BRDA:38,0,0,1
BRDA:38,0,1,1
BRDA:45,1,0,1
BRDA:45,1,1,0
BRDA:45,2,0,1
BRDA:45,2,1,1
BRDA:48,3,0,1
BRDA:48,3,1,0
BRDA:49,4,0,1
BRDA:49,4,1,0
BRDA:61,5,0,0
BRDA:61,5,1,4
BRDA:65,6,0,0
BRDA:65,6,1,4
BRDA:67,7,0,4
BRDA:67,7,1,0
BRDA:68,8,0,4
BRDA:68,8,1,0
BRDA:69,9,0,1
BRDA:69,9,1,3
BRDA:69,10,0,4
BRDA:69,10,1,4
BRDA:70,11,0,1
BRDA:70,11,1,2
BRDA:70,12,0,3
BRDA:70,12,1,2
BRDA:72,13,0,2
BRDA:72,13,1,0
BRDA:73,14,0,2
BRDA:73,14,1,1
BRDA:90,15,0,0
BRDA:90,15,1,2
BRDA:93,16,0,0
BRDA:93,16,1,2
BRDA:96,17,0,1
BRDA:96,17,1,1
BRDA:98,18,0,1
BRDA:98,18,1,0
BRDA:101,19,0,1
BRDA:101,19,1,0
BRDA:104,20,0,0
BRDA:104,20,1,1
BRDA:105,21,0,0
BRDA:105,21,1,1
BRDA:109,22,0,0
BRDA:109,22,1,1
BRDA:111,23,0,0
BRDA:111,23,1,0
BRDA:122,24,0,0
BRDA:122,24,1,3
BRDA:125,25,0,0
BRDA:125,25,1,3
BRDA:128,26,0,2
BRDA:128,26,1,1
BRDA:128,27,0,3
BRDA:128,27,1,2
BRDA:133,28,0,1
BRDA:133,28,1,1
BRDA:145,29,0,0
BRDA:145,29,1,4
BRDA:148,30,0,0
BRDA:148,30,1,4
BRDA:150,31,0,4
BRDA:150,31,1,0
BRDA:151,32,0,4
BRDA:151,32,1,0
BRDA:152,33,0,4
BRDA:152,33,1,0
BRDA:154,34,0,0
BRDA:154,34,1,4
BRDA:154,35,0,4
BRDA:154,35,1,4
BRDA:155,36,0,1
BRDA:155,36,1,3
BRDA:159,37,0,1
BRDA:159,37,1,2
BRDA:160,38,0,1
BRDA:160,38,1,1
BRDA:169,39,0,0
BRDA:169,39,1,13
BRDA:172,40,0,0
BRDA:172,40,1,13
BRDA:175,41,0,13
BRDA:175,41,1,0
BRDA:178,42,0,13
BRDA:178,42,1,0
BRDA:181,43,0,0
BRDA:181,43,1,0
BRDA:187,44,0,0
BRDA:187,44,1,0
BRDA:189,45,0,0
BRDA:189,45,1,0
BRF:92
BRH:57
end_of_record
TN:
SF:handlers\team.js
FN:7,(anonymous_0)
FN:15,(anonymous_1)
FN:22,(anonymous_2)
FN:23,(anonymous_3)
FN:32,(anonymous_4)
FN:42,(anonymous_5)
FN:63,(anonymous_6)
FN:74,(anonymous_7)
FN:82,(anonymous_8)
FN:94,(anonymous_9)
FNF:10
FNH:10
FNDA:2,(anonymous_0)
FNDA:2,(anonymous_1)
FNDA:2,(anonymous_2)
FNDA:1,(anonymous_3)
FNDA:5,(anonymous_4)
FNDA:1,(anonymous_5)
FNDA:2,(anonymous_6)
FNDA:3,(anonymous_7)
FNDA:2,(anonymous_8)
FNDA:3,(anonymous_9)
DA:1,1
DA:2,1
DA:3,1
DA:4,1
DA:7,1
DA:8,2
DA:9,2
DA:11,1
DA:12,1
DA:14,1
DA:15,2
DA:22,2
DA:23,1
DA:32,1
DA:33,5
DA:34,5
DA:36,4
DA:37,4
DA:38,4
DA:41,2
DA:42,2
DA:43,2
DA:45,1
DA:46,1
DA:48,1
DA:59,1
DA:63,1
DA:64,2
DA:65,2
DA:67,1
DA:68,1
DA:70,1
DA:74,1
DA:75,3
DA:76,3
DA:78,3
DA:81,3
DA:82,3
DA:83,3
DA:86,2
DA:87,2
DA:89,1
DA:90,1
DA:94,1
DA:95,3
DA:97,3
DA:98,3
DA:100,2
DA:101,2
DA:103,1
DA:104,1
DA:106,1
LF:52
LH:52
BRDA:9,0,0,1
BRDA:9,0,1,1
BRDA:34,1,0,1
BRDA:34,1,1,4
BRDA:36,2,0,4
BRDA:36,2,1,0
BRDA:37,3,0,4
BRDA:37,3,1,1
BRDA:38,4,0,2
BRDA:38,4,1,2
BRDA:38,5,0,4
BRDA:38,5,1,3
BRDA:43,6,0,1
BRDA:43,6,1,1
BRDA:65,7,0,1
BRDA:65,7,1,1
BRDA:76,8,0,0
BRDA:76,8,1,3
BRDA:83,9,0,1
BRDA:83,9,1,2
BRDA:87,10,0,1
BRDA:87,10,1,1
BRDA:98,11,0,1
BRDA:98,11,1,2
BRDA:101,12,0,1
BRDA:101,12,1,1
BRDA:108,13,0,1
BRDA:108,13,1,0
BRF:28
BRH:25
end_of_record
TN:
SF:handlers\webhook.js
FN:4,getStripe
FN:9,(anonymous_1)
FN:94,findCompanyByStripeId
FNF:3
FNH:3
FNDA:10,getStripe
FNDA:10,(anonymous_1)
FNDA:8,findCompanyByStripeId
DA:1,10
DA:5,10
DA:6,10
DA:9,10
DA:10,10
DA:11,10
DA:14,10
DA:15,10
DA:21,1
DA:22,1
DA:25,9
DA:27,9
DA:29,2
DA:30,2
DA:31,2
DA:32,2
DA:34,1
DA:35,1
DA:36,1
DA:37,1
DA:38,1
DA:39,1
DA:40,1
DA:42,1
DA:48,2
DA:52,4
DA:53,4
DA:54,4
DA:55,4
DA:59,4
DA:64,4
DA:68,1
DA:69,1
DA:70,1
DA:71,1
DA:76,1
DA:80,1
DA:81,1
DA:82,1
DA:83,1
DA:87,1
DA:91,9
DA:96,8
DA:97,8
DA:98,8
DA:99,8
DA:101,8
DA:110,8
DA:111,7
DA:113,1
LF:50
LH:50
BRDA:5,0,0,10
BRDA:5,0,1,0
BRDA:27,1,0,2
BRDA:27,1,1,4
BRDA:27,1,2,1
BRDA:27,1,3,1
BRDA:32,2,0,1
BRDA:32,2,1,1
BRDA:32,3,0,2
BRDA:32,3,1,1
BRDA:38,4,0,0
BRDA:38,4,1,1
BRDA:39,5,0,0
BRDA:39,5,1,1
BRDA:54,6,0,4
BRDA:54,6,1,0
BRDA:55,7,0,1
BRDA:55,7,1,3
BRDA:56,8,0,1
BRDA:56,8,1,2
BRDA:57,9,0,1
BRDA:57,9,1,1
BRDA:70,10,0,1
BRDA:70,10,1,0
BRDA:82,11,0,1
BRDA:82,11,1,0
BRDA:110,12,0,7
BRDA:110,12,1,1
BRDA:110,13,0,8
BRDA:110,13,1,8
BRF:30
BRH:24
end_of_record
TN:
SF:handlers\lib\auth.js
FN:3,(anonymous_0)
FN:12,(anonymous_1)
FNF:2
FNH:2
FNDA:9,(anonymous_0)
FNDA:4,(anonymous_1)
DA:2,1
DA:4,9
DA:5,9
DA:6,4
DA:13,4
DA:14,4
DA:16,3
DA:17,3
DA:20,2
LF:9
LH:9
BRDA:5,0,0,5
BRDA:5,0,1,4
BRDA:14,1,0,1
BRDA:14,1,1,3
BRDA:17,2,0,1
BRDA:17,2,1,2
BRF:6
BRH:6
end_of_record
TN:
SF:handlers\lib\dynamo.js
FN:9,(anonymous_0)
FN:14,(anonymous_1)
FN:19,(anonymous_2)
FN:21,(anonymous_3)
FN:24,(anonymous_4)
FN:40,(anonymous_5)
FN:44,(anonymous_6)
FN:61,(anonymous_7)
FNF:8
FNH:5
FNDA:0,(anonymous_0)
FNDA:17,(anonymous_1)
FNDA:1,(anonymous_2)
FNDA:3,(anonymous_3)
FNDA:3,(anonymous_4)
FNDA:0,(anonymous_5)
FNDA:0,(anonymous_6)
FNDA:2,(anonymous_7)
DA:1,9
DA:2,9
DA:4,9
DA:5,9
DA:6,9
DA:8,9
DA:10,0
DA:11,0
DA:15,17
DA:16,17
DA:20,1
DA:21,3
DA:22,1
DA:23,1
DA:24,1
DA:25,3
DA:26,3
DA:29,1
DA:37,1
DA:41,0
DA:45,0
DA:52,0
DA:54,0
DA:55,0
DA:62,2
DA:68,2
LF:26
LH:19
BRDA:44,0,0,0
BRDA:52,1,0,0
BRDA:52,1,1,0
BRDA:56,2,0,0
BRDA:56,2,1,0
BRDA:57,3,0,0
BRDA:57,3,1,0
BRDA:68,4,0,2
BRDA:68,4,1,0
BRF:9
BRH:1
end_of_record
TN:
SF:handlers\lib\notify.js
FN:7,notify
FNF:1
FNH:0
FNDA:0,notify
DA:1,0
DA:8,0
DA:9,0
DA:10,0
DA:12,0
DA:25,0
DA:26,0
DA:29,0
LF:8
LH:0
BRDA:16,0,0,0
BRDA:16,0,1,0
BRDA:18,1,0,0
BRDA:18,1,1,0
BRDA:19,2,0,0
BRDA:19,2,1,0
BRF:6
BRH:0
end_of_record
TN:
SF:handlers\lib\response.js
FN:2,(anonymous_0)
FN:5,(anonymous_1)
FN:8,(anonymous_2)
FN:11,(anonymous_3)
FN:14,(anonymous_4)
FN:17,(anonymous_5)
FNF:6
FNH:6
FNDA:75,(anonymous_0)
FNDA:11,(anonymous_1)
FNDA:29,(anonymous_2)
FNDA:34,(anonymous_3)
FNDA:20,(anonymous_4)
FNDA:3,(anonymous_5)
DA:1,10
DA:3,75
DA:6,11
DA:9,29
DA:12,34
DA:15,20
DA:18,3
LF:7
LH:7
BRDA:12,0,0,34
BRDA:12,0,1,23
BRDA:15,1,0,20
BRDA:15,1,1,13
BRDA:18,2,0,3
BRDA:18,2,1,2
BRF:6
BRH:6
end_of_record
